<?xml version="1.0" encoding="UTF-8"?>
<coverage generated="1698661209019" clover="3.2.0">
  <project timestamp="1698661209019" name="All files">
    <metrics statements="778" coveredstatements="626" conditionals="1041" coveredconditionals="739" methods="297" coveredmethods="220" elements="2116" coveredelements="1585" complexity="0" loc="778" ncloc="778" packages="61" files="130" classes="130"/>
    <package name="components.elements.ClientInfo">
      <metrics statements="16" coveredstatements="13" conditionals="11" coveredconditionals="8" methods="11" coveredmethods="8"/>
      <file name="ClientInfo.tsx" path="/Users/xmta/Work/void/rma-sinitres/packages/design-system/src/components/elements/ClientInfo/ClientInfo.tsx">
        <metrics statements="12" coveredstatements="10" conditionals="9" coveredconditionals="7" methods="9" coveredmethods="7"/>
        <line num="72" count="1" type="cond" truecount="1" falsecount="0"/>
        <line num="73" count="6" type="stmt"/>
        <line num="85" count="23" type="stmt"/>
        <line num="101" count="29" type="stmt"/>
        <line num="120" count="1" type="stmt"/>
        <line num="126" count="1" type="stmt"/>
        <line num="130" count="0" type="stmt"/>
        <line num="139" count="0" type="stmt"/>
        <line num="145" count="4" type="stmt"/>
        <line num="152" count="1" type="stmt"/>
        <line num="156" count="4" type="stmt"/>
        <line num="176" count="6" type="stmt"/>
      </file>
      <file name="SharedComponent.tsx" path="/Users/xmta/Work/void/rma-sinitres/packages/design-system/src/components/elements/ClientInfo/SharedComponent.tsx">
        <metrics statements="3" coveredstatements="2" conditionals="2" coveredconditionals="1" methods="2" coveredmethods="1"/>
        <line num="21" count="1" type="stmt"/>
        <line num="26" count="0" type="stmt"/>
        <line num="29" count="1" type="stmt"/>
      </file>
      <file name="theme.ts" path="/Users/xmta/Work/void/rma-sinitres/packages/design-system/src/components/elements/ClientInfo/theme.ts">
        <metrics statements="1" coveredstatements="1" conditionals="0" coveredconditionals="0" methods="0" coveredmethods="0"/>
        <line num="1" count="1" type="stmt"/>
      </file>
      <file name="types.ts" path="/Users/xmta/Work/void/rma-sinitres/packages/design-system/src/components/elements/ClientInfo/types.ts">
        <metrics statements="0" coveredstatements="0" conditionals="0" coveredconditionals="0" methods="0" coveredmethods="0"/>
      </file>
    </package>
    <package name="components.elements.Constats">
      <metrics statements="38" coveredstatements="30" conditionals="12" coveredconditionals="5" methods="17" coveredmethods="11"/>
      <file name="ConstatCheckboxLine.tsx" path="/Users/xmta/Work/void/rma-sinitres/packages/design-system/src/components/elements/Constats/ConstatCheckboxLine.tsx">
        <metrics statements="6" coveredstatements="5" conditionals="3" coveredconditionals="1" methods="3" coveredmethods="2"/>
        <line num="43" count="1" type="stmt"/>
        <line num="54" count="2" type="stmt"/>
        <line num="55" count="1" type="stmt"/>
        <line num="58" count="2" type="stmt"/>
        <line num="59" count="0" type="stmt"/>
        <line num="62" count="2" type="stmt"/>
      </file>
      <file name="ConstatClientInfo.tsx" path="/Users/xmta/Work/void/rma-sinitres/packages/design-system/src/components/elements/Constats/ConstatClientInfo.tsx">
        <metrics statements="7" coveredstatements="6" conditionals="0" coveredconditionals="0" methods="3" coveredmethods="2"/>
        <line num="7" count="1" type="stmt"/>
        <line num="22" count="1" type="stmt"/>
        <line num="23" count="3" type="stmt"/>
        <line num="36" count="1" type="stmt"/>
        <line num="37" count="5" type="stmt"/>
        <line num="38" count="0" type="stmt"/>
        <line num="41" count="5" type="stmt"/>
      </file>
      <file name="Constats.tsx" path="/Users/xmta/Work/void/rma-sinitres/packages/design-system/src/components/elements/Constats/Constats.tsx">
        <metrics statements="14" coveredstatements="10" conditionals="9" coveredconditionals="4" methods="6" coveredmethods="4"/>
        <line num="72" count="1" type="cond" truecount="0" falsecount="1"/>
        <line num="73" count="2" type="stmt"/>
        <line num="74" count="2" type="stmt"/>
        <line num="76" count="2" type="stmt"/>
        <line num="77" count="1" type="stmt"/>
        <line num="78" count="1" type="stmt"/>
        <line num="79" count="1" type="cond" truecount="1" falsecount="1"/>
        <line num="80" count="1" type="stmt"/>
        <line num="86" count="0" type="stmt"/>
        <line num="91" count="2" type="stmt"/>
        <line num="92" count="0" type="stmt"/>
        <line num="93" count="0" type="stmt"/>
        <line num="96" count="0" type="stmt"/>
        <line num="99" count="2" type="stmt"/>
      </file>
      <file name="ConstatsCheckboxes.tsx" path="/Users/xmta/Work/void/rma-sinitres/packages/design-system/src/components/elements/Constats/ConstatsCheckboxes.tsx">
        <metrics statements="3" coveredstatements="3" conditionals="0" coveredconditionals="0" methods="2" coveredmethods="2"/>
        <line num="22" count="1" type="stmt"/>
        <line num="27" count="2" type="stmt"/>
        <line num="34" count="2" type="stmt"/>
      </file>
      <file name="ConstatsVehicule.tsx" path="/Users/xmta/Work/void/rma-sinitres/packages/design-system/src/components/elements/Constats/ConstatsVehicule.tsx">
        <metrics statements="8" coveredstatements="6" conditionals="0" coveredconditionals="0" methods="3" coveredmethods="1"/>
        <line num="8" count="1" type="stmt"/>
        <line num="23" count="1" type="stmt"/>
        <line num="48" count="1" type="stmt"/>
        <line num="49" count="0" type="stmt"/>
        <line num="52" count="1" type="stmt"/>
        <line num="53" count="0" type="stmt"/>
        <line num="56" count="1" type="stmt"/>
        <line num="57" count="4" type="stmt"/>
      </file>
    </package>
    <package name="components.elements.Heading">
      <metrics statements="3" coveredstatements="3" conditionals="9" coveredconditionals="9" methods="1" coveredmethods="1"/>
      <file name="Heading.tsx" path="/Users/xmta/Work/void/rma-sinitres/packages/design-system/src/components/elements/Heading/Heading.tsx">
        <metrics statements="2" coveredstatements="2" conditionals="9" coveredconditionals="9" methods="1" coveredmethods="1"/>
        <line num="49" count="3" type="stmt"/>
        <line num="58" count="7" type="stmt"/>
      </file>
      <file name="theme.ts" path="/Users/xmta/Work/void/rma-sinitres/packages/design-system/src/components/elements/Heading/theme.ts">
        <metrics statements="1" coveredstatements="1" conditionals="0" coveredconditionals="0" methods="0" coveredmethods="0"/>
        <line num="1" count="3" type="stmt"/>
      </file>
    </package>
    <package name="components.elements.accordion">
      <metrics statements="19" coveredstatements="19" conditionals="20" coveredconditionals="18" methods="12" coveredmethods="12"/>
      <file name="Accordion.tsx" path="/Users/xmta/Work/void/rma-sinitres/packages/design-system/src/components/elements/accordion/Accordion.tsx">
        <metrics statements="18" coveredstatements="18" conditionals="20" coveredconditionals="18" methods="12" coveredmethods="12"/>
        <line num="83" count="1" type="stmt"/>
        <line num="92" count="12" type="stmt"/>
        <line num="93" count="15" type="stmt"/>
        <line num="102" count="12" type="stmt"/>
        <line num="103" count="8" type="stmt"/>
        <line num="104" count="8" type="cond" truecount="2" falsecount="0"/>
        <line num="105" count="6" type="stmt"/>
        <line num="106" count="6" type="stmt"/>
        <line num="107" count="18" type="cond" truecount="2" falsecount="0"/>
        <line num="111" count="2" type="stmt"/>
        <line num="112" count="2" type="stmt"/>
        <line num="113" count="6" type="stmt"/>
        <line num="125" count="12" type="stmt"/>
        <line num="126" count="66" type="stmt"/>
        <line num="129" count="12" type="stmt"/>
        <line num="132" count="33" type="stmt"/>
        <line num="133" count="33" type="stmt"/>
        <line num="143" count="8" type="stmt"/>
      </file>
      <file name="theme.ts" path="/Users/xmta/Work/void/rma-sinitres/packages/design-system/src/components/elements/accordion/theme.ts">
        <metrics statements="1" coveredstatements="1" conditionals="0" coveredconditionals="0" methods="0" coveredmethods="0"/>
        <line num="2" count="1" type="stmt"/>
      </file>
    </package>
    <package name="components.elements.autocomplete">
      <metrics statements="24" coveredstatements="22" conditionals="32" coveredconditionals="27" methods="10" coveredmethods="9"/>
      <file name="Autocomplete.tsx" path="/Users/xmta/Work/void/rma-sinitres/packages/design-system/src/components/elements/autocomplete/Autocomplete.tsx">
        <metrics statements="23" coveredstatements="21" conditionals="32" coveredconditionals="27" methods="10" coveredmethods="9"/>
        <line num="65" count="1" type="stmt"/>
        <line num="76" count="11" type="stmt"/>
        <line num="77" count="11" type="stmt"/>
        <line num="80" count="8" type="cond" truecount="2" falsecount="0"/>
        <line num="81" count="1" type="stmt"/>
        <line num="82" count="1" type="stmt"/>
        <line num="84" count="1" type="cond" truecount="1" falsecount="1"/>
        <line num="85" count="0" type="stmt"/>
        <line num="87" count="1" type="cond" truecount="1" falsecount="1"/>
        <line num="88" count="1" type="stmt"/>
        <line num="90" count="7" type="stmt"/>
        <line num="95" count="11" type="cond" truecount="2" falsecount="0"/>
        <line num="98" count="6" type="stmt"/>
        <line num="107" count="11" type="stmt"/>
        <line num="108" count="1" type="stmt"/>
        <line num="109" count="1" type="cond" truecount="1" falsecount="1"/>
        <line num="110" count="1" type="stmt"/>
        <line num="113" count="11" type="stmt"/>
        <line num="134" count="2" type="stmt"/>
        <line num="156" count="0" type="stmt"/>
        <line num="171" count="28" type="stmt"/>
        <line num="174" count="17" type="stmt"/>
        <line num="186" count="17" type="stmt"/>
      </file>
      <file name="theme.ts" path="/Users/xmta/Work/void/rma-sinitres/packages/design-system/src/components/elements/autocomplete/theme.ts">
        <metrics statements="1" coveredstatements="1" conditionals="0" coveredconditionals="0" methods="0" coveredmethods="0"/>
        <line num="1" count="1" type="stmt"/>
      </file>
    </package>
    <package name="components.elements.avatar">
      <metrics statements="8" coveredstatements="8" conditionals="9" coveredconditionals="9" methods="1" coveredmethods="1"/>
      <file name="Avatar.tsx" path="/Users/xmta/Work/void/rma-sinitres/packages/design-system/src/components/elements/avatar/Avatar.tsx">
        <metrics statements="7" coveredstatements="7" conditionals="9" coveredconditionals="9" methods="1" coveredmethods="1"/>
        <line num="8" count="2" type="stmt"/>
        <line num="44" count="2" type="stmt"/>
        <line num="54" count="4" type="cond" truecount="2" falsecount="0"/>
        <line num="55" count="1" type="stmt"/>
        <line num="69" count="3" type="cond" truecount="2" falsecount="0"/>
        <line num="70" count="1" type="stmt"/>
        <line num="87" count="2" type="stmt"/>
      </file>
      <file name="theme.ts" path="/Users/xmta/Work/void/rma-sinitres/packages/design-system/src/components/elements/avatar/theme.ts">
        <metrics statements="1" coveredstatements="1" conditionals="0" coveredconditionals="0" methods="0" coveredmethods="0"/>
        <line num="1" count="2" type="stmt"/>
      </file>
    </package>
    <package name="components.elements.badge">
      <metrics statements="5" coveredstatements="5" conditionals="7" coveredconditionals="6" methods="1" coveredmethods="1"/>
      <file name="Badge.tsx" path="/Users/xmta/Work/void/rma-sinitres/packages/design-system/src/components/elements/badge/Badge.tsx">
        <metrics statements="4" coveredstatements="4" conditionals="7" coveredconditionals="6" methods="1" coveredmethods="1"/>
        <line num="56" count="11" type="stmt"/>
        <line num="65" count="11" type="stmt"/>
        <line num="75" count="17" type="cond" truecount="2" falsecount="0"/>
        <line num="76" count="17" type="stmt"/>
      </file>
      <file name="theme.ts" path="/Users/xmta/Work/void/rma-sinitres/packages/design-system/src/components/elements/badge/theme.ts">
        <metrics statements="1" coveredstatements="1" conditionals="0" coveredconditionals="0" methods="0" coveredmethods="0"/>
        <line num="1" count="11" type="stmt"/>
      </file>
    </package>
    <package name="components.elements.breadcrumb">
      <metrics statements="6" coveredstatements="6" conditionals="33" coveredconditionals="19" methods="2" coveredmethods="2"/>
      <file name="Breadcrumb.tsx" path="/Users/xmta/Work/void/rma-sinitres/packages/design-system/src/components/elements/breadcrumb/Breadcrumb.tsx">
        <metrics statements="5" coveredstatements="5" conditionals="33" coveredconditionals="19" methods="2" coveredmethods="2"/>
        <line num="60" count="1" type="stmt"/>
        <line num="68" count="3" type="cond" truecount="3" falsecount="2"/>
        <line num="73" count="3" type="stmt"/>
        <line num="75" count="3" type="stmt"/>
        <line num="92" count="3" type="stmt"/>
      </file>
      <file name="theme.ts" path="/Users/xmta/Work/void/rma-sinitres/packages/design-system/src/components/elements/breadcrumb/theme.ts">
        <metrics statements="1" coveredstatements="1" conditionals="0" coveredconditionals="0" methods="0" coveredmethods="0"/>
        <line num="1" count="1" type="stmt"/>
      </file>
    </package>
    <package name="components.elements.button">
      <metrics statements="8" coveredstatements="8" conditionals="36" coveredconditionals="33" methods="2" coveredmethods="2"/>
      <file name="Button.tsx" path="/Users/xmta/Work/void/rma-sinitres/packages/design-system/src/components/elements/button/Button.tsx">
        <metrics statements="7" coveredstatements="7" conditionals="36" coveredconditionals="33" methods="2" coveredmethods="2"/>
        <line num="26" count="13" type="stmt"/>
        <line num="31" count="74" type="stmt"/>
        <line num="106" count="13" type="stmt"/>
        <line num="127" count="81" type="cond" truecount="2" falsecount="0"/>
        <line num="129" count="81" type="cond" truecount="4" falsecount="0"/>
        <line num="130" count="4" type="stmt"/>
        <line num="133" count="77" type="stmt"/>
      </file>
      <file name="theme.ts" path="/Users/xmta/Work/void/rma-sinitres/packages/design-system/src/components/elements/button/theme.ts">
        <metrics statements="1" coveredstatements="1" conditionals="0" coveredconditionals="0" methods="0" coveredmethods="0"/>
        <line num="1" count="13" type="stmt"/>
      </file>
    </package>
    <package name="components.elements.card-image-link">
      <metrics statements="2" coveredstatements="2" conditionals="5" coveredconditionals="3" methods="1" coveredmethods="1"/>
      <file name="CardImageLink.tsx" path="/Users/xmta/Work/void/rma-sinitres/packages/design-system/src/components/elements/card-image-link/CardImageLink.tsx">
        <metrics statements="2" coveredstatements="2" conditionals="5" coveredconditionals="3" methods="1" coveredmethods="1"/>
        <line num="37" count="1" type="stmt"/>
        <line num="44" count="1" type="stmt"/>
      </file>
    </package>
    <package name="components.elements.card-profile">
      <metrics statements="2" coveredstatements="2" conditionals="4" coveredconditionals="4" methods="1" coveredmethods="1"/>
      <file name="CardProfile.tsx" path="/Users/xmta/Work/void/rma-sinitres/packages/design-system/src/components/elements/card-profile/CardProfile.tsx">
        <metrics statements="2" coveredstatements="2" conditionals="4" coveredconditionals="4" methods="1" coveredmethods="1"/>
        <line num="31" count="1" type="stmt"/>
        <line num="37" count="1" type="stmt"/>
      </file>
    </package>
    <package name="components.elements.card-recap">
      <metrics statements="4" coveredstatements="3" conditionals="9" coveredconditionals="7" methods="3" coveredmethods="2"/>
      <file name="CardRecap.tsx" path="/Users/xmta/Work/void/rma-sinitres/packages/design-system/src/components/elements/card-recap/CardRecap.tsx">
        <metrics statements="4" coveredstatements="3" conditionals="9" coveredconditionals="7" methods="3" coveredmethods="2"/>
        <line num="54" count="1" type="stmt"/>
        <line num="64" count="1" type="stmt"/>
        <line num="95" count="4" type="stmt"/>
        <line num="110" count="0" type="stmt"/>
      </file>
    </package>
    <package name="components.elements.card-releve">
      <metrics statements="2" coveredstatements="2" conditionals="0" coveredconditionals="0" methods="1" coveredmethods="1"/>
      <file name="CardReleve.tsx" path="/Users/xmta/Work/void/rma-sinitres/packages/design-system/src/components/elements/card-releve/CardReleve.tsx">
        <metrics statements="2" coveredstatements="2" conditionals="0" coveredconditionals="0" methods="1" coveredmethods="1"/>
        <line num="22" count="1" type="stmt"/>
        <line num="23" count="1" type="stmt"/>
      </file>
    </package>
    <package name="components.elements.card-with-icon">
      <metrics statements="3" coveredstatements="3" conditionals="4" coveredconditionals="3" methods="2" coveredmethods="2"/>
      <file name="CardWithIcon.tsx" path="/Users/xmta/Work/void/rma-sinitres/packages/design-system/src/components/elements/card-with-icon/CardWithIcon.tsx">
        <metrics statements="3" coveredstatements="3" conditionals="4" coveredconditionals="3" methods="2" coveredmethods="2"/>
        <line num="47" count="1" type="stmt"/>
        <line num="55" count="1" type="stmt"/>
        <line num="81" count="4" type="stmt"/>
      </file>
    </package>
    <package name="components.elements.container">
      <metrics statements="6" coveredstatements="6" conditionals="4" coveredconditionals="3" methods="1" coveredmethods="1"/>
      <file name="Container.tsx" path="/Users/xmta/Work/void/rma-sinitres/packages/design-system/src/components/elements/container/Container.tsx">
        <metrics statements="2" coveredstatements="2" conditionals="4" coveredconditionals="3" methods="1" coveredmethods="1"/>
        <line num="35" count="1" type="stmt"/>
        <line num="43" count="1" type="stmt"/>
      </file>
      <file name="theme.ts" path="/Users/xmta/Work/void/rma-sinitres/packages/design-system/src/components/elements/container/theme.ts">
        <metrics statements="4" coveredstatements="4" conditionals="0" coveredconditionals="0" methods="0" coveredmethods="0"/>
        <line num="1" count="1" type="stmt"/>
        <line num="23" count="1" type="stmt"/>
        <line num="30" count="1" type="stmt"/>
        <line num="40" count="1" type="stmt"/>
      </file>
    </package>
    <package name="components.elements.dropdown">
      <metrics statements="6" coveredstatements="4" conditionals="15" coveredconditionals="8" methods="4" coveredmethods="2"/>
      <file name="Dropdown.tsx" path="/Users/xmta/Work/void/rma-sinitres/packages/design-system/src/components/elements/dropdown/Dropdown.tsx">
        <metrics statements="5" coveredstatements="3" conditionals="15" coveredconditionals="8" methods="4" coveredmethods="2"/>
        <line num="57" count="1" type="stmt"/>
        <line num="65" count="1" type="stmt"/>
        <line num="74" count="1" type="stmt"/>
        <line num="112" count="0" type="stmt"/>
        <line num="114" count="0" type="stmt"/>
      </file>
      <file name="theme.ts" path="/Users/xmta/Work/void/rma-sinitres/packages/design-system/src/components/elements/dropdown/theme.ts">
        <metrics statements="1" coveredstatements="1" conditionals="0" coveredconditionals="0" methods="0" coveredmethods="0"/>
        <line num="1" count="1" type="stmt"/>
      </file>
    </package>
    <package name="components.elements.fiche-client">
      <metrics statements="4" coveredstatements="4" conditionals="3" coveredconditionals="3" methods="2" coveredmethods="2"/>
      <file name="FicheInfoCard.tsx" path="/Users/xmta/Work/void/rma-sinitres/packages/design-system/src/components/elements/fiche-client/FicheInfoCard.tsx">
        <metrics statements="3" coveredstatements="3" conditionals="3" coveredconditionals="3" methods="2" coveredmethods="2"/>
        <line num="50" count="1" type="stmt"/>
        <line num="58" count="1" type="stmt"/>
        <line num="72" count="4" type="stmt"/>
      </file>
      <file name="theme.ts" path="/Users/xmta/Work/void/rma-sinitres/packages/design-system/src/components/elements/fiche-client/theme.ts">
        <metrics statements="1" coveredstatements="1" conditionals="0" coveredconditionals="0" methods="0" coveredmethods="0"/>
        <line num="1" count="1" type="stmt"/>
      </file>
    </package>
    <package name="components.elements.form-elements.checkbox">
      <metrics statements="3" coveredstatements="3" conditionals="25" coveredconditionals="20" methods="1" coveredmethods="1"/>
      <file name="Checkbox.tsx" path="/Users/xmta/Work/void/rma-sinitres/packages/design-system/src/components/elements/form-elements/checkbox/Checkbox.tsx">
        <metrics statements="2" coveredstatements="2" conditionals="25" coveredconditionals="20" methods="1" coveredmethods="1"/>
        <line num="62" count="6" type="stmt"/>
        <line num="74" count="8" type="stmt"/>
      </file>
      <file name="theme.ts" path="/Users/xmta/Work/void/rma-sinitres/packages/design-system/src/components/elements/form-elements/checkbox/theme.ts">
        <metrics statements="1" coveredstatements="1" conditionals="0" coveredconditionals="0" methods="0" coveredmethods="0"/>
        <line num="1" count="6" type="stmt"/>
      </file>
    </package>
    <package name="components.elements.form-elements.checkbox-group">
      <metrics statements="22" coveredstatements="12" conditionals="7" coveredconditionals="3" methods="7" coveredmethods="4"/>
      <file name="CheckboxGroup.tsx" path="/Users/xmta/Work/void/rma-sinitres/packages/design-system/src/components/elements/form-elements/checkbox-group/CheckboxGroup.tsx">
        <metrics statements="22" coveredstatements="12" conditionals="7" coveredconditionals="3" methods="7" coveredmethods="4"/>
        <line num="51" count="1" type="stmt"/>
        <line num="59" count="1" type="stmt"/>
        <line num="64" count="1" type="stmt"/>
        <line num="65" count="0" type="stmt"/>
        <line num="66" count="0" type="stmt"/>
        <line num="67" count="0" type="cond" truecount="0" falsecount="2"/>
        <line num="68" count="0" type="stmt"/>
        <line num="69" count="0" type="stmt"/>
        <line num="70" count="0" type="stmt"/>
        <line num="72" count="0" type="stmt"/>
        <line num="73" count="0" type="stmt"/>
        <line num="75" count="0" type="stmt"/>
        <line num="76" count="0" type="stmt"/>
        <line num="84" count="1" type="stmt"/>
        <line num="85" count="3" type="stmt"/>
        <line num="86" count="3" type="stmt"/>
        <line num="88" count="3" type="cond" truecount="2" falsecount="0"/>
        <line num="89" count="1" type="stmt"/>
        <line num="91" count="2" type="stmt"/>
        <line num="94" count="1" type="stmt"/>
        <line num="97" count="3" type="stmt"/>
        <line num="98" count="3" type="stmt"/>
      </file>
    </package>
    <package name="components.elements.form-elements.datePicker">
      <metrics statements="123" coveredstatements="90" conditionals="101" coveredconditionals="69" methods="25" coveredmethods="19"/>
      <file name="DatePicker.tsx" path="/Users/xmta/Work/void/rma-sinitres/packages/design-system/src/components/elements/form-elements/datePicker/DatePicker.tsx">
        <metrics statements="41" coveredstatements="33" conditionals="25" coveredconditionals="16" methods="9" coveredmethods="6"/>
        <line num="19" count="2" type="stmt"/>
        <line num="24" count="19" type="cond" truecount="1" falsecount="1"/>
        <line num="38" count="2" type="stmt"/>
        <line num="52" count="19" type="stmt"/>
        <line num="53" count="19" type="cond" truecount="1" falsecount="1"/>
        <line num="54" count="19" type="stmt"/>
        <line num="55" count="19" type="cond" truecount="2" falsecount="0"/>
        <line num="56" count="19" type="stmt"/>
        <line num="57" count="19" type="stmt"/>
        <line num="58" count="1" type="stmt"/>
        <line num="59" count="1" type="stmt"/>
        <line num="60" count="1" type="stmt"/>
        <line num="61" count="1" type="stmt"/>
        <line num="62" count="1" type="stmt"/>
        <line num="63" count="1" type="cond" truecount="1" falsecount="1"/>
        <line num="64" count="1" type="stmt"/>
        <line num="66" count="0" type="stmt"/>
        <line num="70" count="19" type="stmt"/>
        <line num="71" count="1" type="cond" truecount="1" falsecount="1"/>
        <line num="72" count="0" type="stmt"/>
        <line num="75" count="1" type="stmt"/>
        <line num="78" count="1" type="cond" truecount="1" falsecount="1"/>
        <line num="79" count="1" type="stmt"/>
        <line num="83" count="1" type="cond" truecount="1" falsecount="1"/>
        <line num="84" count="1" type="stmt"/>
        <line num="89" count="1" type="stmt"/>
        <line num="92" count="19" type="stmt"/>
        <line num="93" count="1" type="stmt"/>
        <line num="94" count="1" type="cond" truecount="1" falsecount="1"/>
        <line num="95" count="1" type="stmt"/>
        <line num="96" count="1" type="stmt"/>
        <line num="98" count="0" type="stmt"/>
        <line num="101" count="19" type="stmt"/>
        <line num="102" count="19" type="stmt"/>
        <line num="104" count="19" type="stmt"/>
        <line num="123" count="0" type="stmt"/>
        <line num="126" count="0" type="stmt"/>
        <line num="127" count="0" type="stmt"/>
        <line num="128" count="0" type="stmt"/>
        <line num="129" count="0" type="stmt"/>
        <line num="133" count="3" type="cond" truecount="2" falsecount="0"/>
      </file>
      <file name="DatePickerWithRange.tsx" path="/Users/xmta/Work/void/rma-sinitres/packages/design-system/src/components/elements/form-elements/datePicker/DatePickerWithRange.tsx">
        <metrics statements="64" coveredstatements="44" conditionals="52" coveredconditionals="34" methods="12" coveredmethods="9"/>
        <line num="12" count="1" type="stmt"/>
        <line num="54" count="1" type="stmt"/>
        <line num="59" count="3" type="stmt"/>
        <line num="62" count="1" type="stmt"/>
        <line num="81" count="1" type="stmt"/>
        <line num="88" count="7" type="cond" truecount="1" falsecount="1"/>
        <line num="108" count="1" type="stmt"/>
        <line num="123" count="8" type="stmt"/>
        <line num="124" count="8" type="stmt"/>
        <line num="125" count="8" type="stmt"/>
        <line num="127" count="2" type="stmt"/>
        <line num="128" count="8" type="cond" truecount="2" falsecount="0"/>
        <line num="129" count="8" type="stmt"/>
        <line num="131" count="8" type="stmt"/>
        <line num="132" count="1" type="stmt"/>
        <line num="136" count="1" type="stmt"/>
        <line num="137" count="1" type="stmt"/>
        <line num="139" count="1" type="cond" truecount="1" falsecount="1"/>
        <line num="140" count="0" type="stmt"/>
        <line num="141" count="0" type="stmt"/>
        <line num="144" count="1" type="cond" truecount="1" falsecount="1"/>
        <line num="145" count="1" type="stmt"/>
        <line num="146" count="1" type="stmt"/>
        <line num="147" count="1" type="cond" truecount="1" falsecount="1"/>
        <line num="148" count="1" type="stmt"/>
        <line num="149" count="1" type="stmt"/>
        <line num="150" count="1" type="stmt"/>
        <line num="151" count="1" type="cond" truecount="1" falsecount="1"/>
        <line num="155" count="1" type="cond" truecount="1" falsecount="1"/>
        <line num="159" count="1" type="stmt"/>
        <line num="160" count="1" type="stmt"/>
        <line num="161" count="1" type="stmt"/>
        <line num="163" count="0" type="cond" truecount="0" falsecount="2"/>
        <line num="164" count="0" type="stmt"/>
        <line num="165" count="0" type="stmt"/>
        <line num="168" count="0" type="stmt"/>
        <line num="169" count="0" type="stmt"/>
        <line num="172" count="0" type="stmt"/>
        <line num="173" count="0" type="stmt"/>
        <line num="177" count="8" type="stmt"/>
        <line num="178" count="1" type="stmt"/>
        <line num="179" count="1" type="stmt"/>
        <line num="180" count="1" type="cond" truecount="2" falsecount="2"/>
        <line num="181" count="0" type="stmt"/>
        <line num="182" count="0" type="stmt"/>
        <line num="183" count="1" type="cond" truecount="2" falsecount="2"/>
        <line num="184" count="0" type="stmt"/>
        <line num="187" count="0" type="stmt"/>
        <line num="189" count="1" type="stmt"/>
        <line num="192" count="8" type="stmt"/>
        <line num="193" count="2" type="cond" truecount="3" falsecount="1"/>
        <line num="194" count="0" type="stmt"/>
        <line num="195" count="2" type="cond" truecount="4" falsecount="0"/>
        <line num="196" count="1" type="stmt"/>
        <line num="200" count="1" type="stmt"/>
        <line num="204" count="8" type="stmt"/>
        <line num="215" count="3" type="cond" truecount="1" falsecount="1"/>
        <line num="216" count="3" type="stmt"/>
        <line num="231" count="0" type="stmt"/>
        <line num="234" count="0" type="stmt"/>
        <line num="235" count="0" type="stmt"/>
        <line num="236" count="0" type="stmt"/>
        <line num="237" count="0" type="stmt"/>
        <line num="238" count="0" type="stmt"/>
      </file>
      <file name="SharedComponent.tsx" path="/Users/xmta/Work/void/rma-sinitres/packages/design-system/src/components/elements/form-elements/datePicker/SharedComponent.tsx">
        <metrics statements="4" coveredstatements="4" conditionals="4" coveredconditionals="4" methods="3" coveredmethods="3"/>
        <line num="13" count="14" type="stmt"/>
        <line num="14" count="14" type="stmt"/>
        <line num="18" count="2" type="cond" truecount="2" falsecount="0"/>
        <line num="39" count="2" type="cond" truecount="2" falsecount="0"/>
      </file>
      <file name="theme.ts" path="/Users/xmta/Work/void/rma-sinitres/packages/design-system/src/components/elements/form-elements/datePicker/theme.ts">
        <metrics statements="1" coveredstatements="1" conditionals="0" coveredconditionals="0" methods="0" coveredmethods="0"/>
        <line num="1" count="3" type="stmt"/>
      </file>
      <file name="types.ts" path="/Users/xmta/Work/void/rma-sinitres/packages/design-system/src/components/elements/form-elements/datePicker/types.ts">
        <metrics statements="0" coveredstatements="0" conditionals="0" coveredconditionals="0" methods="0" coveredmethods="0"/>
      </file>
      <file name="utils.ts" path="/Users/xmta/Work/void/rma-sinitres/packages/design-system/src/components/elements/form-elements/datePicker/utils.ts">
        <metrics statements="13" coveredstatements="8" conditionals="20" coveredconditionals="15" methods="1" coveredmethods="1"/>
        <line num="1" count="1" type="stmt"/>
        <line num="3" count="1" type="stmt"/>
        <line num="11" count="1" type="cond" truecount="3" falsecount="1"/>
        <line num="12" count="0" type="stmt"/>
        <line num="14" count="1" type="cond" truecount="3" falsecount="1"/>
        <line num="15" count="0" type="stmt"/>
        <line num="17" count="1" type="cond" truecount="3" falsecount="1"/>
        <line num="18" count="0" type="stmt"/>
        <line num="20" count="1" type="cond" truecount="3" falsecount="1"/>
        <line num="21" count="0" type="stmt"/>
        <line num="23" count="1" type="cond" truecount="3" falsecount="1"/>
        <line num="24" count="0" type="stmt"/>
        <line num="26" count="1" type="stmt"/>
      </file>
    </package>
    <package name="components.elements.form-elements.formSection">
      <metrics statements="3" coveredstatements="3" conditionals="1" coveredconditionals="1" methods="1" coveredmethods="1"/>
      <file name="FormSection.tsx" path="/Users/xmta/Work/void/rma-sinitres/packages/design-system/src/components/elements/form-elements/formSection/FormSection.tsx">
        <metrics statements="2" coveredstatements="2" conditionals="1" coveredconditionals="1" methods="1" coveredmethods="1"/>
        <line num="46" count="1" type="stmt"/>
        <line num="55" count="1" type="stmt"/>
      </file>
      <file name="theme.ts" path="/Users/xmta/Work/void/rma-sinitres/packages/design-system/src/components/elements/form-elements/formSection/theme.ts">
        <metrics statements="1" coveredstatements="1" conditionals="0" coveredconditionals="0" methods="0" coveredmethods="0"/>
        <line num="1" count="1" type="stmt"/>
      </file>
    </package>
    <package name="components.elements.form-elements.input">
      <metrics statements="3" coveredstatements="3" conditionals="23" coveredconditionals="17" methods="1" coveredmethods="1"/>
      <file name="Input.tsx" path="/Users/xmta/Work/void/rma-sinitres/packages/design-system/src/components/elements/form-elements/input/Input.tsx">
        <metrics statements="2" coveredstatements="2" conditionals="23" coveredconditionals="17" methods="1" coveredmethods="1"/>
        <line num="56" count="8" type="stmt"/>
        <line num="75" count="115" type="stmt"/>
      </file>
      <file name="theme.ts" path="/Users/xmta/Work/void/rma-sinitres/packages/design-system/src/components/elements/form-elements/input/theme.ts">
        <metrics statements="1" coveredstatements="1" conditionals="0" coveredconditionals="0" methods="0" coveredmethods="0"/>
        <line num="1" count="8" type="stmt"/>
      </file>
    </package>
    <package name="components.elements.form-elements.inputFile">
      <metrics statements="57" coveredstatements="45" conditionals="35" coveredconditionals="27" methods="24" coveredmethods="17"/>
      <file name="InputFile.tsx" path="/Users/xmta/Work/void/rma-sinitres/packages/design-system/src/components/elements/form-elements/inputFile/InputFile.tsx">
        <metrics statements="30" coveredstatements="26" conditionals="10" coveredconditionals="7" methods="11" coveredmethods="8"/>
        <line num="23" count="1" type="stmt"/>
        <line num="34" count="4" type="stmt"/>
        <line num="35" count="4" type="stmt"/>
        <line num="37" count="4" type="stmt"/>
        <line num="40" count="4" type="stmt"/>
        <line num="42" count="2" type="stmt"/>
        <line num="43" count="1" type="stmt"/>
        <line num="48" count="4" type="stmt"/>
        <line num="49" count="1" type="stmt"/>
        <line num="52" count="4" type="stmt"/>
        <line num="53" count="0" type="stmt"/>
        <line num="56" count="4" type="stmt"/>
        <line num="57" count="1" type="stmt"/>
        <line num="58" count="1" type="stmt"/>
        <line num="62" count="4" type="stmt"/>
        <line num="63" count="1" type="stmt"/>
        <line num="64" count="1" type="cond" truecount="1" falsecount="1"/>
        <line num="65" count="0" type="stmt"/>
        <line num="68" count="1" type="stmt"/>
        <line num="71" count="1" type="cond" truecount="1" falsecount="1"/>
        <line num="72" count="1" type="stmt"/>
        <line num="84" count="1" type="stmt"/>
        <line num="85" count="1" type="stmt"/>
        <line num="86" count="1" type="stmt"/>
        <line num="87" count="1" type="stmt"/>
        <line num="90" count="1" type="stmt"/>
        <line num="93" count="4" type="stmt"/>
        <line num="94" count="0" type="stmt"/>
        <line num="96" count="0" type="stmt"/>
        <line num="101" count="4" type="stmt"/>
      </file>
      <file name="SelectedFiles.tsx" path="/Users/xmta/Work/void/rma-sinitres/packages/design-system/src/components/elements/form-elements/inputFile/SelectedFiles.tsx">
        <metrics statements="14" coveredstatements="14" conditionals="20" coveredconditionals="17" methods="8" coveredmethods="8"/>
        <line num="26" count="3" type="stmt"/>
        <line num="31" count="5" type="stmt"/>
        <line num="32" count="1" type="stmt"/>
        <line num="33" count="1" type="stmt"/>
        <line num="34" count="1" type="stmt"/>
        <line num="38" count="5" type="stmt"/>
        <line num="41" count="4" type="stmt"/>
        <line num="54" count="3" type="stmt"/>
        <line num="65" count="5" type="stmt"/>
        <line num="66" count="1" type="cond" truecount="3" falsecount="1"/>
        <line num="67" count="1" type="stmt"/>
        <line num="71" count="5" type="stmt"/>
        <line num="72" count="1" type="cond" truecount="4" falsecount="0"/>
        <line num="74" count="5" type="stmt"/>
      </file>
      <file name="theme.ts" path="/Users/xmta/Work/void/rma-sinitres/packages/design-system/src/components/elements/form-elements/inputFile/theme.ts">
        <metrics statements="1" coveredstatements="1" conditionals="0" coveredconditionals="0" methods="0" coveredmethods="0"/>
        <line num="1" count="3" type="stmt"/>
      </file>
      <file name="types.ts" path="/Users/xmta/Work/void/rma-sinitres/packages/design-system/src/components/elements/form-elements/inputFile/types.ts">
        <metrics statements="0" coveredstatements="0" conditionals="0" coveredconditionals="0" methods="0" coveredmethods="0"/>
      </file>
      <file name="utils.ts" path="/Users/xmta/Work/void/rma-sinitres/packages/design-system/src/components/elements/form-elements/inputFile/utils.ts">
        <metrics statements="12" coveredstatements="4" conditionals="5" coveredconditionals="3" methods="5" coveredmethods="1"/>
        <line num="1" count="1" type="stmt"/>
        <line num="2" count="0" type="stmt"/>
        <line num="3" count="0" type="stmt"/>
        <line num="4" count="0" type="stmt"/>
        <line num="5" count="0" type="stmt"/>
        <line num="7" count="0" type="stmt"/>
        <line num="8" count="0" type="stmt"/>
        <line num="10" count="0" type="stmt"/>
        <line num="14" count="1" type="stmt"/>
        <line num="15" count="1" type="cond" truecount="1" falsecount="1"/>
        <line num="20" count="1" type="stmt"/>
        <line num="22" count="0" type="stmt"/>
      </file>
    </package>
    <package name="components.elements.form-elements.inputPassword">
      <metrics statements="7" coveredstatements="7" conditionals="4" coveredconditionals="4" methods="3" coveredmethods="3"/>
      <file name="InputPassword.tsx" path="/Users/xmta/Work/void/rma-sinitres/packages/design-system/src/components/elements/form-elements/inputPassword/InputPassword.tsx">
        <metrics statements="7" coveredstatements="7" conditionals="4" coveredconditionals="4" methods="3" coveredmethods="3"/>
        <line num="8" count="1" type="stmt"/>
        <line num="10" count="4" type="stmt"/>
        <line num="11" count="4" type="stmt"/>
        <line num="12" count="2" type="stmt"/>
        <line num="13" count="2" type="cond" truecount="2" falsecount="0"/>
        <line num="14" count="1" type="stmt"/>
        <line num="17" count="4" type="stmt"/>
      </file>
    </package>
    <package name="components.elements.form-elements.message-de-confirmation">
      <metrics statements="9" coveredstatements="5" conditionals="13" coveredconditionals="11" methods="3" coveredmethods="1"/>
      <file name="MessageDeConfirmation.tsx" path="/Users/xmta/Work/void/rma-sinitres/packages/design-system/src/components/elements/form-elements/message-de-confirmation/MessageDeConfirmation.tsx">
        <metrics statements="8" coveredstatements="4" conditionals="13" coveredconditionals="11" methods="3" coveredmethods="1"/>
        <line num="65" count="1" type="stmt"/>
        <line num="79" count="1" type="stmt"/>
        <line num="80" count="1" type="stmt"/>
        <line num="82" count="1" type="stmt"/>
        <line num="138" count="0" type="stmt"/>
        <line num="139" count="0" type="stmt"/>
        <line num="140" count="0" type="stmt"/>
        <line num="141" count="0" type="stmt"/>
      </file>
      <file name="theme.ts" path="/Users/xmta/Work/void/rma-sinitres/packages/design-system/src/components/elements/form-elements/message-de-confirmation/theme.ts">
        <metrics statements="1" coveredstatements="1" conditionals="0" coveredconditionals="0" methods="0" coveredmethods="0"/>
        <line num="1" count="1" type="stmt"/>
      </file>
    </package>
    <package name="components.elements.form-elements.radio">
      <metrics statements="3" coveredstatements="3" conditionals="26" coveredconditionals="14" methods="1" coveredmethods="1"/>
      <file name="Radio.tsx" path="/Users/xmta/Work/void/rma-sinitres/packages/design-system/src/components/elements/form-elements/radio/Radio.tsx">
        <metrics statements="2" coveredstatements="2" conditionals="26" coveredconditionals="14" methods="1" coveredmethods="1"/>
        <line num="48" count="3" type="stmt"/>
        <line num="59" count="4" type="stmt"/>
      </file>
      <file name="theme.ts" path="/Users/xmta/Work/void/rma-sinitres/packages/design-system/src/components/elements/form-elements/radio/theme.ts">
        <metrics statements="1" coveredstatements="1" conditionals="0" coveredconditionals="0" methods="0" coveredmethods="0"/>
        <line num="1" count="3" type="stmt"/>
      </file>
    </package>
    <package name="components.elements.form-elements.radio-choice-icon">
      <metrics statements="3" coveredstatements="3" conditionals="15" coveredconditionals="13" methods="1" coveredmethods="1"/>
      <file name="RadioChoiceIcon.tsx" path="/Users/xmta/Work/void/rma-sinitres/packages/design-system/src/components/elements/form-elements/radio-choice-icon/RadioChoiceIcon.tsx">
        <metrics statements="2" coveredstatements="2" conditionals="15" coveredconditionals="13" methods="1" coveredmethods="1"/>
        <line num="63" count="2" type="stmt"/>
        <line num="77" count="2" type="stmt"/>
      </file>
      <file name="theme.ts" path="/Users/xmta/Work/void/rma-sinitres/packages/design-system/src/components/elements/form-elements/radio-choice-icon/theme.ts">
        <metrics statements="1" coveredstatements="1" conditionals="0" coveredconditionals="0" methods="0" coveredmethods="0"/>
        <line num="1" count="2" type="stmt"/>
      </file>
    </package>
    <package name="components.elements.form-elements.radio-choice-icon-group">
      <metrics statements="3" coveredstatements="3" conditionals="4" coveredconditionals="4" methods="2" coveredmethods="2"/>
      <file name="RadioChoiceIconGroup.tsx" path="/Users/xmta/Work/void/rma-sinitres/packages/design-system/src/components/elements/form-elements/radio-choice-icon-group/RadioChoiceIconGroup.tsx">
        <metrics statements="3" coveredstatements="3" conditionals="4" coveredconditionals="4" methods="2" coveredmethods="2"/>
        <line num="69" count="1" type="stmt"/>
        <line num="79" count="1" type="stmt"/>
        <line num="83" count="1" type="stmt"/>
      </file>
    </package>
    <package name="components.elements.form-elements.radio-choice-procedure">
      <metrics statements="6" coveredstatements="6" conditionals="25" coveredconditionals="25" methods="3" coveredmethods="3"/>
      <file name="RadioChoiceProcedure.tsx" path="/Users/xmta/Work/void/rma-sinitres/packages/design-system/src/components/elements/form-elements/radio-choice-procedure/RadioChoiceProcedure.tsx">
        <metrics statements="2" coveredstatements="2" conditionals="20" coveredconditionals="20" methods="1" coveredmethods="1"/>
        <line num="73" count="2" type="stmt"/>
        <line num="89" count="5" type="stmt"/>
      </file>
      <file name="RadioChoiceProcedureGroup.tsx" path="/Users/xmta/Work/void/rma-sinitres/packages/design-system/src/components/elements/form-elements/radio-choice-procedure/RadioChoiceProcedureGroup.tsx">
        <metrics statements="3" coveredstatements="3" conditionals="5" coveredconditionals="5" methods="2" coveredmethods="2"/>
        <line num="67" count="1" type="stmt"/>
        <line num="74" count="1" type="stmt"/>
        <line num="88" count="2" type="stmt"/>
      </file>
      <file name="theme.ts" path="/Users/xmta/Work/void/rma-sinitres/packages/design-system/src/components/elements/form-elements/radio-choice-procedure/theme.ts">
        <metrics statements="1" coveredstatements="1" conditionals="0" coveredconditionals="0" methods="0" coveredmethods="0"/>
        <line num="1" count="2" type="stmt"/>
      </file>
    </package>
    <package name="components.elements.form-elements.radio-group">
      <metrics statements="9" coveredstatements="7" conditionals="6" coveredconditionals="3" methods="4" coveredmethods="3"/>
      <file name="RadioGroup.tsx" path="/Users/xmta/Work/void/rma-sinitres/packages/design-system/src/components/elements/form-elements/radio-group/RadioGroup.tsx">
        <metrics statements="9" coveredstatements="7" conditionals="6" coveredconditionals="3" methods="4" coveredmethods="3"/>
        <line num="69" count="1" type="stmt"/>
        <line num="80" count="1" type="stmt"/>
        <line num="81" count="1" type="stmt"/>
        <line num="82" count="0" type="stmt"/>
        <line num="83" count="0" type="stmt"/>
        <line num="86" count="1" type="stmt"/>
        <line num="87" count="1" type="stmt"/>
        <line num="90" count="1" type="stmt"/>
        <line num="97" count="3" type="stmt"/>
      </file>
    </package>
    <package name="components.elements.form-elements.radio-html">
      <metrics statements="2" coveredstatements="2" conditionals="0" coveredconditionals="0" methods="1" coveredmethods="1"/>
      <file name="RadioHtml.tsx" path="/Users/xmta/Work/void/rma-sinitres/packages/design-system/src/components/elements/form-elements/radio-html/RadioHtml.tsx">
        <metrics statements="2" coveredstatements="2" conditionals="0" coveredconditionals="0" methods="1" coveredmethods="1"/>
        <line num="35" count="12" type="stmt"/>
        <line num="44" count="24" type="stmt"/>
      </file>
    </package>
    <package name="components.elements.form-elements.radio-icon">
      <metrics statements="3" coveredstatements="3" conditionals="28" coveredconditionals="12" methods="1" coveredmethods="1"/>
      <file name="RadioIcon.tsx" path="/Users/xmta/Work/void/rma-sinitres/packages/design-system/src/components/elements/form-elements/radio-icon/RadioIcon.tsx">
        <metrics statements="2" coveredstatements="2" conditionals="28" coveredconditionals="12" methods="1" coveredmethods="1"/>
        <line num="58" count="2" type="stmt"/>
        <line num="71" count="4" type="stmt"/>
      </file>
      <file name="theme.ts" path="/Users/xmta/Work/void/rma-sinitres/packages/design-system/src/components/elements/form-elements/radio-icon/theme.ts">
        <metrics statements="1" coveredstatements="1" conditionals="0" coveredconditionals="0" methods="0" coveredmethods="0"/>
        <line num="1" count="2" type="stmt"/>
      </file>
    </package>
    <package name="components.elements.form-elements.radio-icon-group">
      <metrics statements="3" coveredstatements="3" conditionals="6" coveredconditionals="3" methods="2" coveredmethods="2"/>
      <file name="RadioIconGroup.tsx" path="/Users/xmta/Work/void/rma-sinitres/packages/design-system/src/components/elements/form-elements/radio-icon-group/RadioIconGroup.tsx">
        <metrics statements="3" coveredstatements="3" conditionals="6" coveredconditionals="3" methods="2" coveredmethods="2"/>
        <line num="74" count="1" type="stmt"/>
        <line num="85" count="1" type="stmt"/>
        <line num="90" count="3" type="stmt"/>
      </file>
    </package>
    <package name="components.elements.form-elements.radio-image">
      <metrics statements="6" coveredstatements="6" conditionals="26" coveredconditionals="26" methods="3" coveredmethods="3"/>
      <file name="RadioImage.tsx" path="/Users/xmta/Work/void/rma-sinitres/packages/design-system/src/components/elements/form-elements/radio-image/RadioImage.tsx">
        <metrics statements="2" coveredstatements="2" conditionals="23" coveredconditionals="23" methods="1" coveredmethods="1"/>
        <line num="65" count="2" type="stmt"/>
        <line num="77" count="8" type="stmt"/>
      </file>
      <file name="RadioImageGroup.tsx" path="/Users/xmta/Work/void/rma-sinitres/packages/design-system/src/components/elements/form-elements/radio-image/RadioImageGroup.tsx">
        <metrics statements="3" coveredstatements="3" conditionals="3" coveredconditionals="3" methods="2" coveredmethods="2"/>
        <line num="56" count="1" type="stmt"/>
        <line num="63" count="2" type="stmt"/>
        <line num="66" count="6" type="stmt"/>
      </file>
      <file name="theme.ts" path="/Users/xmta/Work/void/rma-sinitres/packages/design-system/src/components/elements/form-elements/radio-image/theme.ts">
        <metrics statements="1" coveredstatements="1" conditionals="0" coveredconditionals="0" methods="0" coveredmethods="0"/>
        <line num="1" count="2" type="stmt"/>
      </file>
    </package>
    <package name="components.elements.form-elements.range">
      <metrics statements="16" coveredstatements="10" conditionals="5" coveredconditionals="2" methods="4" coveredmethods="3"/>
      <file name="Range.tsx" path="/Users/xmta/Work/void/rma-sinitres/packages/design-system/src/components/elements/form-elements/range/Range.tsx">
        <metrics statements="15" coveredstatements="9" conditionals="5" coveredconditionals="2" methods="4" coveredmethods="3"/>
        <line num="35" count="2" type="stmt"/>
        <line num="44" count="4" type="stmt"/>
        <line num="45" count="2" type="cond" truecount="1" falsecount="1"/>
        <line num="46" count="0" type="stmt"/>
        <line num="48" count="2" type="stmt"/>
        <line num="51" count="4" type="stmt"/>
        <line num="52" count="2" type="stmt"/>
        <line num="58" count="4" type="stmt"/>
        <line num="59" count="0" type="stmt"/>
        <line num="60" count="0" type="stmt"/>
        <line num="61" count="0" type="stmt"/>
        <line num="62" count="0" type="cond" truecount="0" falsecount="2"/>
        <line num="63" count="0" type="stmt"/>
        <line num="67" count="4" type="stmt"/>
        <line num="74" count="4" type="stmt"/>
      </file>
      <file name="theme.ts" path="/Users/xmta/Work/void/rma-sinitres/packages/design-system/src/components/elements/form-elements/range/theme.ts">
        <metrics statements="1" coveredstatements="1" conditionals="0" coveredconditionals="0" methods="0" coveredmethods="0"/>
        <line num="1" count="2" type="stmt"/>
      </file>
    </package>
    <package name="components.elements.form-elements.range-image">
      <metrics statements="13" coveredstatements="7" conditionals="16" coveredconditionals="8" methods="6" coveredmethods="3"/>
      <file name="RangeImage.tsx" path="/Users/xmta/Work/void/rma-sinitres/packages/design-system/src/components/elements/form-elements/range-image/RangeImage.tsx">
        <metrics statements="12" coveredstatements="6" conditionals="16" coveredconditionals="8" methods="6" coveredmethods="3"/>
        <line num="76" count="1" type="stmt"/>
        <line num="89" count="1" type="cond" truecount="1" falsecount="1"/>
        <line num="91" count="1" type="stmt"/>
        <line num="92" count="0" type="stmt"/>
        <line num="93" count="0" type="stmt"/>
        <line num="96" count="1" type="stmt"/>
        <line num="108" count="3" type="stmt"/>
        <line num="117" count="0" type="stmt"/>
        <line num="118" count="0" type="stmt"/>
        <line num="143" count="3" type="stmt"/>
        <line num="148" count="0" type="stmt"/>
        <line num="149" count="0" type="stmt"/>
      </file>
      <file name="theme.ts" path="/Users/xmta/Work/void/rma-sinitres/packages/design-system/src/components/elements/form-elements/range-image/theme.ts">
        <metrics statements="1" coveredstatements="1" conditionals="0" coveredconditionals="0" methods="0" coveredmethods="0"/>
        <line num="1" count="1" type="stmt"/>
      </file>
    </package>
    <package name="components.elements.form-elements.select">
      <metrics statements="11" coveredstatements="11" conditionals="48" coveredconditionals="32" methods="8" coveredmethods="8"/>
      <file name="Select.tsx" path="/Users/xmta/Work/void/rma-sinitres/packages/design-system/src/components/elements/form-elements/select/Select.tsx">
        <metrics statements="10" coveredstatements="10" conditionals="48" coveredconditionals="32" methods="8" coveredmethods="8"/>
        <line num="18" count="4" type="stmt"/>
        <line num="33" count="83" type="stmt"/>
        <line num="34" count="51" type="stmt"/>
        <line num="42" count="51" type="stmt"/>
        <line num="44" count="51" type="stmt"/>
        <line num="55" count="68" type="stmt"/>
        <line num="138" count="250" type="stmt"/>
        <line num="140" count="1" type="stmt"/>
        <line num="145" count="162" type="stmt"/>
        <line num="150" count="162" type="stmt"/>
      </file>
      <file name="theme.ts" path="/Users/xmta/Work/void/rma-sinitres/packages/design-system/src/components/elements/form-elements/select/theme.ts">
        <metrics statements="1" coveredstatements="1" conditionals="0" coveredconditionals="0" methods="0" coveredmethods="0"/>
        <line num="1" count="4" type="stmt"/>
      </file>
      <file name="types.ts" path="/Users/xmta/Work/void/rma-sinitres/packages/design-system/src/components/elements/form-elements/select/types.ts">
        <metrics statements="0" coveredstatements="0" conditionals="0" coveredconditionals="0" methods="0" coveredmethods="0"/>
      </file>
    </package>
    <package name="components.elements.form-elements.shock-points">
      <metrics statements="26" coveredstatements="26" conditionals="17" coveredconditionals="15" methods="8" coveredmethods="8"/>
      <file name="ShockPoints.tsx" path="/Users/xmta/Work/void/rma-sinitres/packages/design-system/src/components/elements/form-elements/shock-points/ShockPoints.tsx">
        <metrics statements="25" coveredstatements="25" conditionals="17" coveredconditionals="15" methods="8" coveredmethods="8"/>
        <line num="63" count="1" type="stmt"/>
        <line num="74" count="3" type="stmt"/>
        <line num="75" count="3" type="stmt"/>
        <line num="76" count="2" type="stmt"/>
        <line num="77" count="2" type="stmt"/>
        <line num="78" count="2" type="cond" truecount="2" falsecount="0"/>
        <line num="79" count="1" type="stmt"/>
        <line num="80" count="1" type="cond" truecount="1" falsecount="1"/>
        <line num="81" count="1" type="stmt"/>
        <line num="83" count="1" type="stmt"/>
        <line num="85" count="1" type="stmt"/>
        <line num="86" count="1" type="stmt"/>
        <line num="88" count="1" type="cond" truecount="1" falsecount="1"/>
        <line num="89" count="1" type="stmt"/>
        <line num="91" count="1" type="stmt"/>
        <line num="99" count="3" type="stmt"/>
        <line num="100" count="26" type="stmt"/>
        <line num="101" count="9" type="stmt"/>
        <line num="103" count="26" type="cond" truecount="2" falsecount="0"/>
        <line num="104" count="2" type="stmt"/>
        <line num="106" count="24" type="stmt"/>
        <line num="109" count="3" type="stmt"/>
        <line num="128" count="24" type="stmt"/>
        <line num="184" count="1" type="stmt"/>
        <line num="194" count="24" type="stmt"/>
      </file>
      <file name="theme.ts" path="/Users/xmta/Work/void/rma-sinitres/packages/design-system/src/components/elements/form-elements/shock-points/theme.ts">
        <metrics statements="1" coveredstatements="1" conditionals="0" coveredconditionals="0" methods="0" coveredmethods="0"/>
        <line num="1" count="1" type="stmt"/>
      </file>
    </package>
    <package name="components.elements.form-elements.textarea">
      <metrics statements="9" coveredstatements="7" conditionals="18" coveredconditionals="11" methods="3" coveredmethods="2"/>
      <file name="Textarea.tsx" path="/Users/xmta/Work/void/rma-sinitres/packages/design-system/src/components/elements/form-elements/textarea/Textarea.tsx">
        <metrics statements="8" coveredstatements="6" conditionals="18" coveredconditionals="11" methods="3" coveredmethods="2"/>
        <line num="65" count="2" type="stmt"/>
        <line num="85" count="7" type="stmt"/>
        <line num="87" count="7" type="stmt"/>
        <line num="88" count="3" type="stmt"/>
        <line num="91" count="7" type="stmt"/>
        <line num="92" count="0" type="cond" truecount="0" falsecount="2"/>
        <line num="93" count="0" type="stmt"/>
        <line num="96" count="7" type="stmt"/>
      </file>
      <file name="theme.ts" path="/Users/xmta/Work/void/rma-sinitres/packages/design-system/src/components/elements/form-elements/textarea/theme.ts">
        <metrics statements="1" coveredstatements="1" conditionals="0" coveredconditionals="0" methods="0" coveredmethods="0"/>
        <line num="1" count="2" type="stmt"/>
      </file>
    </package>
    <package name="components.elements.form-elements.toggle-label">
      <metrics statements="9" coveredstatements="7" conditionals="7" coveredconditionals="3" methods="4" coveredmethods="2"/>
      <file name="ToggleLabel.tsx" path="/Users/xmta/Work/void/rma-sinitres/packages/design-system/src/components/elements/form-elements/toggle-label/ToggleLabel.tsx">
        <metrics statements="8" coveredstatements="6" conditionals="7" coveredconditionals="3" methods="4" coveredmethods="2"/>
        <line num="37" count="1" type="stmt"/>
        <line num="45" count="1" type="stmt"/>
        <line num="46" count="1" type="stmt"/>
        <line num="47" count="1" type="stmt"/>
        <line num="53" count="1" type="stmt"/>
        <line num="54" count="0" type="stmt"/>
        <line num="55" count="0" type="stmt"/>
        <line num="59" count="1" type="stmt"/>
      </file>
      <file name="theme.ts" path="/Users/xmta/Work/void/rma-sinitres/packages/design-system/src/components/elements/form-elements/toggle-label/theme.ts">
        <metrics statements="1" coveredstatements="1" conditionals="0" coveredconditionals="0" methods="0" coveredmethods="0"/>
        <line num="1" count="1" type="stmt"/>
      </file>
    </package>
    <package name="components.elements.icon">
      <metrics statements="3" coveredstatements="3" conditionals="0" coveredconditionals="0" methods="1" coveredmethods="1"/>
      <file name="Icon.tsx" path="/Users/xmta/Work/void/rma-sinitres/packages/design-system/src/components/elements/icon/Icon.tsx">
        <metrics statements="3" coveredstatements="3" conditionals="0" coveredconditionals="0" methods="1" coveredmethods="1"/>
        <line num="3" count="42" type="stmt"/>
        <line num="17" count="42" type="stmt"/>
        <line num="18" count="360" type="stmt"/>
      </file>
    </package>
    <package name="components.elements.image">
      <metrics statements="3" coveredstatements="3" conditionals="4" coveredconditionals="3" methods="1" coveredmethods="1"/>
      <file name="Image.tsx" path="/Users/xmta/Work/void/rma-sinitres/packages/design-system/src/components/elements/image/Image.tsx">
        <metrics statements="3" coveredstatements="3" conditionals="4" coveredconditionals="3" methods="1" coveredmethods="1"/>
        <line num="5" count="15" type="stmt"/>
        <line num="34" count="15" type="cond" truecount="2" falsecount="0"/>
        <line num="35" count="34" type="stmt"/>
      </file>
    </package>
    <package name="components.elements.kpi">
      <metrics statements="4" coveredstatements="4" conditionals="7" coveredconditionals="5" methods="2" coveredmethods="2"/>
      <file name="Kpi.tsx" path="/Users/xmta/Work/void/rma-sinitres/packages/design-system/src/components/elements/kpi/Kpi.tsx">
        <metrics statements="4" coveredstatements="4" conditionals="7" coveredconditionals="5" methods="2" coveredmethods="2"/>
        <line num="22" count="1" type="stmt"/>
        <line num="23" count="1" type="stmt"/>
        <line num="85" count="1" type="stmt"/>
        <line num="96" count="1" type="stmt"/>
      </file>
    </package>
    <package name="components.elements.label">
      <metrics statements="3" coveredstatements="3" conditionals="2" coveredconditionals="2" methods="1" coveredmethods="1"/>
      <file name="Label.tsx" path="/Users/xmta/Work/void/rma-sinitres/packages/design-system/src/components/elements/label/Label.tsx">
        <metrics statements="2" coveredstatements="2" conditionals="2" coveredconditionals="2" methods="1" coveredmethods="1"/>
        <line num="28" count="13" type="stmt"/>
        <line num="34" count="143" type="stmt"/>
      </file>
      <file name="theme.ts" path="/Users/xmta/Work/void/rma-sinitres/packages/design-system/src/components/elements/label/theme.ts">
        <metrics statements="1" coveredstatements="1" conditionals="0" coveredconditionals="0" methods="0" coveredmethods="0"/>
        <line num="1" count="13" type="stmt"/>
      </file>
    </package>
    <package name="components.elements.layer">
      <metrics statements="30" coveredstatements="23" conditionals="55" coveredconditionals="34" methods="10" coveredmethods="5"/>
      <file name="Layer.tsx" path="/Users/xmta/Work/void/rma-sinitres/packages/design-system/src/components/elements/layer/Layer.tsx">
        <metrics statements="29" coveredstatements="22" conditionals="55" coveredconditionals="34" methods="10" coveredmethods="5"/>
        <line num="82" count="1" type="stmt"/>
        <line num="98" count="1" type="stmt"/>
        <line num="99" count="1" type="stmt"/>
        <line num="102" count="1" type="stmt"/>
        <line num="103" count="0" type="cond" truecount="0" falsecount="4"/>
        <line num="104" count="0" type="stmt"/>
        <line num="112" count="1" type="stmt"/>
        <line num="113" count="0" type="cond" truecount="0" falsecount="5"/>
        <line num="114" count="0" type="stmt"/>
        <line num="121" count="1" type="stmt"/>
        <line num="122" count="0" type="stmt"/>
        <line num="128" count="1" type="stmt"/>
        <line num="129" count="0" type="stmt"/>
        <line num="132" count="1" type="stmt"/>
        <line num="133" count="1" type="stmt"/>
        <line num="134" count="1" type="stmt"/>
        <line num="135" count="1" type="stmt"/>
        <line num="136" count="1" type="cond" truecount="1" falsecount="2"/>
        <line num="137" count="1" type="stmt"/>
        <line num="138" count="1" type="stmt"/>
        <line num="143" count="1" type="stmt"/>
        <line num="144" count="1" type="cond" truecount="1" falsecount="2"/>
        <line num="145" count="1" type="stmt"/>
        <line num="146" count="1" type="cond" truecount="1" falsecount="2"/>
        <line num="151" count="1" type="cond" truecount="1" falsecount="1"/>
        <line num="152" count="1" type="cond" truecount="1" falsecount="1"/>
        <line num="153" count="1" type="cond" truecount="2" falsecount="0"/>
        <line num="155" count="1" type="stmt"/>
        <line num="184" count="0" type="cond" truecount="0" falsecount="2"/>
      </file>
      <file name="theme.ts" path="/Users/xmta/Work/void/rma-sinitres/packages/design-system/src/components/elements/layer/theme.ts">
        <metrics statements="1" coveredstatements="1" conditionals="0" coveredconditionals="0" methods="0" coveredmethods="0"/>
        <line num="1" count="1" type="stmt"/>
      </file>
    </package>
    <package name="components.elements.link">
      <metrics statements="6" coveredstatements="4" conditionals="6" coveredconditionals="3" methods="2" coveredmethods="1"/>
      <file name="Link.tsx" path="/Users/xmta/Work/void/rma-sinitres/packages/design-system/src/components/elements/link/Link.tsx">
        <metrics statements="5" coveredstatements="3" conditionals="6" coveredconditionals="3" methods="2" coveredmethods="1"/>
        <line num="37" count="24" type="stmt"/>
        <line num="53" count="10" type="stmt"/>
        <line num="54" count="0" type="cond" truecount="0" falsecount="2"/>
        <line num="55" count="0" type="stmt"/>
        <line num="59" count="10" type="stmt"/>
      </file>
      <file name="theme.ts" path="/Users/xmta/Work/void/rma-sinitres/packages/design-system/src/components/elements/link/theme.ts">
        <metrics statements="1" coveredstatements="1" conditionals="0" coveredconditionals="0" methods="0" coveredmethods="0"/>
        <line num="1" count="24" type="stmt"/>
      </file>
    </package>
    <package name="components.elements.notifications">
      <metrics statements="4" coveredstatements="4" conditionals="12" coveredconditionals="6" methods="1" coveredmethods="1"/>
      <file name="Notification.tsx" path="/Users/xmta/Work/void/rma-sinitres/packages/design-system/src/components/elements/notifications/Notification.tsx">
        <metrics statements="3" coveredstatements="3" conditionals="12" coveredconditionals="6" methods="1" coveredmethods="1"/>
        <line num="41" count="2" type="stmt"/>
        <line num="49" count="4" type="stmt"/>
        <line num="57" count="4" type="stmt"/>
      </file>
      <file name="theme.ts" path="/Users/xmta/Work/void/rma-sinitres/packages/design-system/src/components/elements/notifications/theme.ts">
        <metrics statements="1" coveredstatements="1" conditionals="0" coveredconditionals="0" methods="0" coveredmethods="0"/>
        <line num="1" count="2" type="stmt"/>
      </file>
    </package>
    <package name="components.elements.popup">
      <metrics statements="4" coveredstatements="3" conditionals="5" coveredconditionals="5" methods="2" coveredmethods="1"/>
      <file name="Popup.tsx" path="/Users/xmta/Work/void/rma-sinitres/packages/design-system/src/components/elements/popup/Popup.tsx">
        <metrics statements="3" coveredstatements="2" conditionals="5" coveredconditionals="5" methods="2" coveredmethods="1"/>
        <line num="32" count="2" type="stmt"/>
        <line num="37" count="0" type="stmt"/>
        <line num="42" count="3" type="stmt"/>
      </file>
      <file name="theme.ts" path="/Users/xmta/Work/void/rma-sinitres/packages/design-system/src/components/elements/popup/theme.ts">
        <metrics statements="1" coveredstatements="1" conditionals="0" coveredconditionals="0" methods="0" coveredmethods="0"/>
        <line num="1" count="2" type="stmt"/>
      </file>
    </package>
    <package name="components.elements.progress">
      <metrics statements="4" coveredstatements="4" conditionals="7" coveredconditionals="6" methods="1" coveredmethods="1"/>
      <file name="Progress.tsx" path="/Users/xmta/Work/void/rma-sinitres/packages/design-system/src/components/elements/progress/Progress.tsx">
        <metrics statements="3" coveredstatements="3" conditionals="7" coveredconditionals="6" methods="1" coveredmethods="1"/>
        <line num="39" count="1" type="stmt"/>
        <line num="47" count="1" type="cond" truecount="1" falsecount="1"/>
        <line num="49" count="1" type="stmt"/>
      </file>
      <file name="theme.ts" path="/Users/xmta/Work/void/rma-sinitres/packages/design-system/src/components/elements/progress/theme.ts">
        <metrics statements="1" coveredstatements="1" conditionals="0" coveredconditionals="0" methods="0" coveredmethods="0"/>
        <line num="1" count="1" type="stmt"/>
      </file>
    </package>
    <package name="components.elements.rating">
      <metrics statements="3" coveredstatements="3" conditionals="6" coveredconditionals="5" methods="1" coveredmethods="1"/>
      <file name="Rating.tsx" path="/Users/xmta/Work/void/rma-sinitres/packages/design-system/src/components/elements/rating/Rating.tsx">
        <metrics statements="2" coveredstatements="2" conditionals="6" coveredconditionals="5" methods="1" coveredmethods="1"/>
        <line num="30" count="1" type="stmt"/>
        <line num="36" count="1" type="stmt"/>
      </file>
      <file name="theme.ts" path="/Users/xmta/Work/void/rma-sinitres/packages/design-system/src/components/elements/rating/theme.ts">
        <metrics statements="1" coveredstatements="1" conditionals="0" coveredconditionals="0" methods="0" coveredmethods="0"/>
        <line num="1" count="1" type="stmt"/>
      </file>
    </package>
    <package name="components.elements.reclamation">
      <metrics statements="3" coveredstatements="3" conditionals="2" coveredconditionals="2" methods="1" coveredmethods="1"/>
      <file name="ReclamationCard.tsx" path="/Users/xmta/Work/void/rma-sinitres/packages/design-system/src/components/elements/reclamation/ReclamationCard.tsx">
        <metrics statements="2" coveredstatements="2" conditionals="2" coveredconditionals="2" methods="1" coveredmethods="1"/>
        <line num="36" count="1" type="stmt"/>
        <line num="44" count="1" type="stmt"/>
      </file>
      <file name="theme.ts" path="/Users/xmta/Work/void/rma-sinitres/packages/design-system/src/components/elements/reclamation/theme.ts">
        <metrics statements="1" coveredstatements="1" conditionals="0" coveredconditionals="0" methods="0" coveredmethods="0"/>
        <line num="1" count="1" type="stmt"/>
      </file>
    </package>
    <package name="components.elements.steps">
      <metrics statements="8" coveredstatements="7" conditionals="14" coveredconditionals="11" methods="4" coveredmethods="3"/>
      <file name="Steps.tsx" path="/Users/xmta/Work/void/rma-sinitres/packages/design-system/src/components/elements/steps/Steps.tsx">
        <metrics statements="7" coveredstatements="6" conditionals="14" coveredconditionals="11" methods="4" coveredmethods="3"/>
        <line num="31" count="1" type="stmt"/>
        <line num="37" count="3" type="stmt"/>
        <line num="59" count="12" type="stmt"/>
        <line num="66" count="0" type="cond" truecount="0" falsecount="2"/>
        <line num="99" count="1" type="stmt"/>
        <line num="105" count="3" type="stmt"/>
        <line num="107" count="3" type="stmt"/>
      </file>
      <file name="theme.ts" path="/Users/xmta/Work/void/rma-sinitres/packages/design-system/src/components/elements/steps/theme.ts">
        <metrics statements="1" coveredstatements="1" conditionals="0" coveredconditionals="0" methods="0" coveredmethods="0"/>
        <line num="1" count="1" type="stmt"/>
      </file>
      <file name="types.ts" path="/Users/xmta/Work/void/rma-sinitres/packages/design-system/src/components/elements/steps/types.ts">
        <metrics statements="0" coveredstatements="0" conditionals="0" coveredconditionals="0" methods="0" coveredmethods="0"/>
      </file>
    </package>
    <package name="components.elements.table">
      <metrics statements="90" coveredstatements="50" conditionals="115" coveredconditionals="57" methods="42" coveredmethods="19"/>
      <file name="Table.tsx" path="/Users/xmta/Work/void/rma-sinitres/packages/design-system/src/components/elements/table/Table.tsx">
        <metrics statements="40" coveredstatements="25" conditionals="53" coveredconditionals="28" methods="17" coveredmethods="7"/>
        <line num="170" count="1" type="stmt"/>
        <line num="198" count="1" type="stmt"/>
        <line num="199" count="1" type="stmt"/>
        <line num="200" count="1" type="stmt"/>
        <line num="202" count="1" type="stmt"/>
        <line num="203" count="1" type="cond" truecount="3" falsecount="1"/>
        <line num="204" count="1" type="stmt"/>
        <line num="210" count="1" type="stmt"/>
        <line num="212" count="1" type="stmt"/>
        <line num="214" count="1" type="stmt"/>
        <line num="215" count="5" type="cond" truecount="2" falsecount="2"/>
        <line num="216" count="0" type="stmt"/>
        <line num="220" count="1" type="stmt"/>
        <line num="221" count="0" type="stmt"/>
        <line num="224" count="1" type="stmt"/>
        <line num="227" count="0" type="stmt"/>
        <line num="229" count="0" type="stmt"/>
        <line num="237" count="1" type="stmt"/>
        <line num="238" count="1" type="stmt"/>
        <line num="239" count="1" type="stmt"/>
        <line num="240" count="1" type="stmt"/>
        <line num="241" count="0" type="cond" truecount="0" falsecount="2"/>
        <line num="243" count="0" type="stmt"/>
        <line num="246" count="1" type="cond" truecount="1" falsecount="1"/>
        <line num="258" count="0" type="cond" truecount="0" falsecount="2"/>
        <line num="262" count="0" type="stmt"/>
        <line num="277" count="0" type="cond" truecount="0" falsecount="2"/>
        <line num="281" count="0" type="cond" truecount="0" falsecount="2"/>
        <line num="282" count="0" type="stmt"/>
        <line num="284" count="0" type="stmt"/>
        <line num="294" count="0" type="cond" truecount="0" falsecount="2"/>
        <line num="295" count="0" type="stmt"/>
        <line num="297" count="0" type="stmt"/>
        <line num="308" count="1" type="stmt"/>
        <line num="334" count="1" type="stmt"/>
        <line num="366" count="1" type="stmt"/>
        <line num="368" count="5" type="stmt"/>
        <line num="441" count="4" type="stmt"/>
        <line num="447" count="20" type="stmt"/>
        <line num="496" count="1" type="stmt"/>
      </file>
      <file name="TableDropDown.tsx" path="/Users/xmta/Work/void/rma-sinitres/packages/design-system/src/components/elements/table/TableDropDown.tsx">
        <metrics statements="12" coveredstatements="5" conditionals="19" coveredconditionals="4" methods="7" coveredmethods="2"/>
        <line num="54" count="3" type="stmt"/>
        <line num="65" count="8" type="stmt"/>
        <line num="66" count="8" type="stmt"/>
        <line num="67" count="0" type="stmt"/>
        <line num="70" count="8" type="stmt"/>
        <line num="73" count="8" type="stmt"/>
        <line num="90" count="0" type="stmt"/>
        <line num="101" count="0" type="stmt"/>
        <line num="102" count="0" type="cond" truecount="0" falsecount="2"/>
        <line num="135" count="0" type="cond" truecount="0" falsecount="2"/>
        <line num="138" count="0" type="stmt"/>
        <line num="141" count="0" type="stmt"/>
      </file>
      <file name="TableFooter.tsx" path="/Users/xmta/Work/void/rma-sinitres/packages/design-system/src/components/elements/table/TableFooter.tsx">
        <metrics statements="13" coveredstatements="6" conditionals="28" coveredconditionals="14" methods="7" coveredmethods="4"/>
        <line num="91" count="9" type="stmt"/>
        <line num="98" count="40" type="stmt"/>
        <line num="104" count="0" type="cond" truecount="0" falsecount="2"/>
        <line num="105" count="0" type="stmt"/>
        <line num="107" count="0" type="cond" truecount="0" falsecount="2"/>
        <line num="123" count="1" type="stmt"/>
        <line num="124" count="1" type="cond" truecount="1" falsecount="1"/>
        <line num="136" count="0" type="stmt"/>
        <line num="137" count="0" type="cond" truecount="0" falsecount="2"/>
        <line num="149" count="0" type="stmt"/>
        <line num="150" count="0" type="cond" truecount="0" falsecount="2"/>
        <line num="162" count="2" type="stmt"/>
        <line num="163" count="2" type="cond" truecount="1" falsecount="1"/>
      </file>
      <file name="ToolBar.tsx" path="/Users/xmta/Work/void/rma-sinitres/packages/design-system/src/components/elements/table/ToolBar.tsx">
        <metrics statements="24" coveredstatements="13" conditionals="15" coveredconditionals="11" methods="11" coveredmethods="6"/>
        <line num="52" count="4" type="stmt"/>
        <line num="53" count="4" type="stmt"/>
        <line num="54" count="3" type="stmt"/>
        <line num="59" count="4" type="stmt"/>
        <line num="60" count="4" type="stmt"/>
        <line num="61" count="3" type="stmt"/>
        <line num="66" count="4" type="stmt"/>
        <line num="67" count="4" type="stmt"/>
        <line num="68" count="3" type="stmt"/>
        <line num="76" count="4" type="stmt"/>
        <line num="77" count="0" type="stmt"/>
        <line num="78" count="0" type="stmt"/>
        <line num="81" count="4" type="stmt"/>
        <line num="92" count="0" type="stmt"/>
        <line num="99" count="3" type="stmt"/>
        <line num="110" count="0" type="stmt"/>
        <line num="111" count="0" type="cond" truecount="0" falsecount="2"/>
        <line num="112" count="0" type="stmt"/>
        <line num="114" count="0" type="stmt"/>
        <line num="116" count="0" type="stmt"/>
        <line num="117" count="0" type="stmt"/>
        <line num="121" count="0" type="stmt"/>
        <line num="138" count="20" type="cond" truecount="2" falsecount="0"/>
        <line num="140" count="0" type="stmt"/>
      </file>
      <file name="theme.ts" path="/Users/xmta/Work/void/rma-sinitres/packages/design-system/src/components/elements/table/theme.ts">
        <metrics statements="1" coveredstatements="1" conditionals="0" coveredconditionals="0" methods="0" coveredmethods="0"/>
        <line num="1" count="4" type="stmt"/>
      </file>
    </package>
    <package name="components.elements.tabs_menu">
      <metrics statements="11" coveredstatements="11" conditionals="14" coveredconditionals="11" methods="5" coveredmethods="5"/>
      <file name="TabsMenu.tsx" path="/Users/xmta/Work/void/rma-sinitres/packages/design-system/src/components/elements/tabs_menu/TabsMenu.tsx">
        <metrics statements="10" coveredstatements="10" conditionals="14" coveredconditionals="11" methods="5" coveredmethods="5"/>
        <line num="62" count="1" type="stmt"/>
        <line num="80" count="12" type="cond" truecount="1" falsecount="1"/>
        <line num="81" count="12" type="stmt"/>
        <line num="83" count="1" type="stmt"/>
        <line num="111" count="1" type="stmt"/>
        <line num="121" count="3" type="stmt"/>
        <line num="122" count="1" type="cond" truecount="1" falsecount="1"/>
        <line num="123" count="1" type="stmt"/>
        <line num="127" count="3" type="stmt"/>
        <line num="130" count="12" type="stmt"/>
      </file>
      <file name="theme.ts" path="/Users/xmta/Work/void/rma-sinitres/packages/design-system/src/components/elements/tabs_menu/theme.ts">
        <metrics statements="1" coveredstatements="1" conditionals="0" coveredconditionals="0" methods="0" coveredmethods="0"/>
        <line num="1" count="1" type="stmt"/>
      </file>
    </package>
    <package name="components.elements.timeline.timeline-card">
      <metrics statements="11" coveredstatements="8" conditionals="49" coveredconditionals="39" methods="6" coveredmethods="3"/>
      <file name="TimeLineCard.tsx" path="/Users/xmta/Work/void/rma-sinitres/packages/design-system/src/components/elements/timeline/timeline-card/TimeLineCard.tsx">
        <metrics statements="7" coveredstatements="6" conditionals="43" coveredconditionals="34" methods="3" coveredmethods="2"/>
        <line num="104" count="1" type="stmt"/>
        <line num="106" count="1" type="stmt"/>
        <line num="121" count="1" type="stmt"/>
        <line num="134" count="3" type="cond" truecount="1" falsecount="1"/>
        <line num="136" count="3" type="stmt"/>
        <line num="228" count="4" type="stmt"/>
        <line num="236" count="0" type="stmt"/>
      </file>
      <file name="TimeLineCardDetails.tsx" path="/Users/xmta/Work/void/rma-sinitres/packages/design-system/src/components/elements/timeline/timeline-card/TimeLineCardDetails.tsx">
        <metrics statements="4" coveredstatements="2" conditionals="6" coveredconditionals="5" methods="3" coveredmethods="1"/>
        <line num="32" count="1" type="stmt"/>
        <line num="39" count="4" type="stmt"/>
        <line num="48" count="0" type="stmt"/>
        <line num="54" count="0" type="stmt"/>
      </file>
    </package>
    <package name="components.elements.timeline.timeline-navigation">
      <metrics statements="7" coveredstatements="7" conditionals="25" coveredconditionals="24" methods="4" coveredmethods="4"/>
      <file name="TimeLineNavigation.tsx" path="/Users/xmta/Work/void/rma-sinitres/packages/design-system/src/components/elements/timeline/timeline-navigation/TimeLineNavigation.tsx">
        <metrics statements="7" coveredstatements="7" conditionals="25" coveredconditionals="24" methods="4" coveredmethods="4"/>
        <line num="27" count="1" type="stmt"/>
        <line num="28" count="2" type="stmt"/>
        <line num="29" count="4" type="stmt"/>
        <line num="31" count="2" type="cond" truecount="1" falsecount="1"/>
        <line num="33" count="2" type="stmt"/>
        <line num="46" count="1" type="stmt"/>
        <line num="60" count="12" type="stmt"/>
      </file>
    </package>
    <package name="components.elements.toggle">
      <metrics statements="10" coveredstatements="8" conditionals="12" coveredconditionals="12" methods="3" coveredmethods="2"/>
      <file name="Toggle.tsx" path="/Users/xmta/Work/void/rma-sinitres/packages/design-system/src/components/elements/toggle/Toggle.tsx">
        <metrics statements="9" coveredstatements="7" conditionals="12" coveredconditionals="12" methods="3" coveredmethods="2"/>
        <line num="36" count="2" type="stmt"/>
        <line num="43" count="4" type="stmt"/>
        <line num="47" count="4" type="stmt"/>
        <line num="48" count="0" type="stmt"/>
        <line num="49" count="0" type="stmt"/>
        <line num="52" count="4" type="stmt"/>
        <line num="53" count="4" type="stmt"/>
        <line num="54" count="4" type="stmt"/>
        <line num="58" count="4" type="stmt"/>
      </file>
      <file name="theme.ts" path="/Users/xmta/Work/void/rma-sinitres/packages/design-system/src/components/elements/toggle/theme.ts">
        <metrics statements="1" coveredstatements="1" conditionals="0" coveredconditionals="0" methods="0" coveredmethods="0"/>
        <line num="1" count="2" type="stmt"/>
      </file>
    </package>
    <package name="components.elements.tooltip">
      <metrics statements="8" coveredstatements="7" conditionals="1" coveredconditionals="1" methods="3" coveredmethods="2"/>
      <file name="Tooltip.tsx" path="/Users/xmta/Work/void/rma-sinitres/packages/design-system/src/components/elements/tooltip/Tooltip.tsx">
        <metrics statements="7" coveredstatements="6" conditionals="1" coveredconditionals="1" methods="3" coveredmethods="2"/>
        <line num="32" count="1" type="stmt"/>
        <line num="38" count="2" type="stmt"/>
        <line num="43" count="2" type="stmt"/>
        <line num="44" count="1" type="stmt"/>
        <line num="50" count="2" type="stmt"/>
        <line num="51" count="0" type="stmt"/>
        <line num="54" count="2" type="stmt"/>
      </file>
      <file name="theme.ts" path="/Users/xmta/Work/void/rma-sinitres/packages/design-system/src/components/elements/tooltip/theme.ts">
        <metrics statements="1" coveredstatements="1" conditionals="0" coveredconditionals="0" methods="0" coveredmethods="0"/>
        <line num="1" count="1" type="stmt"/>
      </file>
    </package>
    <package name="components.elements.typography">
      <metrics statements="6" coveredstatements="6" conditionals="15" coveredconditionals="8" methods="2" coveredmethods="2"/>
      <file name="Text.tsx" path="/Users/xmta/Work/void/rma-sinitres/packages/design-system/src/components/elements/typography/Text.tsx">
        <metrics statements="3" coveredstatements="3" conditionals="5" coveredconditionals="4" methods="1" coveredmethods="1"/>
        <line num="36" count="52" type="stmt"/>
        <line num="43" count="764" type="cond" truecount="1" falsecount="1"/>
        <line num="45" count="764" type="stmt"/>
      </file>
      <file name="TitleWithIcon.tsx" path="/Users/xmta/Work/void/rma-sinitres/packages/design-system/src/components/elements/typography/TitleWithIcon.tsx">
        <metrics statements="2" coveredstatements="2" conditionals="10" coveredconditionals="4" methods="1" coveredmethods="1"/>
        <line num="41" count="1" type="stmt"/>
        <line num="49" count="1" type="stmt"/>
      </file>
      <file name="theme.ts" path="/Users/xmta/Work/void/rma-sinitres/packages/design-system/src/components/elements/typography/theme.ts">
        <metrics statements="1" coveredstatements="1" conditionals="0" coveredconditionals="0" methods="0" coveredmethods="0"/>
        <line num="1" count="52" type="stmt"/>
      </file>
    </package>
    <package name="hooks">
      <metrics statements="54" coveredstatements="52" conditionals="21" coveredconditionals="17" methods="16" coveredmethods="14"/>
      <file name="index.ts" path="/Users/xmta/Work/void/rma-sinitres/packages/design-system/src/hooks/index.ts">
        <metrics statements="0" coveredstatements="0" conditionals="0" coveredconditionals="0" methods="0" coveredmethods="0"/>
      </file>
      <file name="useAdaptiveLayout.ts" path="/Users/xmta/Work/void/rma-sinitres/packages/design-system/src/hooks/useAdaptiveLayout.ts">
        <metrics statements="29" coveredstatements="27" conditionals="10" coveredconditionals="8" methods="8" coveredmethods="6"/>
        <line num="22" count="7" type="stmt"/>
        <line num="26" count="54" type="stmt"/>
        <line num="27" count="54" type="stmt"/>
        <line num="28" count="54" type="stmt"/>
        <line num="30" count="54" type="stmt"/>
        <line num="31" count="1" type="stmt"/>
        <line num="33" count="54" type="stmt"/>
        <line num="40" count="54" type="stmt"/>
        <line num="42" count="54" type="stmt"/>
        <line num="43" count="14" type="stmt"/>
        <line num="49" count="14" type="cond" truecount="4" falsecount="0"/>
        <line num="50" count="13" type="stmt"/>
        <line num="52" count="13" type="stmt"/>
        <line num="54" count="13" type="stmt"/>
        <line num="56" count="13" type="stmt"/>
        <line num="57" count="13" type="stmt"/>
        <line num="59" count="13" type="cond" truecount="2" falsecount="2"/>
        <line num="60" count="13" type="stmt"/>
        <line num="62" count="0" type="stmt"/>
        <line num="64" count="13" type="stmt"/>
        <line num="65" count="13" type="stmt"/>
        <line num="69" count="54" type="stmt"/>
        <line num="70" count="28" type="cond" truecount="2" falsecount="0"/>
        <line num="71" count="14" type="stmt"/>
        <line num="73" count="28" type="stmt"/>
        <line num="74" count="28" type="stmt"/>
        <line num="75" count="0" type="stmt"/>
        <line num="81" count="28" type="stmt"/>
        <line num="84" count="54" type="stmt"/>
      </file>
      <file name="useCloseOnEscAndClickOutside.ts" path="/Users/xmta/Work/void/rma-sinitres/packages/design-system/src/hooks/useCloseOnEscAndClickOutside.ts">
        <metrics statements="15" coveredstatements="15" conditionals="6" coveredconditionals="5" methods="5" coveredmethods="5"/>
        <line num="3" count="7" type="stmt"/>
        <line num="6" count="80" type="stmt"/>
        <line num="8" count="80" type="stmt"/>
        <line num="9" count="5" type="cond" truecount="4" falsecount="0"/>
        <line num="10" count="1" type="stmt"/>
        <line num="14" count="80" type="stmt"/>
        <line num="15" count="1" type="cond" truecount="1" falsecount="1"/>
        <line num="16" count="1" type="stmt"/>
        <line num="20" count="80" type="stmt"/>
        <line num="21" count="66" type="stmt"/>
        <line num="22" count="66" type="stmt"/>
        <line num="24" count="66" type="stmt"/>
        <line num="25" count="66" type="stmt"/>
        <line num="26" count="66" type="stmt"/>
        <line num="30" count="80" type="stmt"/>
      </file>
      <file name="useFirstMountState.ts" path="/Users/xmta/Work/void/rma-sinitres/packages/design-system/src/hooks/useFirstMountState.ts">
        <metrics statements="5" coveredstatements="5" conditionals="2" coveredconditionals="2" methods="1" coveredmethods="1"/>
        <line num="4" count="58" type="stmt"/>
        <line num="6" count="58" type="cond" truecount="2" falsecount="0"/>
        <line num="7" count="17" type="stmt"/>
        <line num="9" count="17" type="stmt"/>
        <line num="12" count="41" type="stmt"/>
      </file>
      <file name="useUpdateEffect.ts" path="/Users/xmta/Work/void/rma-sinitres/packages/design-system/src/hooks/useUpdateEffect.ts">
        <metrics statements="5" coveredstatements="5" conditionals="3" coveredconditionals="2" methods="2" coveredmethods="2"/>
        <line num="9" count="7" type="cond" truecount="0" falsecount="1"/>
        <line num="10" count="3" type="stmt"/>
        <line num="12" count="3" type="stmt"/>
        <line num="13" count="3" type="cond" truecount="2" falsecount="0"/>
        <line num="14" count="1" type="stmt"/>
      </file>
    </package>
    <package name="utils">
      <metrics statements="1" coveredstatements="1" conditionals="0" coveredconditionals="0" methods="1" coveredmethods="1"/>
      <file name="index.ts" path="/Users/xmta/Work/void/rma-sinitres/packages/design-system/src/utils/index.ts">
        <metrics statements="0" coveredstatements="0" conditionals="0" coveredconditionals="0" methods="0" coveredmethods="0"/>
      </file>
      <file name="vclsx.ts" path="/Users/xmta/Work/void/rma-sinitres/packages/design-system/src/utils/vclsx.ts">
        <metrics statements="1" coveredstatements="1" conditionals="0" coveredconditionals="0" methods="1" coveredmethods="1"/>
        <line num="3" count="996" type="stmt"/>
      </file>
    </package>
  </project>
</coverage>
