{"/Users/xmta/Work/void/rma-sinitres/packages/design-system/src/components/elements/ClientInfo/ClientInfo.tsx": {"path":"/Users/xmta/Work/void/rma-sinitres/packages/design-system/src/components/elements/ClientInfo/ClientInfo.tsx","statementMap":{"0":{"start":{"line":72,"column":40},"end":{"line":118,"column":1}},"1":{"start":{"line":73,"column":2},"end":{"line":117,"column":4}},"2":{"start":{"line":85,"column":10},"end":{"line":113,"column":13}},"3":{"start":{"line":101,"column":18},"end":{"line":109,"column":21}},"4":{"start":{"line":120,"column":52},"end":{"line":150,"column":1}},"5":{"start":{"line":126,"column":2},"end":{"line":149,"column":10}},"6":{"start":{"line":130,"column":6},"end":{"line":130,"column":26}},"7":{"start":{"line":139,"column":12},"end":{"line":139,"column":32}},"8":{"start":{"line":145,"column":10},"end":{"line":145,"column":80}},"9":{"start":{"line":152,"column":46},"end":{"line":181,"column":1}},"10":{"start":{"line":156,"column":2},"end":{"line":180,"column":4}},"11":{"start":{"line":176,"column":10},"end":{"line":176,"column":61}}},"fnMap":{"0":{"name":"(anonymous_0)","decl":{"start":{"line":72,"column":40},"end":{"line":72,"column":41}},"loc":{"start":{"line":72,"column":75},"end":{"line":118,"column":1}},"line":72},"1":{"name":"(anonymous_1)","decl":{"start":{"line":84,"column":28},"end":{"line":84,"column":29}},"loc":{"start":{"line":85,"column":10},"end":{"line":113,"column":13}},"line":85},"2":{"name":"(anonymous_2)","decl":{"start":{"line":100,"column":35},"end":{"line":100,"column":36}},"loc":{"start":{"line":101,"column":18},"end":{"line":109,"column":21}},"line":101},"3":{"name":"(anonymous_3)","decl":{"start":{"line":120,"column":52},"end":{"line":120,"column":53}},"loc":{"start":{"line":126,"column":2},"end":{"line":149,"column":10}},"line":126},"4":{"name":"(anonymous_4)","decl":{"start":{"line":129,"column":11},"end":{"line":129,"column":12}},"loc":{"start":{"line":129,"column":17},"end":{"line":131,"column":5}},"line":129},"5":{"name":"(anonymous_5)","decl":{"start":{"line":138,"column":19},"end":{"line":138,"column":20}},"loc":{"start":{"line":138,"column":25},"end":{"line":140,"column":11}},"line":138},"6":{"name":"(anonymous_6)","decl":{"start":{"line":144,"column":26},"end":{"line":144,"column":27}},"loc":{"start":{"line":145,"column":10},"end":{"line":145,"column":80}},"line":145},"7":{"name":"(anonymous_7)","decl":{"start":{"line":152,"column":46},"end":{"line":152,"column":47}},"loc":{"start":{"line":155,"column":6},"end":{"line":181,"column":1}},"line":155},"8":{"name":"(anonymous_8)","decl":{"start":{"line":175,"column":34},"end":{"line":175,"column":35}},"loc":{"start":{"line":176,"column":10},"end":{"line":176,"column":61}},"line":176}},"branchMap":{"0":{"loc":{"start":{"line":72,"column":49},"end":{"line":72,"column":68}},"type":"default-arg","locations":[{"start":{"line":72,"column":59},"end":{"line":72,"column":68}}],"line":72},"1":{"loc":{"start":{"line":76,"column":9},"end":{"line":83,"column":9}},"type":"binary-expr","locations":[{"start":{"line":76,"column":9},"end":{"line":76,"column":20}},{"start":{"line":77,"column":10},"end":{"line":82,"column":17}}],"line":76},"2":{"loc":{"start":{"line":106,"column":23},"end":{"line":106,"column":40}},"type":"binary-expr","locations":[{"start":{"line":106,"column":23},"end":{"line":106,"column":32}},{"start":{"line":106,"column":36},"end":{"line":106,"column":40}}],"line":106},"3":{"loc":{"start":{"line":107,"column":23},"end":{"line":107,"column":65}},"type":"binary-expr","locations":[{"start":{"line":107,"column":23},"end":{"line":107,"column":38}},{"start":{"line":107,"column":42},"end":{"line":107,"column":65}}],"line":107},"4":{"loc":{"start":{"line":124,"column":2},"end":{"line":124,"column":21}},"type":"default-arg","locations":[{"start":{"line":124,"column":12},"end":{"line":124,"column":21}}],"line":124},"5":{"loc":{"start":{"line":154,"column":2},"end":{"line":154,"column":21}},"type":"default-arg","locations":[{"start":{"line":154,"column":12},"end":{"line":154,"column":21}}],"line":154}},"s":{"0":1,"1":6,"2":23,"3":29,"4":1,"5":1,"6":0,"7":0,"8":4,"9":1,"10":4,"11":6},"f":{"0":6,"1":23,"2":29,"3":1,"4":0,"5":0,"6":4,"7":4,"8":6},"b":{"0":[6],"1":[6,2],"2":[29,0],"3":[29,12],"4":[1],"5":[0]},"_coverageSchema":"1a1c01bbd47fc00a2c39e90264f33305004495a9","hash":"d459ebfad710e7ae3fb5a38871c06da34f5049a7"}
,"/Users/xmta/Work/void/rma-sinitres/packages/design-system/src/components/elements/ClientInfo/SharedComponent.tsx": {"path":"/Users/xmta/Work/void/rma-sinitres/packages/design-system/src/components/elements/ClientInfo/SharedComponent.tsx","statementMap":{"0":{"start":{"line":21,"column":5},"end":{"line":59,"column":1}},"1":{"start":{"line":26,"column":4},"end":{"line":26,"column":11}},"2":{"start":{"line":29,"column":2},"end":{"line":58,"column":4}}},"fnMap":{"0":{"name":"(anonymous_0)","decl":{"start":{"line":21,"column":5},"end":{"line":21,"column":6}},"loc":{"start":{"line":28,"column":6},"end":{"line":59,"column":1}},"line":28},"1":{"name":"(anonymous_1)","decl":{"start":{"line":25,"column":10},"end":{"line":25,"column":11}},"loc":{"start":{"line":25,"column":16},"end":{"line":27,"column":3}},"line":25}},"branchMap":{"0":{"loc":{"start":{"line":24,"column":2},"end":{"line":24,"column":17}},"type":"default-arg","locations":[{"start":{"line":24,"column":12},"end":{"line":24,"column":17}}],"line":24},"1":{"loc":{"start":{"line":25,"column":2},"end":{"line":27,"column":3}},"type":"default-arg","locations":[{"start":{"line":25,"column":10},"end":{"line":27,"column":3}}],"line":25}},"s":{"0":1,"1":0,"2":1},"f":{"0":1,"1":0},"b":{"0":[1],"1":[0]},"_coverageSchema":"1a1c01bbd47fc00a2c39e90264f33305004495a9","hash":"ef82faaf10fe166f0db5c58d3fd38a8956b4db84"}
,"/Users/xmta/Work/void/rma-sinitres/packages/design-system/src/components/elements/ClientInfo/theme.ts": {"path":"/Users/xmta/Work/void/rma-sinitres/packages/design-system/src/components/elements/ClientInfo/theme.ts","statementMap":{"0":{"start":{"line":1,"column":31},"end":{"line":26,"column":1}}},"fnMap":{},"branchMap":{},"s":{"0":1},"f":{},"b":{},"_coverageSchema":"1a1c01bbd47fc00a2c39e90264f33305004495a9","hash":"af3e2a99f0b0e0a760be85f7dc2311110181b695"}
,"/Users/xmta/Work/void/rma-sinitres/packages/design-system/src/components/elements/ClientInfo/types.ts": {"path":"/Users/xmta/Work/void/rma-sinitres/packages/design-system/src/components/elements/ClientInfo/types.ts","statementMap":{},"fnMap":{},"branchMap":{},"s":{},"f":{},"b":{}}
,"/Users/xmta/Work/void/rma-sinitres/packages/design-system/src/components/elements/Constats/ConstatCheckboxLine.tsx": {"path":"/Users/xmta/Work/void/rma-sinitres/packages/design-system/src/components/elements/Constats/ConstatCheckboxLine.tsx","statementMap":{"0":{"start":{"line":43,"column":35},"end":{"line":92,"column":1}},"1":{"start":{"line":54,"column":32},"end":{"line":56,"column":3}},"2":{"start":{"line":55,"column":4},"end":{"line":55,"column":31}},"3":{"start":{"line":58,"column":32},"end":{"line":60,"column":3}},"4":{"start":{"line":59,"column":4},"end":{"line":59,"column":31}},"5":{"start":{"line":62,"column":2},"end":{"line":91,"column":4}}},"fnMap":{"0":{"name":"(anonymous_0)","decl":{"start":{"line":43,"column":35},"end":{"line":43,"column":36}},"loc":{"start":{"line":53,"column":32},"end":{"line":92,"column":1}},"line":53},"1":{"name":"(anonymous_1)","decl":{"start":{"line":54,"column":32},"end":{"line":54,"column":33}},"loc":{"start":{"line":54,"column":38},"end":{"line":56,"column":3}},"line":54},"2":{"name":"(anonymous_2)","decl":{"start":{"line":58,"column":32},"end":{"line":58,"column":33}},"loc":{"start":{"line":58,"column":38},"end":{"line":60,"column":3}},"line":58}},"branchMap":{"0":{"loc":{"start":{"line":52,"column":2},"end":{"line":52,"column":17}},"type":"default-arg","locations":[{"start":{"line":52,"column":12},"end":{"line":52,"column":17}}],"line":52},"1":{"loc":{"start":{"line":89,"column":7},"end":{"line":89,"column":41}},"type":"binary-expr","locations":[{"start":{"line":89,"column":7},"end":{"line":89,"column":14}},{"start":{"line":89,"column":18},"end":{"line":89,"column":41}}],"line":89}},"s":{"0":1,"1":2,"2":1,"3":2,"4":0,"5":2},"f":{"0":2,"1":1,"2":0},"b":{"0":[0],"1":[2,0]},"_coverageSchema":"1a1c01bbd47fc00a2c39e90264f33305004495a9","hash":"6d65df44f6ef17ac43853c4c342b3198be23ae92"}
,"/Users/xmta/Work/void/rma-sinitres/packages/design-system/src/components/elements/Constats/ConstatClientInfo.tsx": {"path":"/Users/xmta/Work/void/rma-sinitres/packages/design-system/src/components/elements/Constats/ConstatClientInfo.tsx","statementMap":{"0":{"start":{"line":7,"column":14},"end":{"line":20,"column":1}},"1":{"start":{"line":22,"column":33},"end":{"line":34,"column":1}},"2":{"start":{"line":23,"column":2},"end":{"line":33,"column":4}},"3":{"start":{"line":36,"column":22},"end":{"line":77,"column":1}},"4":{"start":{"line":37,"column":23},"end":{"line":39,"column":3}},"5":{"start":{"line":38,"column":4},"end":{"line":38,"column":14}},"6":{"start":{"line":41,"column":2},"end":{"line":76,"column":4}}},"fnMap":{"0":{"name":"(anonymous_0)","decl":{"start":{"line":22,"column":33},"end":{"line":22,"column":34}},"loc":{"start":{"line":22,"column":39},"end":{"line":34,"column":1}},"line":22},"1":{"name":"(anonymous_1)","decl":{"start":{"line":36,"column":22},"end":{"line":36,"column":23}},"loc":{"start":{"line":36,"column":28},"end":{"line":77,"column":1}},"line":36},"2":{"name":"(anonymous_2)","decl":{"start":{"line":37,"column":23},"end":{"line":37,"column":24}},"loc":{"start":{"line":37,"column":29},"end":{"line":39,"column":3}},"line":37}},"branchMap":{},"s":{"0":1,"1":1,"2":3,"3":1,"4":5,"5":0,"6":5},"f":{"0":3,"1":5,"2":0},"b":{},"_coverageSchema":"1a1c01bbd47fc00a2c39e90264f33305004495a9","hash":"04cfcc1992261f89e36a0571339499938bc24811"}
,"/Users/xmta/Work/void/rma-sinitres/packages/design-system/src/components/elements/Constats/Constats.tsx": {"path":"/Users/xmta/Work/void/rma-sinitres/packages/design-system/src/components/elements/Constats/Constats.tsx","statementMap":{"0":{"start":{"line":72,"column":24},"end":{"line":128,"column":1}},"1":{"start":{"line":73,"column":44},"end":{"line":73,"column":74}},"2":{"start":{"line":74,"column":44},"end":{"line":74,"column":73}},"3":{"start":{"line":76,"column":23},"end":{"line":89,"column":3}},"4":{"start":{"line":77,"column":4},"end":{"line":88,"column":7}},"5":{"start":{"line":78,"column":6},"end":{"line":87,"column":9}},"6":{"start":{"line":79,"column":8},"end":{"line":85,"column":9}},"7":{"start":{"line":80,"column":10},"end":{"line":84,"column":12}},"8":{"start":{"line":86,"column":8},"end":{"line":86,"column":27}},"9":{"start":{"line":91,"column":23},"end":{"line":97,"column":3}},"10":{"start":{"line":92,"column":4},"end":{"line":92,"column":23}},"11":{"start":{"line":93,"column":37},"end":{"line":95,"column":7}},"12":{"start":{"line":93,"column":66},"end":{"line":95,"column":5}},"13":{"start":{"line":96,"column":4},"end":{"line":96,"column":29}},"14":{"start":{"line":99,"column":2},"end":{"line":127,"column":4}}},"fnMap":{"0":{"name":"(anonymous_0)","decl":{"start":{"line":72,"column":24},"end":{"line":72,"column":25}},"loc":{"start":{"line":72,"column":58},"end":{"line":128,"column":1}},"line":72},"1":{"name":"(anonymous_1)","decl":{"start":{"line":76,"column":23},"end":{"line":76,"column":24}},"loc":{"start":{"line":76,"column":56},"end":{"line":89,"column":3}},"line":76},"2":{"name":"(anonymous_2)","decl":{"start":{"line":77,"column":21},"end":{"line":77,"column":22}},"loc":{"start":{"line":77,"column":30},"end":{"line":88,"column":5}},"line":77},"3":{"name":"(anonymous_3)","decl":{"start":{"line":78,"column":21},"end":{"line":78,"column":22}},"loc":{"start":{"line":78,"column":31},"end":{"line":87,"column":7}},"line":78},"4":{"name":"(anonymous_4)","decl":{"start":{"line":91,"column":23},"end":{"line":91,"column":24}},"loc":{"start":{"line":91,"column":47},"end":{"line":97,"column":3}},"line":91},"5":{"name":"(anonymous_5)","decl":{"start":{"line":93,"column":55},"end":{"line":93,"column":56}},"loc":{"start":{"line":93,"column":66},"end":{"line":95,"column":5}},"line":93}},"branchMap":{"0":{"loc":{"start":{"line":72,"column":27},"end":{"line":72,"column":37}},"type":"default-arg","locations":[{"start":{"line":72,"column":35},"end":{"line":72,"column":37}}],"line":72},"1":{"loc":{"start":{"line":79,"column":8},"end":{"line":85,"column":9}},"type":"if","locations":[{"start":{"line":79,"column":8},"end":{"line":85,"column":9}},{"start":{},"end":{}}],"line":79},"2":{"loc":{"start":{"line":82,"column":22},"end":{"line":82,"column":77}},"type":"cond-expr","locations":[{"start":{"line":82,"column":47},"end":{"line":82,"column":61}},{"start":{"line":82,"column":64},"end":{"line":82,"column":77}}],"line":82},"3":{"loc":{"start":{"line":83,"column":22},"end":{"line":83,"column":77}},"type":"cond-expr","locations":[{"start":{"line":83,"column":47},"end":{"line":83,"column":61}},{"start":{"line":83,"column":64},"end":{"line":83,"column":77}}],"line":83},"4":{"loc":{"start":{"line":105,"column":10},"end":{"line":105,"column":50}},"type":"cond-expr","locations":[{"start":{"line":105,"column":33},"end":{"line":105,"column":40}},{"start":{"line":105,"column":43},"end":{"line":105,"column":50}}],"line":105}},"s":{"0":1,"1":2,"2":2,"3":2,"4":1,"5":1,"6":1,"7":1,"8":0,"9":2,"10":0,"11":0,"12":0,"13":0,"14":2},"f":{"0":2,"1":1,"2":1,"3":1,"4":0,"5":0},"b":{"0":[0],"1":[1,0],"2":[1,0],"3":[0,1],"4":[0,2]},"_coverageSchema":"1a1c01bbd47fc00a2c39e90264f33305004495a9","hash":"bd8a46a555352bc18af799d593781d46129a52b4"}
,"/Users/xmta/Work/void/rma-sinitres/packages/design-system/src/components/elements/Constats/ConstatsCheckboxes.tsx": {"path":"/Users/xmta/Work/void/rma-sinitres/packages/design-system/src/components/elements/Constats/ConstatsCheckboxes.tsx","statementMap":{"0":{"start":{"line":22,"column":34},"end":{"line":50,"column":1}},"1":{"start":{"line":27,"column":2},"end":{"line":49,"column":4}},"2":{"start":{"line":34,"column":10},"end":{"line":45,"column":12}}},"fnMap":{"0":{"name":"(anonymous_0)","decl":{"start":{"line":22,"column":34},"end":{"line":22,"column":35}},"loc":{"start":{"line":26,"column":31},"end":{"line":50,"column":1}},"line":26},"1":{"name":"(anonymous_1)","decl":{"start":{"line":33,"column":27},"end":{"line":33,"column":28}},"loc":{"start":{"line":34,"column":10},"end":{"line":45,"column":12}},"line":34}},"branchMap":{},"s":{"0":1,"1":2,"2":2},"f":{"0":2,"1":2},"b":{},"_coverageSchema":"1a1c01bbd47fc00a2c39e90264f33305004495a9","hash":"9a0b4590ea2113c3e081a6a708c4fbfb4856ad34"}
,"/Users/xmta/Work/void/rma-sinitres/packages/design-system/src/components/elements/Constats/ConstatsVehicule.tsx": {"path":"/Users/xmta/Work/void/rma-sinitres/packages/design-system/src/components/elements/Constats/ConstatsVehicule.tsx","statementMap":{"0":{"start":{"line":8,"column":19},"end":{"line":21,"column":1}},"1":{"start":{"line":23,"column":18},"end":{"line":36,"column":1}},"2":{"start":{"line":48,"column":29},"end":{"line":50,"column":1}},"3":{"start":{"line":49,"column":2},"end":{"line":49,"column":12}},"4":{"start":{"line":52,"column":25},"end":{"line":54,"column":1}},"5":{"start":{"line":53,"column":2},"end":{"line":53,"column":12}},"6":{"start":{"line":56,"column":32},"end":{"line":168,"column":1}},"7":{"start":{"line":57,"column":2},"end":{"line":167,"column":4}}},"fnMap":{"0":{"name":"(anonymous_0)","decl":{"start":{"line":48,"column":29},"end":{"line":48,"column":30}},"loc":{"start":{"line":48,"column":35},"end":{"line":50,"column":1}},"line":48},"1":{"name":"(anonymous_1)","decl":{"start":{"line":52,"column":25},"end":{"line":52,"column":26}},"loc":{"start":{"line":52,"column":31},"end":{"line":54,"column":1}},"line":52},"2":{"name":"(anonymous_2)","decl":{"start":{"line":56,"column":32},"end":{"line":56,"column":33}},"loc":{"start":{"line":56,"column":70},"end":{"line":168,"column":1}},"line":56}},"branchMap":{},"s":{"0":1,"1":1,"2":1,"3":0,"4":1,"5":0,"6":1,"7":4},"f":{"0":0,"1":0,"2":4},"b":{},"_coverageSchema":"1a1c01bbd47fc00a2c39e90264f33305004495a9","hash":"48587372abb933b6224954457661284092f2c128"}
,"/Users/xmta/Work/void/rma-sinitres/packages/design-system/src/components/elements/Heading/Heading.tsx": {"path":"/Users/xmta/Work/void/rma-sinitres/packages/design-system/src/components/elements/Heading/Heading.tsx","statementMap":{"0":{"start":{"line":49,"column":23},"end":{"line":74,"column":1}},"1":{"start":{"line":58,"column":2},"end":{"line":73,"column":4}}},"fnMap":{"0":{"name":"(anonymous_0)","decl":{"start":{"line":49,"column":23},"end":{"line":49,"column":24}},"loc":{"start":{"line":57,"column":20},"end":{"line":74,"column":1}},"line":57}},"branchMap":{"0":{"loc":{"start":{"line":50,"column":2},"end":{"line":50,"column":21}},"type":"default-arg","locations":[{"start":{"line":50,"column":12},"end":{"line":50,"column":21}}],"line":50},"1":{"loc":{"start":{"line":53,"column":2},"end":{"line":53,"column":16}},"type":"default-arg","locations":[{"start":{"line":53,"column":14},"end":{"line":53,"column":16}}],"line":53},"2":{"loc":{"start":{"line":56,"column":2},"end":{"line":56,"column":19}},"type":"default-arg","locations":[{"start":{"line":56,"column":14},"end":{"line":56,"column":19}}],"line":56},"3":{"loc":{"start":{"line":60,"column":7},"end":{"line":60,"column":65}},"type":"binary-expr","locations":[{"start":{"line":60,"column":7},"end":{"line":60,"column":11}},{"start":{"line":60,"column":15},"end":{"line":60,"column":65}}],"line":60},"4":{"loc":{"start":{"line":61,"column":7},"end":{"line":69,"column":7}},"type":"binary-expr","locations":[{"start":{"line":61,"column":7},"end":{"line":61,"column":12}},{"start":{"line":62,"column":8},"end":{"line":68,"column":15}}],"line":61},"5":{"loc":{"start":{"line":71,"column":7},"end":{"line":71,"column":67}},"type":"binary-expr","locations":[{"start":{"line":71,"column":7},"end":{"line":71,"column":16}},{"start":{"line":71,"column":20},"end":{"line":71,"column":67}}],"line":71}},"s":{"0":3,"1":7},"f":{"0":7},"b":{"0":[7],"1":[2],"2":[6],"3":[7,3],"4":[7,3],"5":[7,1]},"_coverageSchema":"1a1c01bbd47fc00a2c39e90264f33305004495a9","hash":"a427ba05d15d4d6e169f7d3d12d0a848addfaa1b"}
,"/Users/xmta/Work/void/rma-sinitres/packages/design-system/src/components/elements/Heading/theme.ts": {"path":"/Users/xmta/Work/void/rma-sinitres/packages/design-system/src/components/elements/Heading/theme.ts","statementMap":{"0":{"start":{"line":1,"column":21},"end":{"line":8,"column":1}}},"fnMap":{},"branchMap":{},"s":{"0":3},"f":{},"b":{},"_coverageSchema":"1a1c01bbd47fc00a2c39e90264f33305004495a9","hash":"4705de720e427dcd7ebf9bfd40b78ec2a946204b"}
,"/Users/xmta/Work/void/rma-sinitres/packages/design-system/src/components/elements/accordion/Accordion.tsx": {"path":"/Users/xmta/Work/void/rma-sinitres/packages/design-system/src/components/elements/accordion/Accordion.tsx","statementMap":{"0":{"start":{"line":83,"column":51},"end":{"line":184,"column":1}},"1":{"start":{"line":92,"column":40},"end":{"line":98,"column":3}},"2":{"start":{"line":93,"column":4},"end":{"line":97,"column":7}},"3":{"start":{"line":93,"column":25},"end":{"line":97,"column":5}},"4":{"start":{"line":102,"column":23},"end":{"line":120,"column":3}},"5":{"start":{"line":103,"column":15},"end":{"line":103,"column":22}},"6":{"start":{"line":104,"column":4},"end":{"line":119,"column":5}},"7":{"start":{"line":105,"column":6},"end":{"line":109,"column":8}},"8":{"start":{"line":106,"column":8},"end":{"line":108,"column":9}},"9":{"start":{"line":107,"column":10},"end":{"line":107,"column":67}},"10":{"start":{"line":111,"column":6},"end":{"line":118,"column":8}},"11":{"start":{"line":112,"column":8},"end":{"line":117,"column":10}},"12":{"start":{"line":113,"column":10},"end":{"line":116,"column":12}},"13":{"start":{"line":125,"column":19},"end":{"line":127,"column":3}},"14":{"start":{"line":126,"column":4},"end":{"line":126,"column":62}},"15":{"start":{"line":126,"column":38},"end":{"line":126,"column":52}},"16":{"start":{"line":129,"column":2},"end":{"line":183,"column":4}},"17":{"start":{"line":132,"column":21},"end":{"line":132,"column":38}},"18":{"start":{"line":133,"column":8},"end":{"line":180,"column":10}},"19":{"start":{"line":143,"column":31},"end":{"line":143,"column":49}}},"fnMap":{"0":{"name":"(anonymous_0)","decl":{"start":{"line":83,"column":51},"end":{"line":83,"column":52}},"loc":{"start":{"line":91,"column":6},"end":{"line":184,"column":1}},"line":91},"1":{"name":"(anonymous_1)","decl":{"start":{"line":92,"column":49},"end":{"line":92,"column":50}},"loc":{"start":{"line":93,"column":4},"end":{"line":97,"column":7}},"line":93},"2":{"name":"(anonymous_2)","decl":{"start":{"line":93,"column":14},"end":{"line":93,"column":15}},"loc":{"start":{"line":93,"column":25},"end":{"line":97,"column":5}},"line":93},"3":{"name":"(anonymous_3)","decl":{"start":{"line":102,"column":23},"end":{"line":102,"column":24}},"loc":{"start":{"line":102,"column":48},"end":{"line":120,"column":3}},"line":102},"4":{"name":"(anonymous_4)","decl":{"start":{"line":105,"column":21},"end":{"line":105,"column":22}},"loc":{"start":{"line":106,"column":8},"end":{"line":108,"column":9}},"line":106},"5":{"name":"(anonymous_5)","decl":{"start":{"line":106,"column":22},"end":{"line":106,"column":23}},"loc":{"start":{"line":107,"column":10},"end":{"line":107,"column":67}},"line":107},"6":{"name":"(anonymous_6)","decl":{"start":{"line":111,"column":21},"end":{"line":111,"column":22}},"loc":{"start":{"line":112,"column":8},"end":{"line":117,"column":10}},"line":112},"7":{"name":"(anonymous_7)","decl":{"start":{"line":112,"column":22},"end":{"line":112,"column":23}},"loc":{"start":{"line":112,"column":32},"end":{"line":117,"column":9}},"line":112},"8":{"name":"(anonymous_8)","decl":{"start":{"line":125,"column":19},"end":{"line":125,"column":20}},"loc":{"start":{"line":125,"column":35},"end":{"line":127,"column":3}},"line":125},"9":{"name":"(anonymous_9)","decl":{"start":{"line":126,"column":28},"end":{"line":126,"column":29}},"loc":{"start":{"line":126,"column":38},"end":{"line":126,"column":52}},"line":126},"10":{"name":"(anonymous_10)","decl":{"start":{"line":131,"column":23},"end":{"line":131,"column":24}},"loc":{"start":{"line":131,"column":40},"end":{"line":181,"column":7}},"line":131},"11":{"name":"(anonymous_11)","decl":{"start":{"line":143,"column":25},"end":{"line":143,"column":26}},"loc":{"start":{"line":143,"column":31},"end":{"line":143,"column":49}},"line":143}},"branchMap":{"0":{"loc":{"start":{"line":84,"column":2},"end":{"line":84,"column":21}},"type":"default-arg","locations":[{"start":{"line":84,"column":12},"end":{"line":84,"column":21}}],"line":84},"1":{"loc":{"start":{"line":86,"column":2},"end":{"line":86,"column":12}},"type":"default-arg","locations":[{"start":{"line":86,"column":10},"end":{"line":86,"column":12}}],"line":86},"2":{"loc":{"start":{"line":87,"column":2},"end":{"line":87,"column":23}},"type":"default-arg","locations":[{"start":{"line":87,"column":18},"end":{"line":87,"column":23}}],"line":87},"3":{"loc":{"start":{"line":88,"column":2},"end":{"line":88,"column":34}},"type":"default-arg","locations":[{"start":{"line":88,"column":16},"end":{"line":88,"column":34}}],"line":88},"4":{"loc":{"start":{"line":95,"column":14},"end":{"line":95,"column":33}},"type":"binary-expr","locations":[{"start":{"line":95,"column":14},"end":{"line":95,"column":24}},{"start":{"line":95,"column":28},"end":{"line":95,"column":33}}],"line":95},"5":{"loc":{"start":{"line":104,"column":4},"end":{"line":119,"column":5}},"type":"if","locations":[{"start":{"line":104,"column":4},"end":{"line":119,"column":5}},{"start":{"line":110,"column":11},"end":{"line":119,"column":5}}],"line":104},"6":{"loc":{"start":{"line":107,"column":10},"end":{"line":107,"column":67}},"type":"cond-expr","locations":[{"start":{"line":107,"column":27},"end":{"line":107,"column":31}},{"start":{"line":107,"column":34},"end":{"line":107,"column":67}}],"line":107},"7":{"loc":{"start":{"line":115,"column":20},"end":{"line":115,"column":57}},"type":"cond-expr","locations":[{"start":{"line":115,"column":37},"end":{"line":115,"column":42}},{"start":{"line":115,"column":45},"end":{"line":115,"column":57}}],"line":115},"8":{"loc":{"start":{"line":139,"column":25},"end":{"line":139,"column":51}},"type":"cond-expr","locations":[{"start":{"line":139,"column":39},"end":{"line":139,"column":43}},{"start":{"line":139,"column":46},"end":{"line":139,"column":51}}],"line":139},"9":{"loc":{"start":{"line":157,"column":22},"end":{"line":157,"column":56}},"type":"cond-expr","locations":[{"start":{"line":157,"column":29},"end":{"line":157,"column":51}},{"start":{"line":157,"column":54},"end":{"line":157,"column":56}}],"line":157},"10":{"loc":{"start":{"line":161,"column":17},"end":{"line":165,"column":17}},"type":"binary-expr","locations":[{"start":{"line":161,"column":17},"end":{"line":161,"column":29}},{"start":{"line":162,"column":18},"end":{"line":164,"column":25}}],"line":161},"11":{"loc":{"start":{"line":169,"column":21},"end":{"line":169,"column":59}},"type":"binary-expr","locations":[{"start":{"line":169,"column":21},"end":{"line":169,"column":53}},{"start":{"line":169,"column":57},"end":{"line":169,"column":59}}],"line":169}},"s":{"0":1,"1":12,"2":6,"3":15,"4":12,"5":8,"6":8,"7":6,"8":6,"9":18,"10":2,"11":2,"12":6,"13":12,"14":33,"15":66,"16":12,"17":33,"18":33,"19":8},"f":{"0":12,"1":6,"2":15,"3":8,"4":6,"5":18,"6":2,"7":6,"8":33,"9":66,"10":33,"11":8},"b":{"0":[12],"1":[1],"2":[2],"3":[12],"4":[15,15],"5":[6,2],"6":[12,6],"7":[4,2],"8":[11,22],"9":[5,28],"10":[33,0],"11":[33,0]},"_coverageSchema":"1a1c01bbd47fc00a2c39e90264f33305004495a9","hash":"5e23db7b0e3cbc833fd08f364ec368e8dfb2e4e9"}
,"/Users/xmta/Work/void/rma-sinitres/packages/design-system/src/components/elements/accordion/theme.ts": {"path":"/Users/xmta/Work/void/rma-sinitres/packages/design-system/src/components/elements/accordion/theme.ts","statementMap":{"0":{"start":{"line":2,"column":25},"end":{"line":46,"column":1}}},"fnMap":{},"branchMap":{},"s":{"0":1},"f":{},"b":{},"_coverageSchema":"1a1c01bbd47fc00a2c39e90264f33305004495a9","hash":"9624d11c46532233cba807c2a4f3fa0aa1142233"}
,"/Users/xmta/Work/void/rma-sinitres/packages/design-system/src/components/elements/autocomplete/Autocomplete.tsx": {"path":"/Users/xmta/Work/void/rma-sinitres/packages/design-system/src/components/elements/autocomplete/Autocomplete.tsx","statementMap":{"0":{"start":{"line":65,"column":57},"end":{"line":208,"column":1}},"1":{"start":{"line":76,"column":28},"end":{"line":76,"column":48}},"2":{"start":{"line":77,"column":58},"end":{"line":92,"column":4}},"3":{"start":{"line":80,"column":4},"end":{"line":91,"column":5}},"4":{"start":{"line":81,"column":27},"end":{"line":83,"column":8}},"5":{"start":{"line":82,"column":8},"end":{"line":82,"column":38}},"6":{"start":{"line":84,"column":6},"end":{"line":86,"column":7}},"7":{"start":{"line":85,"column":8},"end":{"line":85,"column":25}},"8":{"start":{"line":87,"column":34},"end":{"line":87,"column":68}},"9":{"start":{"line":88,"column":6},"end":{"line":88,"column":39}},"10":{"start":{"line":90,"column":6},"end":{"line":90,"column":23}},"11":{"start":{"line":95,"column":4},"end":{"line":102,"column":9}},"12":{"start":{"line":98,"column":10},"end":{"line":101,"column":62}},"13":{"start":{"line":107,"column":23},"end":{"line":112,"column":3}},"14":{"start":{"line":108,"column":4},"end":{"line":108,"column":36}},"15":{"start":{"line":109,"column":4},"end":{"line":111,"column":5}},"16":{"start":{"line":110,"column":6},"end":{"line":110,"column":32}},"17":{"start":{"line":113,"column":2},"end":{"line":207,"column":4}},"18":{"start":{"line":134,"column":33},"end":{"line":134,"column":61}},"19":{"start":{"line":156,"column":28},"end":{"line":156,"column":40}},"20":{"start":{"line":171,"column":16},"end":{"line":200,"column":34}},"21":{"start":{"line":174,"column":20},"end":{"line":181,"column":22}},"22":{"start":{"line":186,"column":20},"end":{"line":198,"column":23}}},"fnMap":{"0":{"name":"(anonymous_0)","decl":{"start":{"line":65,"column":57},"end":{"line":65,"column":58}},"loc":{"start":{"line":75,"column":6},"end":{"line":208,"column":1}},"line":75},"1":{"name":"(anonymous_1)","decl":{"start":{"line":79,"column":4},"end":{"line":79,"column":5}},"loc":{"start":{"line":79,"column":10},"end":{"line":92,"column":3}},"line":79},"2":{"name":"(anonymous_2)","decl":{"start":{"line":81,"column":37},"end":{"line":81,"column":38}},"loc":{"start":{"line":81,"column":47},"end":{"line":83,"column":7}},"line":81},"3":{"name":"(anonymous_3)","decl":{"start":{"line":97,"column":20},"end":{"line":97,"column":21}},"loc":{"start":{"line":98,"column":10},"end":{"line":101,"column":62}},"line":98},"4":{"name":"(anonymous_4)","decl":{"start":{"line":107,"column":23},"end":{"line":107,"column":24}},"loc":{"start":{"line":107,"column":53},"end":{"line":112,"column":3}},"line":107},"5":{"name":"(anonymous_5)","decl":{"start":{"line":134,"column":22},"end":{"line":134,"column":23}},"loc":{"start":{"line":134,"column":33},"end":{"line":134,"column":61}},"line":134},"6":{"name":"(anonymous_6)","decl":{"start":{"line":156,"column":22},"end":{"line":156,"column":23}},"loc":{"start":{"line":156,"column":28},"end":{"line":156,"column":40}},"line":156},"7":{"name":"(anonymous_7)","decl":{"start":{"line":170,"column":31},"end":{"line":170,"column":32}},"loc":{"start":{"line":171,"column":16},"end":{"line":200,"column":34}},"line":171},"8":{"name":"(anonymous_8)","decl":{"start":{"line":173,"column":29},"end":{"line":173,"column":30}},"loc":{"start":{"line":173,"column":52},"end":{"line":182,"column":19}},"line":173},"9":{"name":"(anonymous_9)","decl":{"start":{"line":185,"column":19},"end":{"line":185,"column":20}},"loc":{"start":{"line":186,"column":20},"end":{"line":198,"column":23}},"line":186}},"branchMap":{"0":{"loc":{"start":{"line":67,"column":2},"end":{"line":67,"column":17}},"type":"default-arg","locations":[{"start":{"line":67,"column":13},"end":{"line":67,"column":17}}],"line":67},"1":{"loc":{"start":{"line":68,"column":2},"end":{"line":68,"column":19}},"type":"default-arg","locations":[{"start":{"line":68,"column":17},"end":{"line":68,"column":19}}],"line":68},"2":{"loc":{"start":{"line":72,"column":2},"end":{"line":72,"column":21}},"type":"default-arg","locations":[{"start":{"line":72,"column":12},"end":{"line":72,"column":21}}],"line":72},"3":{"loc":{"start":{"line":80,"column":4},"end":{"line":91,"column":5}},"type":"if","locations":[{"start":{"line":80,"column":4},"end":{"line":91,"column":5}},{"start":{"line":89,"column":11},"end":{"line":91,"column":5}}],"line":80},"4":{"loc":{"start":{"line":84,"column":6},"end":{"line":86,"column":7}},"type":"if","locations":[{"start":{"line":84,"column":6},"end":{"line":86,"column":7}},{"start":{},"end":{}}],"line":84},"5":{"loc":{"start":{"line":87,"column":47},"end":{"line":87,"column":67}},"type":"binary-expr","locations":[{"start":{"line":87,"column":47},"end":{"line":87,"column":59}},{"start":{"line":87,"column":63},"end":{"line":87,"column":67}}],"line":87},"6":{"loc":{"start":{"line":95,"column":4},"end":{"line":102,"column":9}},"type":"cond-expr","locations":[{"start":{"line":96,"column":8},"end":{"line":96,"column":12}},{"start":{"line":97,"column":8},"end":{"line":102,"column":9}}],"line":95},"7":{"loc":{"start":{"line":109,"column":4},"end":{"line":111,"column":5}},"type":"if","locations":[{"start":{"line":109,"column":4},"end":{"line":111,"column":5}},{"start":{},"end":{}}],"line":109},"8":{"loc":{"start":{"line":115,"column":7},"end":{"line":115,"column":79}},"type":"binary-expr","locations":[{"start":{"line":115,"column":7},"end":{"line":115,"column":12}},{"start":{"line":115,"column":16},"end":{"line":115,"column":79}}],"line":115},"9":{"loc":{"start":{"line":123,"column":12},"end":{"line":123,"column":76}},"type":"binary-expr","locations":[{"start":{"line":123,"column":12},"end":{"line":123,"column":20}},{"start":{"line":123,"column":24},"end":{"line":123,"column":76}}],"line":123},"10":{"loc":{"start":{"line":130,"column":14},"end":{"line":132,"column":32}},"type":"cond-expr","locations":[{"start":{"line":131,"column":18},"end":{"line":131,"column":46}},{"start":{"line":132,"column":18},"end":{"line":132,"column":32}}],"line":130},"11":{"loc":{"start":{"line":139,"column":13},"end":{"line":143,"column":13}},"type":"cond-expr","locations":[{"start":{"line":140,"column":14},"end":{"line":140,"column":24}},{"start":{"line":142,"column":14},"end":{"line":142,"column":63}}],"line":139},"12":{"loc":{"start":{"line":146,"column":9},"end":{"line":150,"column":9}},"type":"binary-expr","locations":[{"start":{"line":146,"column":9},"end":{"line":146,"column":17}},{"start":{"line":147,"column":10},"end":{"line":149,"column":17}}],"line":146},"13":{"loc":{"start":{"line":161,"column":13},"end":{"line":202,"column":13}},"type":"cond-expr","locations":[{"start":{"line":162,"column":14},"end":{"line":168,"column":20}},{"start":{"line":170,"column":14},"end":{"line":201,"column":16}}],"line":161},"14":{"loc":{"start":{"line":161,"column":13},"end":{"line":161,"column":54}},"type":"binary-expr","locations":[{"start":{"line":161,"column":13},"end":{"line":161,"column":38}},{"start":{"line":161,"column":42},"end":{"line":161,"column":54}}],"line":161},"15":{"loc":{"start":{"line":173,"column":32},"end":{"line":173,"column":45}},"type":"default-arg","locations":[{"start":{"line":173,"column":41},"end":{"line":173,"column":45}}],"line":173},"16":{"loc":{"start":{"line":176,"column":22},"end":{"line":180,"column":37}},"type":"cond-expr","locations":[{"start":{"line":177,"column":26},"end":{"line":178,"column":35}},{"start":{"line":179,"column":26},"end":{"line":180,"column":37}}],"line":176},"17":{"loc":{"start":{"line":188,"column":23},"end":{"line":197,"column":30}},"type":"cond-expr","locations":[{"start":{"line":189,"column":24},"end":{"line":196,"column":31}},{"start":{"line":197,"column":26},"end":{"line":197,"column":30}}],"line":188}},"s":{"0":1,"1":11,"2":11,"3":8,"4":1,"5":1,"6":1,"7":0,"8":1,"9":1,"10":7,"11":11,"12":6,"13":11,"14":1,"15":1,"16":1,"17":11,"18":2,"19":0,"20":28,"21":17,"22":17},"f":{"0":11,"1":8,"2":1,"3":6,"4":1,"5":2,"6":0,"7":28,"8":17,"9":17},"b":{"0":[11],"1":[11],"2":[11],"3":[1,7],"4":[0,1],"5":[1,0],"6":[9,2],"7":[1,0],"8":[11,0],"9":[11,11],"10":[2,9],"11":[1,10],"12":[11,11],"13":[1,10],"14":[11,1],"15":[0],"16":[3,14],"17":[3,14]},"_coverageSchema":"1a1c01bbd47fc00a2c39e90264f33305004495a9","hash":"d9209e8a786dd3db2fa3d11b1d124f7a3521ceae"}
,"/Users/xmta/Work/void/rma-sinitres/packages/design-system/src/components/elements/autocomplete/theme.ts": {"path":"/Users/xmta/Work/void/rma-sinitres/packages/design-system/src/components/elements/autocomplete/theme.ts","statementMap":{"0":{"start":{"line":1,"column":28},"end":{"line":33,"column":1}}},"fnMap":{},"branchMap":{},"s":{"0":1},"f":{},"b":{},"_coverageSchema":"1a1c01bbd47fc00a2c39e90264f33305004495a9","hash":"3b21d5ceaed65c6b27c9b3bc6e4bac79ca34ccf8"}
,"/Users/xmta/Work/void/rma-sinitres/packages/design-system/src/components/elements/avatar/Avatar.tsx": {"path":"/Users/xmta/Work/void/rma-sinitres/packages/design-system/src/components/elements/avatar/Avatar.tsx","statementMap":{"0":{"start":{"line":8,"column":2},"end":{"line":8,"column":157}},"1":{"start":{"line":44,"column":22},"end":{"line":97,"column":1}},"2":{"start":{"line":54,"column":2},"end":{"line":85,"column":3}},"3":{"start":{"line":55,"column":4},"end":{"line":68,"column":6}},"4":{"start":{"line":69,"column":9},"end":{"line":85,"column":3}},"5":{"start":{"line":70,"column":4},"end":{"line":84,"column":6}},"6":{"start":{"line":87,"column":2},"end":{"line":96,"column":4}}},"fnMap":{"0":{"name":"(anonymous_0)","decl":{"start":{"line":44,"column":22},"end":{"line":44,"column":23}},"loc":{"start":{"line":52,"column":19},"end":{"line":97,"column":1}},"line":52}},"branchMap":{"0":{"loc":{"start":{"line":46,"column":2},"end":{"line":46,"column":16}},"type":"default-arg","locations":[{"start":{"line":46,"column":14},"end":{"line":46,"column":16}}],"line":46},"1":{"loc":{"start":{"line":47,"column":2},"end":{"line":47,"column":21}},"type":"default-arg","locations":[{"start":{"line":47,"column":12},"end":{"line":47,"column":21}}],"line":47},"2":{"loc":{"start":{"line":48,"column":2},"end":{"line":48,"column":17}},"type":"default-arg","locations":[{"start":{"line":48,"column":9},"end":{"line":48,"column":17}}],"line":48},"3":{"loc":{"start":{"line":49,"column":2},"end":{"line":49,"column":10}},"type":"default-arg","locations":[{"start":{"line":49,"column":8},"end":{"line":49,"column":10}}],"line":49},"4":{"loc":{"start":{"line":50,"column":2},"end":{"line":50,"column":28}},"type":"default-arg","locations":[{"start":{"line":50,"column":8},"end":{"line":50,"column":28}}],"line":50},"5":{"loc":{"start":{"line":54,"column":2},"end":{"line":85,"column":3}},"type":"if","locations":[{"start":{"line":54,"column":2},"end":{"line":85,"column":3}},{"start":{"line":69,"column":9},"end":{"line":85,"column":3}}],"line":54},"6":{"loc":{"start":{"line":69,"column":9},"end":{"line":85,"column":3}},"type":"if","locations":[{"start":{"line":69,"column":9},"end":{"line":85,"column":3}},{"start":{},"end":{}}],"line":69}},"s":{"0":2,"1":2,"2":4,"3":1,"4":3,"5":1,"6":2},"f":{"0":4},"b":{"0":[4],"1":[2],"2":[4],"3":[4],"4":[4],"5":[1,3],"6":[1,2]},"_coverageSchema":"1a1c01bbd47fc00a2c39e90264f33305004495a9","hash":"df003dc2fa9f489e22f5ef52d0a9084169103715"}
,"/Users/xmta/Work/void/rma-sinitres/packages/design-system/src/components/elements/avatar/theme.ts": {"path":"/Users/xmta/Work/void/rma-sinitres/packages/design-system/src/components/elements/avatar/theme.ts","statementMap":{"0":{"start":{"line":1,"column":22},"end":{"line":27,"column":1}}},"fnMap":{},"branchMap":{},"s":{"0":2},"f":{},"b":{},"_coverageSchema":"1a1c01bbd47fc00a2c39e90264f33305004495a9","hash":"bfc0f8cd8b83c4806b6965a9e900ac00c30a36a1"}
,"/Users/xmta/Work/void/rma-sinitres/packages/design-system/src/components/elements/badge/Badge.tsx": {"path":"/Users/xmta/Work/void/rma-sinitres/packages/design-system/src/components/elements/badge/Badge.tsx","statementMap":{"0":{"start":{"line":56,"column":21},"end":{"line":60,"column":10}},"1":{"start":{"line":65,"column":43},"end":{"line":92,"column":1}},"2":{"start":{"line":75,"column":20},"end":{"line":75,"column":40}},"3":{"start":{"line":76,"column":2},"end":{"line":91,"column":4}}},"fnMap":{"0":{"name":"(anonymous_0)","decl":{"start":{"line":65,"column":43},"end":{"line":65,"column":44}},"loc":{"start":{"line":74,"column":6},"end":{"line":92,"column":1}},"line":74}},"branchMap":{"0":{"loc":{"start":{"line":69,"column":2},"end":{"line":69,"column":18}},"type":"default-arg","locations":[{"start":{"line":69,"column":12},"end":{"line":69,"column":18}}],"line":69},"1":{"loc":{"start":{"line":70,"column":2},"end":{"line":70,"column":13}},"type":"default-arg","locations":[{"start":{"line":70,"column":9},"end":{"line":70,"column":13}}],"line":70},"2":{"loc":{"start":{"line":72,"column":2},"end":{"line":72,"column":16}},"type":"default-arg","locations":[{"start":{"line":72,"column":14},"end":{"line":72,"column":16}}],"line":72},"3":{"loc":{"start":{"line":75,"column":20},"end":{"line":75,"column":40}},"type":"cond-expr","locations":[{"start":{"line":75,"column":27},"end":{"line":75,"column":31}},{"start":{"line":75,"column":34},"end":{"line":75,"column":40}}],"line":75},"4":{"loc":{"start":{"line":88,"column":7},"end":{"line":88,"column":62}},"type":"binary-expr","locations":[{"start":{"line":88,"column":7},"end":{"line":88,"column":11}},{"start":{"line":88,"column":15},"end":{"line":88,"column":62}}],"line":88}},"s":{"0":11,"1":11,"2":17,"3":17},"f":{"0":17},"b":{"0":[3],"1":[6],"2":[7],"3":[1,16],"4":[17,0]},"_coverageSchema":"1a1c01bbd47fc00a2c39e90264f33305004495a9","hash":"45177ddb774e990bb0f0ed988d6480a7491a8aed"}
,"/Users/xmta/Work/void/rma-sinitres/packages/design-system/src/components/elements/badge/theme.ts": {"path":"/Users/xmta/Work/void/rma-sinitres/packages/design-system/src/components/elements/badge/theme.ts","statementMap":{"0":{"start":{"line":1,"column":21},"end":{"line":23,"column":1}}},"fnMap":{},"branchMap":{},"s":{"0":11},"f":{},"b":{},"_coverageSchema":"1a1c01bbd47fc00a2c39e90264f33305004495a9","hash":"dc26cb5284e99a725995c10f3002b61d03421fdd"}
,"/Users/xmta/Work/void/rma-sinitres/packages/design-system/src/components/elements/breadcrumb/Breadcrumb.tsx": {"path":"/Users/xmta/Work/void/rma-sinitres/packages/design-system/src/components/elements/breadcrumb/Breadcrumb.tsx","statementMap":{"0":{"start":{"line":60,"column":53},"end":{"line":166,"column":1}},"1":{"start":{"line":68,"column":4},"end":{"line":72,"column":13}},"2":{"start":{"line":73,"column":19},"end":{"line":73,"column":42}},"3":{"start":{"line":75,"column":2},"end":{"line":165,"column":4}},"4":{"start":{"line":92,"column":10},"end":{"line":119,"column":12}}},"fnMap":{"0":{"name":"(anonymous_0)","decl":{"start":{"line":60,"column":53},"end":{"line":60,"column":54}},"loc":{"start":{"line":66,"column":6},"end":{"line":166,"column":1}},"line":66},"1":{"name":"(anonymous_1)","decl":{"start":{"line":91,"column":18},"end":{"line":91,"column":19}},"loc":{"start":{"line":91,"column":35},"end":{"line":120,"column":9}},"line":91}},"branchMap":{"0":{"loc":{"start":{"line":62,"column":2},"end":{"line":62,"column":16}},"type":"default-arg","locations":[{"start":{"line":62,"column":14},"end":{"line":62,"column":16}}],"line":62},"1":{"loc":{"start":{"line":63,"column":2},"end":{"line":63,"column":21}},"type":"default-arg","locations":[{"start":{"line":63,"column":12},"end":{"line":63,"column":21}}],"line":63},"2":{"loc":{"start":{"line":64,"column":2},"end":{"line":64,"column":12}},"type":"default-arg","locations":[{"start":{"line":64,"column":10},"end":{"line":64,"column":12}}],"line":64},"3":{"loc":{"start":{"line":65,"column":2},"end":{"line":65,"column":19}},"type":"default-arg","locations":[{"start":{"line":65,"column":14},"end":{"line":65,"column":19}}],"line":65},"4":{"loc":{"start":{"line":68,"column":4},"end":{"line":72,"column":13}},"type":"cond-expr","locations":[{"start":{"line":69,"column":8},"end":{"line":69,"column":25}},{"start":{"line":70,"column":8},"end":{"line":72,"column":13}}],"line":68},"5":{"loc":{"start":{"line":68,"column":4},"end":{"line":68,"column":44}},"type":"binary-expr","locations":[{"start":{"line":68,"column":4},"end":{"line":68,"column":11}},{"start":{"line":68,"column":15},"end":{"line":68,"column":31}},{"start":{"line":68,"column":35},"end":{"line":68,"column":44}}],"line":68},"6":{"loc":{"start":{"line":70,"column":8},"end":{"line":72,"column":13}},"type":"cond-expr","locations":[{"start":{"line":71,"column":8},"end":{"line":71,"column":25}},{"start":{"line":72,"column":8},"end":{"line":72,"column":13}}],"line":70},"7":{"loc":{"start":{"line":70,"column":8},"end":{"line":70,"column":37}},"type":"binary-expr","locations":[{"start":{"line":70,"column":8},"end":{"line":70,"column":24}},{"start":{"line":70,"column":28},"end":{"line":70,"column":37}}],"line":70},"8":{"loc":{"start":{"line":78,"column":9},"end":{"line":90,"column":9}},"type":"binary-expr","locations":[{"start":{"line":78,"column":9},"end":{"line":78,"column":16}},{"start":{"line":79,"column":10},"end":{"line":89,"column":15}}],"line":78},"9":{"loc":{"start":{"line":94,"column":15},"end":{"line":99,"column":15}},"type":"cond-expr","locations":[{"start":{"line":94,"column":40},"end":{"line":94,"column":44}},{"start":{"line":95,"column":16},"end":{"line":98,"column":18}}],"line":94},"10":{"loc":{"start":{"line":94,"column":15},"end":{"line":94,"column":37}},"type":"binary-expr","locations":[{"start":{"line":94,"column":15},"end":{"line":94,"column":25}},{"start":{"line":94,"column":29},"end":{"line":94,"column":37}}],"line":94},"11":{"loc":{"start":{"line":102,"column":22},"end":{"line":102,"column":39}},"type":"binary-expr","locations":[{"start":{"line":102,"column":22},"end":{"line":102,"column":31}},{"start":{"line":102,"column":35},"end":{"line":102,"column":39}}],"line":102},"12":{"loc":{"start":{"line":104,"column":18},"end":{"line":106,"column":46}},"type":"cond-expr","locations":[{"start":{"line":105,"column":22},"end":{"line":105,"column":52}},{"start":{"line":106,"column":22},"end":{"line":106,"column":46}}],"line":104},"13":{"loc":{"start":{"line":108,"column":30},"end":{"line":108,"column":63}},"type":"cond-expr","locations":[{"start":{"line":108,"column":45},"end":{"line":108,"column":51}},{"start":{"line":108,"column":54},"end":{"line":108,"column":63}}],"line":108},"14":{"loc":{"start":{"line":122,"column":9},"end":{"line":162,"column":9}},"type":"binary-expr","locations":[{"start":{"line":122,"column":9},"end":{"line":122,"column":37}},{"start":{"line":123,"column":10},"end":{"line":161,"column":13}}],"line":122},"15":{"loc":{"start":{"line":144,"column":22},"end":{"line":144,"column":43}},"type":"binary-expr","locations":[{"start":{"line":144,"column":22},"end":{"line":144,"column":35}},{"start":{"line":144,"column":39},"end":{"line":144,"column":43}}],"line":144},"16":{"loc":{"start":{"line":146,"column":18},"end":{"line":148,"column":46}},"type":"cond-expr","locations":[{"start":{"line":147,"column":22},"end":{"line":147,"column":52}},{"start":{"line":148,"column":22},"end":{"line":148,"column":46}}],"line":146},"17":{"loc":{"start":{"line":150,"column":30},"end":{"line":150,"column":67}},"type":"cond-expr","locations":[{"start":{"line":150,"column":49},"end":{"line":150,"column":55}},{"start":{"line":150,"column":58},"end":{"line":150,"column":67}}],"line":150}},"s":{"0":1,"1":3,"2":3,"3":3,"4":3},"f":{"0":3,"1":3},"b":{"0":[3],"1":[3],"2":[2],"3":[3],"4":[0,3],"5":[3,1,0],"6":[0,3],"7":[3,0],"8":[3,1],"9":[1,2],"10":[3,1],"11":[3,0],"12":[0,3],"13":[0,3],"14":[3,0],"15":[0,0],"16":[0,0],"17":[0,0]},"_coverageSchema":"1a1c01bbd47fc00a2c39e90264f33305004495a9","hash":"bdbea12fe355d3183d660bb9968849377619231a"}
,"/Users/xmta/Work/void/rma-sinitres/packages/design-system/src/components/elements/breadcrumb/theme.ts": {"path":"/Users/xmta/Work/void/rma-sinitres/packages/design-system/src/components/elements/breadcrumb/theme.ts","statementMap":{"0":{"start":{"line":1,"column":26},"end":{"line":10,"column":1}}},"fnMap":{},"branchMap":{},"s":{"0":1},"f":{},"b":{},"_coverageSchema":"1a1c01bbd47fc00a2c39e90264f33305004495a9","hash":"06c573d17259d7e47cfe9e0a41d69bac45ceffc1"}
,"/Users/xmta/Work/void/rma-sinitres/packages/design-system/src/components/elements/button/Button.tsx": {"path":"/Users/xmta/Work/void/rma-sinitres/packages/design-system/src/components/elements/button/Button.tsx","statementMap":{"0":{"start":{"line":26,"column":21},"end":{"line":37,"column":1}},"1":{"start":{"line":31,"column":4},"end":{"line":35,"column":6}},"2":{"start":{"line":106,"column":15},"end":{"line":177,"column":1}},"3":{"start":{"line":127,"column":28},"end":{"line":127,"column":54}},"4":{"start":{"line":129,"column":4},"end":{"line":131,"column":5}},"5":{"start":{"line":130,"column":6},"end":{"line":130,"column":52}},"6":{"start":{"line":133,"column":4},"end":{"line":175,"column":6}}},"fnMap":{"0":{"name":"(anonymous_0)","decl":{"start":{"line":27,"column":2},"end":{"line":27,"column":3}},"loc":{"start":{"line":30,"column":7},"end":{"line":36,"column":3}},"line":30},"1":{"name":"(anonymous_1)","decl":{"start":{"line":107,"column":2},"end":{"line":107,"column":3}},"loc":{"start":{"line":126,"column":7},"end":{"line":176,"column":3}},"line":126}},"branchMap":{"0":{"loc":{"start":{"line":28,"column":16},"end":{"line":28,"column":32}},"type":"default-arg","locations":[{"start":{"line":28,"column":27},"end":{"line":28,"column":32}}],"line":28},"1":{"loc":{"start":{"line":113,"column":6},"end":{"line":113,"column":21}},"type":"default-arg","locations":[{"start":{"line":113,"column":13},"end":{"line":113,"column":21}}],"line":113},"2":{"loc":{"start":{"line":114,"column":6},"end":{"line":114,"column":20}},"type":"default-arg","locations":[{"start":{"line":114,"column":18},"end":{"line":114,"column":20}}],"line":114},"3":{"loc":{"start":{"line":115,"column":6},"end":{"line":115,"column":25}},"type":"default-arg","locations":[{"start":{"line":115,"column":16},"end":{"line":115,"column":25}}],"line":115},"4":{"loc":{"start":{"line":116,"column":6},"end":{"line":116,"column":21}},"type":"default-arg","locations":[{"start":{"line":116,"column":13},"end":{"line":116,"column":21}}],"line":116},"5":{"loc":{"start":{"line":117,"column":6},"end":{"line":117,"column":22}},"type":"default-arg","locations":[{"start":{"line":117,"column":17},"end":{"line":117,"column":22}}],"line":117},"6":{"loc":{"start":{"line":121,"column":6},"end":{"line":121,"column":19}},"type":"default-arg","locations":[{"start":{"line":121,"column":15},"end":{"line":121,"column":19}}],"line":121},"7":{"loc":{"start":{"line":122,"column":6},"end":{"line":122,"column":23}},"type":"default-arg","locations":[{"start":{"line":122,"column":14},"end":{"line":122,"column":23}}],"line":122},"8":{"loc":{"start":{"line":127,"column":28},"end":{"line":127,"column":54}},"type":"cond-expr","locations":[{"start":{"line":127,"column":35},"end":{"line":127,"column":39}},{"start":{"line":127,"column":42},"end":{"line":127,"column":54}}],"line":127},"9":{"loc":{"start":{"line":129,"column":4},"end":{"line":131,"column":5}},"type":"if","locations":[{"start":{"line":129,"column":4},"end":{"line":131,"column":5}},{"start":{},"end":{}}],"line":129},"10":{"loc":{"start":{"line":129,"column":8},"end":{"line":129,"column":33}},"type":"binary-expr","locations":[{"start":{"line":129,"column":8},"end":{"line":129,"column":12}},{"start":{"line":129,"column":16},"end":{"line":129,"column":33}}],"line":129},"11":{"loc":{"start":{"line":141,"column":10},"end":{"line":141,"column":68}},"type":"cond-expr","locations":[{"start":{"line":141,"column":17},"end":{"line":141,"column":41}},{"start":{"line":141,"column":44},"end":{"line":141,"column":68}}],"line":141},"12":{"loc":{"start":{"line":143,"column":10},"end":{"line":143,"column":41}},"type":"binary-expr","locations":[{"start":{"line":143,"column":10},"end":{"line":143,"column":18}},{"start":{"line":143,"column":22},"end":{"line":143,"column":41}}],"line":143},"13":{"loc":{"start":{"line":144,"column":10},"end":{"line":144,"column":45}},"type":"binary-expr","locations":[{"start":{"line":144,"column":10},"end":{"line":144,"column":18}},{"start":{"line":144,"column":22},"end":{"line":144,"column":45}}],"line":144},"14":{"loc":{"start":{"line":147,"column":13},"end":{"line":147,"column":61}},"type":"cond-expr","locations":[{"start":{"line":147,"column":48},"end":{"line":147,"column":56}},{"start":{"line":147,"column":59},"end":{"line":147,"column":61}}],"line":147},"15":{"loc":{"start":{"line":148,"column":13},"end":{"line":148,"column":55}},"type":"cond-expr","locations":[{"start":{"line":148,"column":40},"end":{"line":148,"column":50}},{"start":{"line":148,"column":53},"end":{"line":148,"column":55}}],"line":148},"16":{"loc":{"start":{"line":151,"column":9},"end":{"line":153,"column":9}},"type":"binary-expr","locations":[{"start":{"line":151,"column":9},"end":{"line":151,"column":18}},{"start":{"line":152,"column":10},"end":{"line":152,"column":77}}],"line":151},"17":{"loc":{"start":{"line":157,"column":12},"end":{"line":157,"column":51}},"type":"cond-expr","locations":[{"start":{"line":157,"column":24},"end":{"line":157,"column":35}},{"start":{"line":157,"column":38},"end":{"line":157,"column":51}}],"line":157},"18":{"loc":{"start":{"line":160,"column":11},"end":{"line":172,"column":11}},"type":"cond-expr","locations":[{"start":{"line":161,"column":12},"end":{"line":161,"column":50}},{"start":{"line":163,"column":12},"end":{"line":171,"column":15}}],"line":160},"19":{"loc":{"start":{"line":164,"column":15},"end":{"line":164,"column":69}},"type":"binary-expr","locations":[{"start":{"line":164,"column":15},"end":{"line":164,"column":23}},{"start":{"line":164,"column":27},"end":{"line":164,"column":69}}],"line":164},"20":{"loc":{"start":{"line":165,"column":15},"end":{"line":169,"column":15}},"type":"binary-expr","locations":[{"start":{"line":165,"column":15},"end":{"line":165,"column":23}},{"start":{"line":166,"column":16},"end":{"line":168,"column":23}}],"line":165},"21":{"loc":{"start":{"line":170,"column":15},"end":{"line":170,"column":71}},"type":"binary-expr","locations":[{"start":{"line":170,"column":15},"end":{"line":170,"column":24}},{"start":{"line":170,"column":28},"end":{"line":170,"column":71}}],"line":170}},"s":{"0":13,"1":74,"2":13,"3":81,"4":81,"5":4,"6":77},"f":{"0":74,"1":81},"b":{"0":[0],"1":[71],"2":[56],"3":[12],"4":[69],"5":[35],"6":[76],"7":[81],"8":[7,74],"9":[4,77],"10":[81,7],"11":[1,76],"12":[77,25],"13":[77,25],"14":[74,3],"15":[3,74],"16":[77,0],"17":[0,77],"18":[1,76],"19":[76,44],"20":[76,40],"21":[76,12]},"_coverageSchema":"1a1c01bbd47fc00a2c39e90264f33305004495a9","hash":"4063f9ef361aa1f1db9e64a489f608f40b66e2f6"}
,"/Users/xmta/Work/void/rma-sinitres/packages/design-system/src/components/elements/button/theme.ts": {"path":"/Users/xmta/Work/void/rma-sinitres/packages/design-system/src/components/elements/button/theme.ts","statementMap":{"0":{"start":{"line":1,"column":22},"end":{"line":34,"column":1}}},"fnMap":{},"branchMap":{},"s":{"0":13},"f":{},"b":{},"_coverageSchema":"1a1c01bbd47fc00a2c39e90264f33305004495a9","hash":"7093034e6b81134f61a55869c94c47373d94b6fa"}
,"/Users/xmta/Work/void/rma-sinitres/packages/design-system/src/components/elements/card-image-link/CardImageLink.tsx": {"path":"/Users/xmta/Work/void/rma-sinitres/packages/design-system/src/components/elements/card-image-link/CardImageLink.tsx","statementMap":{"0":{"start":{"line":37,"column":29},"end":{"line":72,"column":1}},"1":{"start":{"line":44,"column":2},"end":{"line":71,"column":4}}},"fnMap":{"0":{"name":"(anonymous_0)","decl":{"start":{"line":37,"column":29},"end":{"line":37,"column":30}},"loc":{"start":{"line":43,"column":26},"end":{"line":72,"column":1}},"line":43}},"branchMap":{"0":{"loc":{"start":{"line":42,"column":2},"end":{"line":42,"column":21}},"type":"default-arg","locations":[{"start":{"line":42,"column":10},"end":{"line":42,"column":21}}],"line":42},"1":{"loc":{"start":{"line":46,"column":12},"end":{"line":46,"column":29}},"type":"binary-expr","locations":[{"start":{"line":46,"column":12},"end":{"line":46,"column":21}},{"start":{"line":46,"column":25},"end":{"line":46,"column":29}}],"line":46},"2":{"loc":{"start":{"line":55,"column":15},"end":{"line":55,"column":31}},"type":"binary-expr","locations":[{"start":{"line":55,"column":15},"end":{"line":55,"column":25}},{"start":{"line":55,"column":29},"end":{"line":55,"column":31}}],"line":55}},"s":{"0":1,"1":1},"f":{"0":1},"b":{"0":[1],"1":[1,0],"2":[1,0]},"_coverageSchema":"1a1c01bbd47fc00a2c39e90264f33305004495a9","hash":"709ba4da793a8829c437f5cd9858983bbd4aa95f"}
,"/Users/xmta/Work/void/rma-sinitres/packages/design-system/src/components/elements/card-profile/CardProfile.tsx": {"path":"/Users/xmta/Work/void/rma-sinitres/packages/design-system/src/components/elements/card-profile/CardProfile.tsx","statementMap":{"0":{"start":{"line":31,"column":27},"end":{"line":69,"column":1}},"1":{"start":{"line":37,"column":2},"end":{"line":68,"column":4}}},"fnMap":{"0":{"name":"(anonymous_0)","decl":{"start":{"line":31,"column":27},"end":{"line":31,"column":28}},"loc":{"start":{"line":36,"column":24},"end":{"line":69,"column":1}},"line":36}},"branchMap":{"0":{"loc":{"start":{"line":47,"column":7},"end":{"line":60,"column":7}},"type":"binary-expr","locations":[{"start":{"line":47,"column":7},"end":{"line":47,"column":15}},{"start":{"line":48,"column":8},"end":{"line":59,"column":15}}],"line":47},"1":{"loc":{"start":{"line":61,"column":7},"end":{"line":65,"column":7}},"type":"binary-expr","locations":[{"start":{"line":61,"column":7},"end":{"line":61,"column":13}},{"start":{"line":62,"column":8},"end":{"line":64,"column":15}}],"line":61}},"s":{"0":1,"1":1},"f":{"0":1},"b":{"0":[1,1],"1":[1,1]},"_coverageSchema":"1a1c01bbd47fc00a2c39e90264f33305004495a9","hash":"31cde4c41e6e5365528794319220c110a562c969"}
,"/Users/xmta/Work/void/rma-sinitres/packages/design-system/src/components/elements/card-recap/CardRecap.tsx": {"path":"/Users/xmta/Work/void/rma-sinitres/packages/design-system/src/components/elements/card-recap/CardRecap.tsx","statementMap":{"0":{"start":{"line":54,"column":25},"end":{"line":116,"column":1}},"1":{"start":{"line":64,"column":2},"end":{"line":115,"column":4}},"2":{"start":{"line":95,"column":12},"end":{"line":104,"column":14}},"3":{"start":{"line":110,"column":14},"end":{"line":110,"column":74}}},"fnMap":{"0":{"name":"(anonymous_0)","decl":{"start":{"line":54,"column":25},"end":{"line":54,"column":26}},"loc":{"start":{"line":63,"column":22},"end":{"line":116,"column":1}},"line":63},"1":{"name":"(anonymous_1)","decl":{"start":{"line":94,"column":28},"end":{"line":94,"column":29}},"loc":{"start":{"line":94,"column":57},"end":{"line":105,"column":11}},"line":94},"2":{"name":"(anonymous_2)","decl":{"start":{"line":109,"column":22},"end":{"line":109,"column":23}},"loc":{"start":{"line":109,"column":39},"end":{"line":111,"column":13}},"line":109}},"branchMap":{"0":{"loc":{"start":{"line":61,"column":2},"end":{"line":61,"column":21}},"type":"default-arg","locations":[{"start":{"line":61,"column":17},"end":{"line":61,"column":21}}],"line":61},"1":{"loc":{"start":{"line":76,"column":9},"end":{"line":78,"column":9}},"type":"binary-expr","locations":[{"start":{"line":76,"column":9},"end":{"line":76,"column":21}},{"start":{"line":77,"column":10},"end":{"line":77,"column":79}}],"line":76},"2":{"loc":{"start":{"line":81,"column":9},"end":{"line":92,"column":9}},"type":"binary-expr","locations":[{"start":{"line":81,"column":9},"end":{"line":81,"column":21}},{"start":{"line":82,"column":10},"end":{"line":91,"column":16}}],"line":81},"3":{"loc":{"start":{"line":90,"column":13},"end":{"line":90,"column":63}},"type":"binary-expr","locations":[{"start":{"line":90,"column":13},"end":{"line":90,"column":18}},{"start":{"line":90,"column":22},"end":{"line":90,"column":63}}],"line":90},"4":{"loc":{"start":{"line":108,"column":11},"end":{"line":111,"column":14}},"type":"binary-expr","locations":[{"start":{"line":108,"column":11},"end":{"line":108,"column":16}},{"start":{"line":109,"column":12},"end":{"line":111,"column":14}}],"line":108}},"s":{"0":1,"1":1,"2":4,"3":0},"f":{"0":1,"1":4,"2":0},"b":{"0":[1],"1":[1,1],"2":[1,1],"3":[1,0],"4":[1,0]},"_coverageSchema":"1a1c01bbd47fc00a2c39e90264f33305004495a9","hash":"938577a1dd3c4b0ddf357cc1ea10bac892d83397"}
,"/Users/xmta/Work/void/rma-sinitres/packages/design-system/src/components/elements/card-releve/CardReleve.tsx": {"path":"/Users/xmta/Work/void/rma-sinitres/packages/design-system/src/components/elements/card-releve/CardReleve.tsx","statementMap":{"0":{"start":{"line":22,"column":26},"end":{"line":36,"column":1}},"1":{"start":{"line":23,"column":2},"end":{"line":35,"column":4}}},"fnMap":{"0":{"name":"(anonymous_0)","decl":{"start":{"line":22,"column":26},"end":{"line":22,"column":27}},"loc":{"start":{"line":22,"column":79},"end":{"line":36,"column":1}},"line":22}},"branchMap":{},"s":{"0":1,"1":1},"f":{"0":1},"b":{},"_coverageSchema":"1a1c01bbd47fc00a2c39e90264f33305004495a9","hash":"e7a459d189178bb37558bdf995f584c4ae4fe721"}
,"/Users/xmta/Work/void/rma-sinitres/packages/design-system/src/components/elements/card-with-icon/CardWithIcon.tsx": {"path":"/Users/xmta/Work/void/rma-sinitres/packages/design-system/src/components/elements/card-with-icon/CardWithIcon.tsx","statementMap":{"0":{"start":{"line":47,"column":57},"end":{"line":89,"column":1}},"1":{"start":{"line":55,"column":2},"end":{"line":88,"column":4}},"2":{"start":{"line":81,"column":10},"end":{"line":84,"column":16}}},"fnMap":{"0":{"name":"(anonymous_0)","decl":{"start":{"line":47,"column":57},"end":{"line":47,"column":58}},"loc":{"start":{"line":54,"column":6},"end":{"line":89,"column":1}},"line":54},"1":{"name":"(anonymous_1)","decl":{"start":{"line":80,"column":23},"end":{"line":80,"column":24}},"loc":{"start":{"line":81,"column":10},"end":{"line":84,"column":16}},"line":81}},"branchMap":{"0":{"loc":{"start":{"line":72,"column":7},"end":{"line":76,"column":7}},"type":"binary-expr","locations":[{"start":{"line":72,"column":7},"end":{"line":72,"column":12}},{"start":{"line":73,"column":8},"end":{"line":75,"column":15}}],"line":72},"1":{"loc":{"start":{"line":77,"column":7},"end":{"line":77,"column":77}},"type":"binary-expr","locations":[{"start":{"line":77,"column":7},"end":{"line":77,"column":18}},{"start":{"line":77,"column":22},"end":{"line":77,"column":77}}],"line":77}},"s":{"0":1,"1":1,"2":4},"f":{"0":1,"1":4},"b":{"0":[1,0],"1":[1,1]},"_coverageSchema":"1a1c01bbd47fc00a2c39e90264f33305004495a9","hash":"46e6fc44110ef4712eee6d9310288497f0f910e2"}
,"/Users/xmta/Work/void/rma-sinitres/packages/design-system/src/components/elements/container/Container.tsx": {"path":"/Users/xmta/Work/void/rma-sinitres/packages/design-system/src/components/elements/container/Container.tsx","statementMap":{"0":{"start":{"line":35,"column":44},"end":{"line":56,"column":1}},"1":{"start":{"line":43,"column":2},"end":{"line":55,"column":4}}},"fnMap":{"0":{"name":"(anonymous_0)","decl":{"start":{"line":35,"column":44},"end":{"line":35,"column":45}},"loc":{"start":{"line":42,"column":6},"end":{"line":56,"column":1}},"line":42}},"branchMap":{"0":{"loc":{"start":{"line":37,"column":2},"end":{"line":37,"column":17}},"type":"default-arg","locations":[{"start":{"line":37,"column":11},"end":{"line":37,"column":17}}],"line":37},"1":{"loc":{"start":{"line":38,"column":2},"end":{"line":38,"column":18}},"type":"default-arg","locations":[{"start":{"line":38,"column":12},"end":{"line":38,"column":18}}],"line":38},"2":{"loc":{"start":{"line":39,"column":2},"end":{"line":39,"column":20}},"type":"default-arg","locations":[{"start":{"line":39,"column":14},"end":{"line":39,"column":20}}],"line":39},"3":{"loc":{"start":{"line":40,"column":2},"end":{"line":40,"column":16}},"type":"default-arg","locations":[{"start":{"line":40,"column":14},"end":{"line":40,"column":16}}],"line":40}},"s":{"0":1,"1":1},"f":{"0":1},"b":{"0":[1],"1":[1],"2":[1],"3":[0]},"_coverageSchema":"1a1c01bbd47fc00a2c39e90264f33305004495a9","hash":"dfa9d9db12dfbcab5f8e5dc825aab02788e8b891"}
,"/Users/xmta/Work/void/rma-sinitres/packages/design-system/src/components/elements/container/theme.ts": {"path":"/Users/xmta/Work/void/rma-sinitres/packages/design-system/src/components/elements/container/theme.ts","statementMap":{"0":{"start":{"line":1,"column":24},"end":{"line":21,"column":1}},"1":{"start":{"line":23,"column":25},"end":{"line":28,"column":1}},"2":{"start":{"line":30,"column":30},"end":{"line":38,"column":1}},"3":{"start":{"line":40,"column":27},"end":{"line":43,"column":1}}},"fnMap":{},"branchMap":{},"s":{"0":1,"1":1,"2":1,"3":1},"f":{},"b":{},"_coverageSchema":"1a1c01bbd47fc00a2c39e90264f33305004495a9","hash":"2d6565a82c17d10437da8f7bb1eb5917a10f516e"}
,"/Users/xmta/Work/void/rma-sinitres/packages/design-system/src/components/elements/dropdown/Dropdown.tsx": {"path":"/Users/xmta/Work/void/rma-sinitres/packages/design-system/src/components/elements/dropdown/Dropdown.tsx","statementMap":{"0":{"start":{"line":57,"column":49},"end":{"line":138,"column":1}},"1":{"start":{"line":65,"column":2},"end":{"line":137,"column":4}},"2":{"start":{"line":74,"column":10},"end":{"line":133,"column":13}},"3":{"start":{"line":112,"column":20},"end":{"line":128,"column":32}},"4":{"start":{"line":114,"column":24},"end":{"line":126,"column":33}}},"fnMap":{"0":{"name":"(anonymous_0)","decl":{"start":{"line":57,"column":49},"end":{"line":57,"column":50}},"loc":{"start":{"line":64,"column":6},"end":{"line":138,"column":1}},"line":64},"1":{"name":"(anonymous_1)","decl":{"start":{"line":73,"column":9},"end":{"line":73,"column":10}},"loc":{"start":{"line":74,"column":10},"end":{"line":133,"column":13}},"line":74},"2":{"name":"(anonymous_2)","decl":{"start":{"line":111,"column":29},"end":{"line":111,"column":30}},"loc":{"start":{"line":112,"column":20},"end":{"line":128,"column":32}},"line":112},"3":{"name":"(anonymous_3)","decl":{"start":{"line":113,"column":23},"end":{"line":113,"column":24}},"loc":{"start":{"line":114,"column":24},"end":{"line":126,"column":33}},"line":114}},"branchMap":{"0":{"loc":{"start":{"line":62,"column":2},"end":{"line":62,"column":18}},"type":"default-arg","locations":[{"start":{"line":62,"column":12},"end":{"line":62,"column":18}}],"line":62},"1":{"loc":{"start":{"line":67,"column":7},"end":{"line":71,"column":7}},"type":"binary-expr","locations":[{"start":{"line":67,"column":7},"end":{"line":67,"column":12}},{"start":{"line":68,"column":8},"end":{"line":70,"column":15}}],"line":67},"2":{"loc":{"start":{"line":78,"column":16},"end":{"line":78,"column":46}},"type":"binary-expr","locations":[{"start":{"line":78,"column":16},"end":{"line":78,"column":20}},{"start":{"line":78,"column":24},"end":{"line":78,"column":46}}],"line":78},"3":{"loc":{"start":{"line":89,"column":15},"end":{"line":97,"column":15}},"type":"binary-expr","locations":[{"start":{"line":89,"column":15},"end":{"line":89,"column":19}},{"start":{"line":90,"column":16},"end":{"line":96,"column":18}}],"line":89},"4":{"loc":{"start":{"line":94,"column":20},"end":{"line":94,"column":40}},"type":"binary-expr","locations":[{"start":{"line":94,"column":20},"end":{"line":94,"column":24}},{"start":{"line":94,"column":28},"end":{"line":94,"column":40}}],"line":94},"5":{"loc":{"start":{"line":99,"column":13},"end":{"line":132,"column":13}},"type":"binary-expr","locations":[{"start":{"line":99,"column":13},"end":{"line":99,"column":17}},{"start":{"line":100,"column":14},"end":{"line":131,"column":27}}],"line":99},"6":{"loc":{"start":{"line":117,"column":28},"end":{"line":119,"column":54}},"type":"cond-expr","locations":[{"start":{"line":118,"column":32},"end":{"line":118,"column":52}},{"start":{"line":119,"column":32},"end":{"line":119,"column":54}}],"line":117},"7":{"loc":{"start":{"line":123,"column":27},"end":{"line":125,"column":27}},"type":"binary-expr","locations":[{"start":{"line":123,"column":27},"end":{"line":123,"column":33}},{"start":{"line":124,"column":28},"end":{"line":124,"column":73}}],"line":123}},"s":{"0":1,"1":1,"2":1,"3":0,"4":0},"f":{"0":1,"1":1,"2":0,"3":0},"b":{"0":[1],"1":[1,1],"2":[1,0],"3":[1,1],"4":[1,0],"5":[1,0],"6":[0,0],"7":[0,0]},"_coverageSchema":"1a1c01bbd47fc00a2c39e90264f33305004495a9","hash":"9780aa238c81ceaa4f7a4927e569a8cf8b60e8a8"}
,"/Users/xmta/Work/void/rma-sinitres/packages/design-system/src/components/elements/dropdown/theme.ts": {"path":"/Users/xmta/Work/void/rma-sinitres/packages/design-system/src/components/elements/dropdown/theme.ts","statementMap":{"0":{"start":{"line":1,"column":24},"end":{"line":21,"column":1}}},"fnMap":{},"branchMap":{},"s":{"0":1},"f":{},"b":{},"_coverageSchema":"1a1c01bbd47fc00a2c39e90264f33305004495a9","hash":"51122f68f3a8d0f38eb2eb76d0c07a082960180a"}
,"/Users/xmta/Work/void/rma-sinitres/packages/design-system/src/components/elements/fiche-client/FicheInfoCard.tsx": {"path":"/Users/xmta/Work/void/rma-sinitres/packages/design-system/src/components/elements/fiche-client/FicheInfoCard.tsx","statementMap":{"0":{"start":{"line":50,"column":59},"end":{"line":98,"column":1}},"1":{"start":{"line":58,"column":2},"end":{"line":97,"column":4}},"2":{"start":{"line":72,"column":14},"end":{"line":87,"column":17}}},"fnMap":{"0":{"name":"(anonymous_0)","decl":{"start":{"line":50,"column":59},"end":{"line":50,"column":60}},"loc":{"start":{"line":57,"column":6},"end":{"line":98,"column":1}},"line":57},"1":{"name":"(anonymous_1)","decl":{"start":{"line":71,"column":25},"end":{"line":71,"column":26}},"loc":{"start":{"line":72,"column":14},"end":{"line":87,"column":17}},"line":72}},"branchMap":{"0":{"loc":{"start":{"line":56,"column":2},"end":{"line":56,"column":21}},"type":"default-arg","locations":[{"start":{"line":56,"column":12},"end":{"line":56,"column":21}}],"line":56},"1":{"loc":{"start":{"line":70,"column":11},"end":{"line":88,"column":14}},"type":"binary-expr","locations":[{"start":{"line":70,"column":11},"end":{"line":70,"column":18}},{"start":{"line":71,"column":12},"end":{"line":88,"column":14}}],"line":70}},"s":{"0":1,"1":1,"2":4},"f":{"0":1,"1":4},"b":{"0":[1],"1":[1,1]},"_coverageSchema":"1a1c01bbd47fc00a2c39e90264f33305004495a9","hash":"723447db1b57ca134ffa518be52f491494d7ff55"}
,"/Users/xmta/Work/void/rma-sinitres/packages/design-system/src/components/elements/fiche-client/theme.ts": {"path":"/Users/xmta/Work/void/rma-sinitres/packages/design-system/src/components/elements/fiche-client/theme.ts","statementMap":{"0":{"start":{"line":1,"column":30},"end":{"line":16,"column":1}}},"fnMap":{},"branchMap":{},"s":{"0":1},"f":{},"b":{},"_coverageSchema":"1a1c01bbd47fc00a2c39e90264f33305004495a9","hash":"a14123908c41d086bb8c3e118550ff3e69736512"}
,"/Users/xmta/Work/void/rma-sinitres/packages/design-system/src/components/elements/form-elements/checkbox/Checkbox.tsx": {"path":"/Users/xmta/Work/void/rma-sinitres/packages/design-system/src/components/elements/form-elements/checkbox/Checkbox.tsx","statementMap":{"0":{"start":{"line":62,"column":24},"end":{"line":134,"column":1}},"1":{"start":{"line":74,"column":2},"end":{"line":133,"column":4}}},"fnMap":{"0":{"name":"(anonymous_0)","decl":{"start":{"line":62,"column":24},"end":{"line":62,"column":25}},"loc":{"start":{"line":73,"column":21},"end":{"line":134,"column":1}},"line":73}},"branchMap":{"0":{"loc":{"start":{"line":63,"column":2},"end":{"line":63,"column":21}},"type":"default-arg","locations":[{"start":{"line":63,"column":12},"end":{"line":63,"column":21}}],"line":63},"1":{"loc":{"start":{"line":81,"column":14},"end":{"line":83,"column":60}},"type":"binary-expr","locations":[{"start":{"line":81,"column":14},"end":{"line":81,"column":22}},{"start":{"line":82,"column":16},"end":{"line":82,"column":25}},{"start":{"line":83,"column":16},"end":{"line":83,"column":60}}],"line":81},"2":{"loc":{"start":{"line":84,"column":14},"end":{"line":86,"column":58}},"type":"binary-expr","locations":[{"start":{"line":84,"column":14},"end":{"line":84,"column":21}},{"start":{"line":85,"column":16},"end":{"line":85,"column":25}},{"start":{"line":86,"column":16},"end":{"line":86,"column":58}}],"line":84},"3":{"loc":{"start":{"line":87,"column":14},"end":{"line":89,"column":61}},"type":"binary-expr","locations":[{"start":{"line":87,"column":14},"end":{"line":87,"column":22}},{"start":{"line":88,"column":16},"end":{"line":88,"column":24}},{"start":{"line":89,"column":16},"end":{"line":89,"column":61}}],"line":87},"4":{"loc":{"start":{"line":90,"column":14},"end":{"line":92,"column":59}},"type":"binary-expr","locations":[{"start":{"line":90,"column":14},"end":{"line":90,"column":21}},{"start":{"line":91,"column":16},"end":{"line":91,"column":24}},{"start":{"line":92,"column":16},"end":{"line":92,"column":59}}],"line":90},"5":{"loc":{"start":{"line":93,"column":14},"end":{"line":93,"column":58}},"type":"binary-expr","locations":[{"start":{"line":93,"column":14},"end":{"line":93,"column":22}},{"start":{"line":93,"column":26},"end":{"line":93,"column":58}}],"line":93},"6":{"loc":{"start":{"line":105,"column":13},"end":{"line":110,"column":13}},"type":"binary-expr","locations":[{"start":{"line":105,"column":13},"end":{"line":105,"column":20}},{"start":{"line":106,"column":14},"end":{"line":109,"column":16}}],"line":105},"7":{"loc":{"start":{"line":112,"column":11},"end":{"line":126,"column":11}},"type":"cond-expr","locations":[{"start":{"line":113,"column":12},"end":{"line":123,"column":19}},{"start":{"line":125,"column":12},"end":{"line":125,"column":17}}],"line":112},"8":{"loc":{"start":{"line":118,"column":16},"end":{"line":118,"column":67}},"type":"binary-expr","locations":[{"start":{"line":118,"column":16},"end":{"line":118,"column":23}},{"start":{"line":118,"column":27},"end":{"line":118,"column":67}}],"line":118},"9":{"loc":{"start":{"line":119,"column":16},"end":{"line":119,"column":69}},"type":"binary-expr","locations":[{"start":{"line":119,"column":16},"end":{"line":119,"column":24}},{"start":{"line":119,"column":28},"end":{"line":119,"column":69}}],"line":119},"10":{"loc":{"start":{"line":128,"column":9},"end":{"line":130,"column":9}},"type":"binary-expr","locations":[{"start":{"line":128,"column":9},"end":{"line":128,"column":21}},{"start":{"line":129,"column":10},"end":{"line":129,"column":80}}],"line":128}},"s":{"0":6,"1":8},"f":{"0":8},"b":{"0":[8],"1":[8,6,6],"2":[8,2,2],"3":[8,6,0],"4":[8,2,0],"5":[8,0],"6":[8,2],"7":[3,5],"8":[3,1],"9":[3,0],"10":[8,0]},"_coverageSchema":"1a1c01bbd47fc00a2c39e90264f33305004495a9","hash":"6f53f3446656904e7542cf261a1d9160a0c6fffb"}
,"/Users/xmta/Work/void/rma-sinitres/packages/design-system/src/components/elements/form-elements/checkbox/theme.ts": {"path":"/Users/xmta/Work/void/rma-sinitres/packages/design-system/src/components/elements/form-elements/checkbox/theme.ts","statementMap":{"0":{"start":{"line":1,"column":24},"end":{"line":50,"column":1}}},"fnMap":{},"branchMap":{},"s":{"0":6},"f":{},"b":{},"_coverageSchema":"1a1c01bbd47fc00a2c39e90264f33305004495a9","hash":"e2106fc0db4c5e3f97fa69c627d30bf70f35e432"}
,"/Users/xmta/Work/void/rma-sinitres/packages/design-system/src/components/elements/form-elements/checkbox-group/CheckboxGroup.tsx": {"path":"/Users/xmta/Work/void/rma-sinitres/packages/design-system/src/components/elements/form-elements/checkbox-group/CheckboxGroup.tsx","statementMap":{"0":{"start":{"line":51,"column":29},"end":{"line":112,"column":1}},"1":{"start":{"line":59,"column":4},"end":{"line":59,"column":36}},"2":{"start":{"line":64,"column":23},"end":{"line":79,"column":3}},"3":{"start":{"line":65,"column":26},"end":{"line":65,"column":47}},"4":{"start":{"line":66,"column":4},"end":{"line":78,"column":7}},"5":{"start":{"line":67,"column":6},"end":{"line":77,"column":7}},"6":{"start":{"line":68,"column":29},"end":{"line":68,"column":53}},"7":{"start":{"line":69,"column":8},"end":{"line":69,"column":31}},"8":{"start":{"line":70,"column":8},"end":{"line":70,"column":28}},"9":{"start":{"line":72,"column":29},"end":{"line":74,"column":10}},"10":{"start":{"line":73,"column":10},"end":{"line":73,"column":39}},"11":{"start":{"line":75,"column":8},"end":{"line":75,"column":31}},"12":{"start":{"line":76,"column":8},"end":{"line":76,"column":28}},"13":{"start":{"line":84,"column":18},"end":{"line":92,"column":3}},"14":{"start":{"line":85,"column":20},"end":{"line":87,"column":6}},"15":{"start":{"line":86,"column":6},"end":{"line":86,"column":27}},"16":{"start":{"line":88,"column":4},"end":{"line":90,"column":5}},"17":{"start":{"line":89,"column":6},"end":{"line":89,"column":18}},"18":{"start":{"line":91,"column":4},"end":{"line":91,"column":17}},"19":{"start":{"line":94,"column":2},"end":{"line":111,"column":4}},"20":{"start":{"line":97,"column":26},"end":{"line":97,"column":40}},"21":{"start":{"line":98,"column":8},"end":{"line":108,"column":10}}},"fnMap":{"0":{"name":"(anonymous_0)","decl":{"start":{"line":51,"column":29},"end":{"line":51,"column":30}},"loc":{"start":{"line":57,"column":26},"end":{"line":112,"column":1}},"line":57},"1":{"name":"(anonymous_1)","decl":{"start":{"line":64,"column":23},"end":{"line":64,"column":24}},"loc":{"start":{"line":64,"column":65},"end":{"line":79,"column":3}},"line":64},"2":{"name":"(anonymous_2)","decl":{"start":{"line":66,"column":24},"end":{"line":66,"column":25}},"loc":{"start":{"line":66,"column":44},"end":{"line":78,"column":5}},"line":66},"3":{"name":"(anonymous_3)","decl":{"start":{"line":72,"column":53},"end":{"line":72,"column":54}},"loc":{"start":{"line":72,"column":63},"end":{"line":74,"column":9}},"line":72},"4":{"name":"(anonymous_4)","decl":{"start":{"line":84,"column":18},"end":{"line":84,"column":19}},"loc":{"start":{"line":84,"column":37},"end":{"line":92,"column":3}},"line":84},"5":{"name":"(anonymous_5)","decl":{"start":{"line":85,"column":42},"end":{"line":85,"column":43}},"loc":{"start":{"line":85,"column":52},"end":{"line":87,"column":5}},"line":85},"6":{"name":"(anonymous_6)","decl":{"start":{"line":96,"column":19},"end":{"line":96,"column":20}},"loc":{"start":{"line":96,"column":51},"end":{"line":109,"column":7}},"line":96}},"branchMap":{"0":{"loc":{"start":{"line":54,"column":2},"end":{"line":54,"column":19}},"type":"default-arg","locations":[{"start":{"line":54,"column":17},"end":{"line":54,"column":19}}],"line":54},"1":{"loc":{"start":{"line":67,"column":6},"end":{"line":77,"column":7}},"type":"if","locations":[{"start":{"line":67,"column":6},"end":{"line":77,"column":7}},{"start":{"line":71,"column":13},"end":{"line":77,"column":7}}],"line":67},"2":{"loc":{"start":{"line":88,"column":4},"end":{"line":90,"column":5}},"type":"if","locations":[{"start":{"line":88,"column":4},"end":{"line":90,"column":5}},{"start":{},"end":{}}],"line":88},"3":{"loc":{"start":{"line":104,"column":22},"end":{"line":104,"column":49}},"type":"cond-expr","locations":[{"start":{"line":104,"column":33},"end":{"line":104,"column":41}},{"start":{"line":104,"column":44},"end":{"line":104,"column":49}}],"line":104}},"s":{"0":1,"1":1,"2":1,"3":0,"4":0,"5":0,"6":0,"7":0,"8":0,"9":0,"10":0,"11":0,"12":0,"13":1,"14":3,"15":3,"16":3,"17":1,"18":2,"19":1,"20":3,"21":3},"f":{"0":1,"1":0,"2":0,"3":0,"4":3,"5":3,"6":3},"b":{"0":[0],"1":[0,0],"2":[1,2],"3":[0,3]},"_coverageSchema":"1a1c01bbd47fc00a2c39e90264f33305004495a9","hash":"39b977c5f46b50ed5e513d2e1c5a0040abaafe21"}
,"/Users/xmta/Work/void/rma-sinitres/packages/design-system/src/components/elements/form-elements/datePicker/DatePicker.tsx": {"path":"/Users/xmta/Work/void/rma-sinitres/packages/design-system/src/components/elements/form-elements/datePicker/DatePicker.tsx","statementMap":{"0":{"start":{"line":19,"column":30},"end":{"line":36,"column":1}},"1":{"start":{"line":24,"column":2},"end":{"line":35,"column":4}},"2":{"start":{"line":38,"column":53},"end":{"line":168,"column":1}},"3":{"start":{"line":52,"column":26},"end":{"line":52,"column":51}},"4":{"start":{"line":53,"column":23},"end":{"line":53,"column":63}},"5":{"start":{"line":54,"column":38},"end":{"line":54,"column":74}},"6":{"start":{"line":55,"column":23},"end":{"line":55,"column":63}},"7":{"start":{"line":56,"column":24},"end":{"line":56,"column":74}},"8":{"start":{"line":56,"column":59},"end":{"line":56,"column":73}},"9":{"start":{"line":57,"column":66},"end":{"line":68,"column":3}},"10":{"start":{"line":58,"column":18},"end":{"line":58,"column":39}},"11":{"start":{"line":59,"column":25},"end":{"line":59,"column":49}},"12":{"start":{"line":60,"column":27},"end":{"line":60,"column":52}},"13":{"start":{"line":61,"column":4},"end":{"line":61,"column":34}},"14":{"start":{"line":62,"column":17},"end":{"line":62,"column":64}},"15":{"start":{"line":63,"column":4},"end":{"line":67,"column":5}},"16":{"start":{"line":64,"column":6},"end":{"line":64,"column":21}},"17":{"start":{"line":66,"column":6},"end":{"line":66,"column":26}},"18":{"start":{"line":70,"column":22},"end":{"line":90,"column":3}},"19":{"start":{"line":71,"column":4},"end":{"line":73,"column":5}},"20":{"start":{"line":72,"column":6},"end":{"line":72,"column":16}},"21":{"start":{"line":75,"column":25},"end":{"line":75,"column":30}},"22":{"start":{"line":78,"column":4},"end":{"line":82,"column":5}},"23":{"start":{"line":79,"column":6},"end":{"line":81,"column":10}},"24":{"start":{"line":83,"column":4},"end":{"line":87,"column":5}},"25":{"start":{"line":84,"column":6},"end":{"line":86,"column":10}},"26":{"start":{"line":89,"column":4},"end":{"line":89,"column":26}},"27":{"start":{"line":92,"column":26},"end":{"line":100,"column":3}},"28":{"start":{"line":93,"column":4},"end":{"line":93,"column":19}},"29":{"start":{"line":94,"column":4},"end":{"l
[...]
,"/Users/xmta/Work/void/rma-sinitres/packages/design-system/src/components/elements/toggle/theme.ts": {"path":"/Users/xmta/Work/void/rma-sinitres/packages/design-system/src/components/elements/toggle/theme.ts","statementMap":{"0":{"start":{"line":1,"column":22},"end":{"line":16,"column":1}}},"fnMap":{},"branchMap":{},"s":{"0":2},"f":{},"b":{},"_coverageSchema":"1a1c01bbd47fc00a2c39e90264f33305004495a9","hash":"b2c9b94160fb45efb278692f20da7a06b019059e"}
,"/Users/xmta/Work/void/rma-sinitres/packages/design-system/src/components/elements/tooltip/Tooltip.tsx": {"path":"/Users/xmta/Work/void/rma-sinitres/packages/design-system/src/components/elements/tooltip/Tooltip.tsx","statementMap":{"0":{"start":{"line":32,"column":47},"end":{"line":84,"column":1}},"1":{"start":{"line":38,"column":40},"end":{"line":38,"column":55}},"2":{"start":{"line":43,"column":27},"end":{"line":45,"column":3}},"3":{"start":{"line":44,"column":4},"end":{"line":44,"column":25}},"4":{"start":{"line":50,"column":27},"end":{"line":52,"column":3}},"5":{"start":{"line":51,"column":4},"end":{"line":51,"column":26}},"6":{"start":{"line":54,"column":2},"end":{"line":83,"column":4}}},"fnMap":{"0":{"name":"(anonymous_0)","decl":{"start":{"line":32,"column":47},"end":{"line":32,"column":48}},"loc":{"start":{"line":37,"column":6},"end":{"line":84,"column":1}},"line":37},"1":{"name":"(anonymous_1)","decl":{"start":{"line":43,"column":27},"end":{"line":43,"column":28}},"loc":{"start":{"line":43,"column":33},"end":{"line":45,"column":3}},"line":43},"2":{"name":"(anonymous_2)","decl":{"start":{"line":50,"column":27},"end":{"line":50,"column":28}},"loc":{"start":{"line":50,"column":33},"end":{"line":52,"column":3}},"line":50}},"branchMap":{"0":{"loc":{"start":{"line":34,"column":2},"end":{"line":34,"column":24}},"type":"default-arg","locations":[{"start":{"line":34,"column":13},"end":{"line":34,"column":24}}],"line":34}},"s":{"0":1,"1":2,"2":2,"3":1,"4":2,"5":0,"6":2},"f":{"0":2,"1":1,"2":0},"b":{"0":[2]},"_coverageSchema":"1a1c01bbd47fc00a2c39e90264f33305004495a9","hash":"4615f26fcc2eebde8ad2010e6a8a567a8b0b36ac"}
,"/Users/xmta/Work/void/rma-sinitres/packages/design-system/src/components/elements/tooltip/theme.ts": {"path":"/Users/xmta/Work/void/rma-sinitres/packages/design-system/src/components/elements/tooltip/theme.ts","statementMap":{"0":{"start":{"line":1,"column":23},"end":{"line":33,"column":1}}},"fnMap":{},"branchMap":{},"s":{"0":1},"f":{},"b":{},"_coverageSchema":"1a1c01bbd47fc00a2c39e90264f33305004495a9","hash":"10d62f9309eb8c7f41077ad08967b4e4adb2d62a"}
,"/Users/xmta/Work/void/rma-sinitres/packages/design-system/src/components/elements/typography/Text.tsx": {"path":"/Users/xmta/Work/void/rma-sinitres/packages/design-system/src/components/elements/typography/Text.tsx","statementMap":{"0":{"start":{"line":36,"column":20},"end":{"line":50,"column":1}},"1":{"start":{"line":43,"column":20},"end":{"line":43,"column":33}},"2":{"start":{"line":45,"column":2},"end":{"line":49,"column":4}}},"fnMap":{"0":{"name":"(anonymous_0)","decl":{"start":{"line":36,"column":20},"end":{"line":36,"column":21}},"loc":{"start":{"line":42,"column":17},"end":{"line":50,"column":1}},"line":42}},"branchMap":{"0":{"loc":{"start":{"line":37,"column":2},"end":{"line":37,"column":31}},"type":"default-arg","locations":[{"start":{"line":37,"column":12},"end":{"line":37,"column":31}}],"line":37},"1":{"loc":{"start":{"line":38,"column":2},"end":{"line":38,"column":10}},"type":"default-arg","locations":[{"start":{"line":38,"column":7},"end":{"line":38,"column":10}}],"line":38},"2":{"loc":{"start":{"line":39,"column":2},"end":{"line":39,"column":16}},"type":"default-arg","locations":[{"start":{"line":39,"column":14},"end":{"line":39,"column":16}}],"line":39},"3":{"loc":{"start":{"line":43,"column":20},"end":{"line":43,"column":33}},"type":"cond-expr","locations":[{"start":{"line":43,"column":25},"end":{"line":43,"column":27}},{"start":{"line":43,"column":30},"end":{"line":43,"column":33}}],"line":43}},"s":{"0":52,"1":764,"2":764},"f":{"0":764},"b":{"0":[30],"1":[260],"2":[142],"3":[764,0]},"_coverageSchema":"1a1c01bbd47fc00a2c39e90264f33305004495a9","hash":"859ffc1e4015edf5c6c2b0256d8a5fc4504e97f3"}
,"/Users/xmta/Work/void/rma-sinitres/packages/design-system/src/components/elements/typography/TitleWithIcon.tsx": {"path":"/Users/xmta/Work/void/rma-sinitres/packages/design-system/src/components/elements/typography/TitleWithIcon.tsx","statementMap":{"0":{"start":{"line":41,"column":29},"end":{"line":62,"column":1}},"1":{"start":{"line":49,"column":2},"end":{"line":61,"column":4}}},"fnMap":{"0":{"name":"(anonymous_0)","decl":{"start":{"line":41,"column":29},"end":{"line":41,"column":30}},"loc":{"start":{"line":48,"column":17},"end":{"line":62,"column":1}},"line":48}},"branchMap":{"0":{"loc":{"start":{"line":42,"column":2},"end":{"line":42,"column":31}},"type":"default-arg","locations":[{"start":{"line":42,"column":12},"end":{"line":42,"column":31}}],"line":42},"1":{"loc":{"start":{"line":44,"column":2},"end":{"line":44,"column":15}},"type":"default-arg","locations":[{"start":{"line":44,"column":11},"end":{"line":44,"column":15}}],"line":44},"2":{"loc":{"start":{"line":45,"column":2},"end":{"line":45,"column":16}},"type":"default-arg","locations":[{"start":{"line":45,"column":14},"end":{"line":45,"column":16}}],"line":45},"3":{"loc":{"start":{"line":46,"column":2},"end":{"line":46,"column":20}},"type":"default-arg","locations":[{"start":{"line":46,"column":15},"end":{"line":46,"column":20}}],"line":46},"4":{"loc":{"start":{"line":55,"column":7},"end":{"line":57,"column":7}},"type":"binary-expr","locations":[{"start":{"line":55,"column":7},"end":{"line":55,"column":17}},{"start":{"line":55,"column":21},"end":{"line":55,"column":27}},{"start":{"line":56,"column":8},"end":{"line":56,"column":62}}],"line":55},"5":{"loc":{"start":{"line":59,"column":7},"end":{"line":59,"column":72}},"type":"binary-expr","locations":[{"start":{"line":59,"column":7},"end":{"line":59,"column":18}},{"start":{"line":59,"column":22},"end":{"line":59,"column":28}},{"start":{"line":59,"column":32},"end":{"line":59,"column":72}}],"line":59}},"s":{"0":1,"1":1},"f":{"0":1},"b":{"0":[0],"1":[0],"2":[0],"3":[0],"4":[1,1,1],"5":[1,0,0]},"_coverageSchema":"1a1c01bbd47fc00a2c39e90264f33305004495a9","hash":"fddd283811cc2f91a859ce3084056bccef129828"}
,"/Users/xmta/Work/void/rma-sinitres/packages/design-system/src/components/elements/typography/theme.ts": {"path":"/Users/xmta/Work/void/rma-sinitres/packages/design-system/src/components/elements/typography/theme.ts","statementMap":{"0":{"start":{"line":1,"column":26},"end":{"line":38,"column":1}}},"fnMap":{},"branchMap":{},"s":{"0":52},"f":{},"b":{},"_coverageSchema":"1a1c01bbd47fc00a2c39e90264f33305004495a9","hash":"34d94b7b2b45bd65f85e6a7a465b716b5e1d564d"}
,"/Users/xmta/Work/void/rma-sinitres/packages/design-system/src/hooks/index.ts": {"path":"/Users/xmta/Work/void/rma-sinitres/packages/design-system/src/hooks/index.ts","statementMap":{},"fnMap":{},"branchMap":{},"s":{},"f":{},"b":{},"_coverageSchema":"1a1c01bbd47fc00a2c39e90264f33305004495a9","hash":"49bf528be10ebcad719ff2e17952aee1e132cb3b"}
,"/Users/xmta/Work/void/rma-sinitres/packages/design-system/src/hooks/useAdaptiveLayout.ts": {"path":"/Users/xmta/Work/void/rma-sinitres/packages/design-system/src/hooks/useAdaptiveLayout.ts","statementMap":{"0":{"start":{"line":22,"column":33},"end":{"line":92,"column":1}},"1":{"start":{"line":26,"column":21},"end":{"line":26,"column":49}},"2":{"start":{"line":27,"column":23},"end":{"line":27,"column":51}},"3":{"start":{"line":28,"column":30},"end":{"line":28,"column":44}},"4":{"start":{"line":30,"column":23},"end":{"line":32,"column":3}},"5":{"start":{"line":31,"column":4},"end":{"line":31,"column":25}},"6":{"start":{"line":31,"column":21},"end":{"line":31,"column":23}},"7":{"start":{"line":33,"column":52},"end":{"line":38,"column":4}},"8":{"start":{"line":40,"column":24},"end":{"line":40,"column":44}},"9":{"start":{"line":42,"column":37},"end":{"line":67,"column":8}},"10":{"start":{"line":43,"column":46},"end":{"line":48,"column":5}},"11":{"start":{"line":49,"column":4},"end":{"line":66,"column":5}},"12":{"start":{"line":50,"column":26},"end":{"line":50,"column":68}},"13":{"start":{"line":52,"column":28},"end":{"line":52,"column":72}},"14":{"start":{"line":54,"column":30},"end":{"line":54,"column":50}},"15":{"start":{"line":56,"column":25},"end":{"line":56,"column":64}},"16":{"start":{"line":57,"column":25},"end":{"line":57,"column":40}},"17":{"start":{"line":59,"column":6},"end":{"line":63,"column":7}},"18":{"start":{"line":60,"column":8},"end":{"line":60,"column":43}},"19":{"start":{"line":62,"column":8},"end":{"line":62,"column":46}},"20":{"start":{"line":64,"column":6},"end":{"line":64,"column":57}},"21":{"start":{"line":65,"column":6},"end":{"line":65,"column":47}},"22":{"start":{"line":69,"column":2},"end":{"line":82,"column":50}},"23":{"start":{"line":70,"column":4},"end":{"line":72,"column":5}},"24":{"start":{"line":71,"column":6},"end":{"line":71,"column":35}},"25":{"start":{"line":73,"column":4},"end":{"line":73,"column":21}},"26":{"start":{"line":74,"column":20},"end":{"line":79,"column":11}},"27":{"start":{"line":75,"column":6},"end":{"line":78,"column":10}},"28":{"start":{"line":75,"column":43},"end":{"line":78,"column":7}},"29":{"start":{"line":81,"column":4},"end":{"line":81,"column":39}},"30":{"start":{"line":81,"column":17},"end":{"line":81,"column":38}},"31":{"start":{"line":84,"column":2},"end":{"line":91,"column":4}}},"fnMap":{"0":{"name":"(anonymous_0)","decl":{"start":{"line":22,"column":33},"end":{"line":22,"column":34}},"loc":{"start":{"line":25,"column":7},"end":{"line":92,"column":1}},"line":25},"1":{"name":"(anonymous_1)","decl":{"start":{"line":30,"column":23},"end":{"line":30,"column":24}},"loc":{"start":{"line":30,"column":29},"end":{"line":32,"column":3}},"line":30},"2":{"name":"(anonymous_2)","decl":{"start":{"line":31,"column":14},"end":{"line":31,"column":15}},"loc":{"start":{"line":31,"column":21},"end":{"line":31,"column":23}},"line":31},"3":{"name":"(anonymous_3)","decl":{"start":{"line":42,"column":49},"end":{"line":42,"column":50}},"loc":{"start":{"line":42,"column":55},"end":{"line":67,"column":3}},"line":42},"4":{"name":"(anonymous_4)","decl":{"start":{"line":69,"column":12},"end":{"line":69,"column":13}},"loc":{"start":{"line":69,"column":18},"end":{"line":82,"column":3}},"line":69},"5":{"name":"(anonymous_5)","decl":{"start":{"line":74,"column":31},"end":{"line":74,"column":32}},"loc":{"start":{"line":74,"column":37},"end":{"line":79,"column":5}},"line":74},"6":{"name":"(anonymous_6)","decl":{"start":{"line":75,"column":27},"end":{"line":75,"column":28}},"loc":{"start":{"line":75,"column":43},"end":{"line":78,"column":7}},"line":75},"7":{"name":"(anonymous_7)","decl":{"start":{"line":81,"column":11},"end":{"line":81,"column":12}},"loc":{"start":{"line":81,"column":17},"end":{"line":81,"column":38}},"line":81}},"branchMap":{"0":{"loc":{"start":{"line":49,"column":4},"end":{"line":66,"column":5}},"type":"if","locations":[{"start":{"line":49,"column":4},"end":{"line":66,"column":5}},{"start":{},"end":{}}],"line":49},"1":{"loc":{"start":{"line":49,"column":8},"end":{"line":49,"column":50}},"type":"binary-expr","locations":[{"start":{"line":49,"column":8},"end":{"line":49,"column":26}},{"start":{"line":49,"column":30},"end":{"line":49,"column":50}}],"line":49},"2":{"loc":{"start":{"line":59,"column":6},"end":{"line":63,"column":7}},"type":"if","locations":[{"start":{"line":59,"column":6},"end":{"line":63,"column":7}},{"start":{"line":61,"column":13},"end":{"line":63,"column":7}}],"line":59},"3":{"loc":{"start":{"line":59,"column":10},"end":{"line":59,"column":67}},"type":"binary-expr","locations":[{"start":{"line":59,"column":10},"end":{"line":59,"column":39}},{"start":{"line":59,"column":43},"end":{"line":59,"column":67}}],"line":59},"4":{"loc":{"start":{"line":70,"column":4},"end":{"line":72,"column":5}},"type":"if","locations":[{"start":{"line":70,"column":4},"end":{"line":72,"column":5}},{"start":{},"end":{}}],"line":70}},"s":{"0":7,"1":54,"2":54,"3":54,"4":54,"5":1,"6":1,"7":54,"8":54,"9":54,"10":14,"11":14,"12":13,"13":13,"14":13,"15":13,"16":13,"17":13,"18":13,"19":0,"20":13,"21":13,"22":54,"23":28,"24":14,"25":28,"26":28,"27":0,"28":0,"29":28,"30":28,"31":54},"f":{"0":54,"1":1,"2":1,"3":14,"4":28,"5":0,"6":0,"7":28},"b":{"0":[13,1],"1":[14,13],"2":[13,0],"3":[13,0],"4":[14,14]},"_coverageSchema":"1a1c01bbd47fc00a2c39e90264f33305004495a9","hash":"b413894a5573d5775cdeb1d0d21242034e0297c9"}
,"/Users/xmta/Work/void/rma-sinitres/packages/design-system/src/hooks/useCloseOnEscAndClickOutside.ts": {"path":"/Users/xmta/Work/void/rma-sinitres/packages/design-system/src/hooks/useCloseOnEscAndClickOutside.ts","statementMap":{"0":{"start":{"line":3,"column":44},"end":{"line":31,"column":1}},"1":{"start":{"line":6,"column":14},"end":{"line":6,"column":42}},"2":{"start":{"line":8,"column":29},"end":{"line":12,"column":3}},"3":{"start":{"line":9,"column":4},"end":{"line":11,"column":5}},"4":{"start":{"line":10,"column":6},"end":{"line":10,"column":17}},"5":{"start":{"line":14,"column":24},"end":{"line":18,"column":3}},"6":{"start":{"line":15,"column":4},"end":{"line":17,"column":5}},"7":{"start":{"line":16,"column":6},"end":{"line":16,"column":17}},"8":{"start":{"line":20,"column":2},"end":{"line":28,"column":42}},"9":{"start":{"line":21,"column":4},"end":{"line":21,"column":63}},"10":{"start":{"line":22,"column":4},"end":{"line":22,"column":56}},"11":{"start":{"line":24,"column":4},"end":{"line":27,"column":6}},"12":{"start":{"line":25,"column":6},"end":{"line":25,"column":68}},"13":{"start":{"line":26,"column":6},"end":{"line":26,"column":61}},"14":{"start":{"line":30,"column":2},"end":{"line":30,"column":13}}},"fnMap":{"0":{"name":"(anonymous_0)","decl":{"start":{"line":3,"column":44},"end":{"line":3,"column":45}},"loc":{"start":{"line":5,"column":38},"end":{"line":31,"column":1}},"line":5},"1":{"name":"(anonymous_1)","decl":{"start":{"line":8,"column":29},"end":{"line":8,"column":30}},"loc":{"start":{"line":8,"column":52},"end":{"line":12,"column":3}},"line":8},"2":{"name":"(anonymous_2)","decl":{"start":{"line":14,"column":24},"end":{"line":14,"column":25}},"loc":{"start":{"line":14,"column":50},"end":{"line":18,"column":3}},"line":14},"3":{"name":"(anonymous_3)","decl":{"start":{"line":20,"column":12},"end":{"line":20,"column":13}},"loc":{"start":{"line":20,"column":18},"end":{"line":28,"column":3}},"line":20},"4":{"name":"(anonymous_4)","decl":{"start":{"line":24,"column":11},"end":{"line":24,"column":12}},"loc":{"start":{"line":24,"column":17},"end":{"line":27,"column":5}},"line":24}},"branchMap":{"0":{"loc":{"start":{"line":9,"column":4},"end":{"line":11,"column":5}},"type":"if","locations":[{"start":{"line":9,"column":4},"end":{"line":11,"column":5}},{"start":{},"end":{}}],"line":9},"1":{"loc":{"start":{"line":9,"column":8},"end":{"line":9,"column":66}},"type":"binary-expr","locations":[{"start":{"line":9,"column":8},"end":{"line":9,"column":19}},{"start":{"line":9,"column":23},"end":{"line":9,"column":66}}],"line":9},"2":{"loc":{"start":{"line":15,"column":4},"end":{"line":17,"column":5}},"type":"if","locations":[{"start":{"line":15,"column":4},"end":{"line":17,"column":5}},{"start":{},"end":{}}],"line":15}},"s":{"0":7,"1":80,"2":80,"3":5,"4":1,"5":80,"6":1,"7":1,"8":80,"9":66,"10":66,"11":66,"12":66,"13":66,"14":80},"f":{"0":80,"1":5,"2":1,"3":66,"4":66},"b":{"0":[1,4],"1":[5,4],"2":[1,0]},"_coverageSchema":"1a1c01bbd47fc00a2c39e90264f33305004495a9","hash":"5218431098e3c290ae1dd940e360abd68e08a062"}
,"/Users/xmta/Work/void/rma-sinitres/packages/design-system/src/hooks/useFirstMountState.ts": {"path":"/Users/xmta/Work/void/rma-sinitres/packages/design-system/src/hooks/useFirstMountState.ts","statementMap":{"0":{"start":{"line":4,"column":18},"end":{"line":4,"column":30}},"1":{"start":{"line":6,"column":2},"end":{"line":10,"column":3}},"2":{"start":{"line":7,"column":4},"end":{"line":7,"column":28}},"3":{"start":{"line":9,"column":4},"end":{"line":9,"column":16}},"4":{"start":{"line":12,"column":2},"end":{"line":12,"column":25}}},"fnMap":{"0":{"name":"useFirstMountState","decl":{"start":{"line":3,"column":16},"end":{"line":3,"column":34}},"loc":{"start":{"line":3,"column":37},"end":{"line":13,"column":1}},"line":3}},"branchMap":{"0":{"loc":{"start":{"line":6,"column":2},"end":{"line":10,"column":3}},"type":"if","locations":[{"start":{"line":6,"column":2},"end":{"line":10,"column":3}},{"start":{},"end":{}}],"line":6}},"s":{"0":58,"1":58,"2":17,"3":17,"4":41},"f":{"0":58},"b":{"0":[17,41]},"_coverageSchema":"1a1c01bbd47fc00a2c39e90264f33305004495a9","hash":"f2ae980e90d6693f86aeec761c1e7f5871f919be"}
,"/Users/xmta/Work/void/rma-sinitres/packages/design-system/src/hooks/useUpdateEffect.ts": {"path":"/Users/xmta/Work/void/rma-sinitres/packages/design-system/src/hooks/useUpdateEffect.ts","statementMap":{"0":{"start":{"line":9,"column":52},"end":{"line":18,"column":1}},"1":{"start":{"line":10,"column":23},"end":{"line":10,"column":43}},"2":{"start":{"line":12,"column":2},"end":{"line":17,"column":11}},"3":{"start":{"line":13,"column":4},"end":{"line":15,"column":5}},"4":{"start":{"line":14,"column":6},"end":{"line":14,"column":22}}},"fnMap":{"0":{"name":"(anonymous_0)","decl":{"start":{"line":9,"column":52},"end":{"line":9,"column":53}},"loc":{"start":{"line":9,"column":75},"end":{"line":18,"column":1}},"line":9},"1":{"name":"(anonymous_1)","decl":{"start":{"line":12,"column":12},"end":{"line":12,"column":13}},"loc":{"start":{"line":12,"column":18},"end":{"line":17,"column":3}},"line":12}},"branchMap":{"0":{"loc":{"start":{"line":9,"column":61},"end":{"line":9,"column":70}},"type":"default-arg","locations":[{"start":{"line":9,"column":68},"end":{"line":9,"column":70}}],"line":9},"1":{"loc":{"start":{"line":13,"column":4},"end":{"line":15,"column":5}},"type":"if","locations":[{"start":{"line":13,"column":4},"end":{"line":15,"column":5}},{"start":{},"end":{}}],"line":13}},"s":{"0":7,"1":3,"2":3,"3":3,"4":1},"f":{"0":3,"1":3},"b":{"0":[0],"1":[1,2]},"_coverageSchema":"1a1c01bbd47fc00a2c39e90264f33305004495a9","hash":"363fdc82cbfce5a468a22804c0b803821d1282ef"}
,"/Users/xmta/Work/void/rma-sinitres/packages/design-system/src/utils/index.ts": {"path":"/Users/xmta/Work/void/rma-sinitres/packages/design-system/src/utils/index.ts","statementMap":{},"fnMap":{},"branchMap":{},"s":{},"f":{},"b":{},"_coverageSchema":"1a1c01bbd47fc00a2c39e90264f33305004495a9","hash":"61c5d6a7a6b9ecdf3fc0fe0be626db21f60011ef"}
,"/Users/xmta/Work/void/rma-sinitres/packages/design-system/src/utils/vclsx.ts": {"path":"/Users/xmta/Work/void/rma-sinitres/packages/design-system/src/utils/vclsx.ts","statementMap":{"0":{"start":{"line":3,"column":21},"end":{"line":3,"column":76}},"1":{"start":{"line":3,"column":51},"end":{"line":3,"column":76}}},"fnMap":{"0":{"name":"(anonymous_0)","decl":{"start":{"line":3,"column":21},"end":{"line":3,"column":22}},"loc":{"start":{"line":3,"column":51},"end":{"line":3,"column":76}},"line":3}},"branchMap":{},"s":{"0":48,"1":996},"f":{"0":996},"b":{},"_coverageSchema":"1a1c01bbd47fc00a2c39e90264f33305004495a9","hash":"f152317071dc80ce7405ed8b32331d2178daedd0"}
}
