TN:
SF:src/components/elements/ClientInfo/ClientInfo.tsx
FN:72,(anonymous_0)
FN:84,(anonymous_1)
FN:100,(anonymous_2)
FN:120,(anonymous_3)
FN:129,(anonymous_4)
FN:138,(anonymous_5)
FN:144,(anonymous_6)
FN:152,(anonymous_7)
FN:175,(anonymous_8)
FNF:9
FNH:7
FNDA:6,(anonymous_0)
FNDA:23,(anonymous_1)
FNDA:29,(anonymous_2)
FNDA:1,(anonymous_3)
FNDA:0,(anonymous_4)
FNDA:0,(anonymous_5)
FNDA:4,(anonymous_6)
FNDA:4,(anonymous_7)
FNDA:6,(anonymous_8)
DA:72,1
DA:73,6
DA:85,23
DA:101,29
DA:120,1
DA:126,1
DA:130,0
DA:139,0
DA:145,4
DA:152,1
DA:156,4
DA:176,6
LF:12
LH:10
BRDA:72,0,0,6
BRDA:76,1,0,6
BRDA:76,1,1,2
BRDA:106,2,0,29
BRDA:106,2,1,0
BRDA:107,3,0,29
BRDA:107,3,1,12
BRDA:124,4,0,1
BRDA:154,5,0,0
BRF:9
BRH:7
end_of_record
TN:
SF:src/components/elements/ClientInfo/SharedComponent.tsx
FN:21,(anonymous_0)
FN:25,(anonymous_1)
FNF:2
FNH:1
FNDA:1,(anonymous_0)
FNDA:0,(anonymous_1)
DA:21,1
DA:26,0
DA:29,1
LF:3
LH:2
BRDA:24,0,0,1
BRDA:25,1,0,0
BRF:2
BRH:1
end_of_record
TN:
SF:src/components/elements/ClientInfo/theme.ts
FNF:0
FNH:0
DA:1,1
LF:1
LH:1
BRF:0
BRH:0
end_of_record
TN:
SF:src/components/elements/ClientInfo/types.ts
FNF:0
FNH:0
LF:0
LH:0
BRF:0
BRH:0
end_of_record
TN:
SF:src/components/elements/Constats/ConstatCheckboxLine.tsx
FN:43,(anonymous_0)
FN:54,(anonymous_1)
FN:58,(anonymous_2)
FNF:3
FNH:2
FNDA:2,(anonymous_0)
FNDA:1,(anonymous_1)
FNDA:0,(anonymous_2)
DA:43,1
DA:54,2
DA:55,1
DA:58,2
DA:59,0
DA:62,2
LF:6
LH:5
BRDA:52,0,0,0
BRDA:89,1,0,2
BRDA:89,1,1,0
BRF:3
BRH:1
end_of_record
TN:
SF:src/components/elements/Constats/ConstatClientInfo.tsx
FN:22,(anonymous_0)
FN:36,(anonymous_1)
FN:37,(anonymous_2)
FNF:3
FNH:2
FNDA:3,(anonymous_0)
FNDA:5,(anonymous_1)
FNDA:0,(anonymous_2)
DA:7,1
DA:22,1
DA:23,3
DA:36,1
DA:37,5
DA:38,0
DA:41,5
LF:7
LH:6
BRF:0
BRH:0
end_of_record
TN:
SF:src/components/elements/Constats/Constats.tsx
FN:72,(anonymous_0)
FN:76,(anonymous_1)
FN:77,(anonymous_2)
FN:78,(anonymous_3)
FN:91,(anonymous_4)
FN:93,(anonymous_5)
FNF:6
FNH:4
FNDA:2,(anonymous_0)
FNDA:1,(anonymous_1)
FNDA:1,(anonymous_2)
FNDA:1,(anonymous_3)
FNDA:0,(anonymous_4)
FNDA:0,(anonymous_5)
DA:72,1
DA:73,2
DA:74,2
DA:76,2
DA:77,1
DA:78,1
DA:79,1
DA:80,1
DA:86,0
DA:91,2
DA:92,0
DA:93,0
DA:96,0
DA:99,2
LF:14
LH:10
BRDA:72,0,0,0
BRDA:79,1,0,1
BRDA:79,1,1,0
BRDA:82,2,0,1
BRDA:82,2,1,0
BRDA:83,3,0,0
BRDA:83,3,1,1
BRDA:105,4,0,0
BRDA:105,4,1,2
BRF:9
BRH:4
end_of_record
TN:
SF:src/components/elements/Constats/ConstatsCheckboxes.tsx
FN:22,(anonymous_0)
FN:33,(anonymous_1)
FNF:2
FNH:2
FNDA:2,(anonymous_0)
FNDA:2,(anonymous_1)
DA:22,1
DA:27,2
DA:34,2
LF:3
LH:3
BRF:0
BRH:0
end_of_record
TN:
SF:src/components/elements/Constats/ConstatsVehicule.tsx
FN:48,(anonymous_0)
FN:52,(anonymous_1)
FN:56,(anonymous_2)
FNF:3
FNH:1
FNDA:0,(anonymous_0)
FNDA:0,(anonymous_1)
FNDA:4,(anonymous_2)
DA:8,1
DA:23,1
DA:48,1
DA:49,0
DA:52,1
DA:53,0
DA:56,1
DA:57,4
LF:8
LH:6
BRF:0
BRH:0
end_of_record
TN:
SF:src/components/elements/Heading/Heading.tsx
FN:49,(anonymous_0)
FNF:1
FNH:1
FNDA:7,(anonymous_0)
DA:49,3
DA:58,7
LF:2
LH:2
BRDA:50,0,0,7
BRDA:53,1,0,2
BRDA:56,2,0,6
BRDA:60,3,0,7
BRDA:60,3,1,3
BRDA:61,4,0,7
BRDA:61,4,1,3
BRDA:71,5,0,7
BRDA:71,5,1,1
BRF:9
BRH:9
end_of_record
TN:
SF:src/components/elements/Heading/theme.ts
FNF:0
FNH:0
DA:1,3
LF:1
LH:1
BRF:0
BRH:0
end_of_record
TN:
SF:src/components/elements/accordion/Accordion.tsx
FN:83,(anonymous_0)
FN:92,(anonymous_1)
FN:93,(anonymous_2)
FN:102,(anonymous_3)
FN:105,(anonymous_4)
FN:106,(anonymous_5)
FN:111,(anonymous_6)
FN:112,(anonymous_7)
FN:125,(anonymous_8)
FN:126,(anonymous_9)
FN:131,(anonymous_10)
FN:143,(anonymous_11)
FNF:12
FNH:12
FNDA:12,(anonymous_0)
FNDA:6,(anonymous_1)
FNDA:15,(anonymous_2)
FNDA:8,(anonymous_3)
FNDA:6,(anonymous_4)
FNDA:18,(anonymous_5)
FNDA:2,(anonymous_6)
FNDA:6,(anonymous_7)
FNDA:33,(anonymous_8)
FNDA:66,(anonymous_9)
FNDA:33,(anonymous_10)
FNDA:8,(anonymous_11)
DA:83,1
DA:92,12
DA:93,15
DA:102,12
DA:103,8
DA:104,8
DA:105,6
DA:106,6
DA:107,18
DA:111,2
DA:112,2
DA:113,6
DA:125,12
DA:126,66
DA:129,12
DA:132,33
DA:133,33
DA:143,8
LF:18
LH:18
BRDA:84,0,0,12
BRDA:86,1,0,1
BRDA:87,2,0,2
BRDA:88,3,0,12
BRDA:95,4,0,15
BRDA:95,4,1,15
BRDA:104,5,0,6
BRDA:104,5,1,2
BRDA:107,6,0,12
BRDA:107,6,1,6
BRDA:115,7,0,4
BRDA:115,7,1,2
BRDA:139,8,0,11
BRDA:139,8,1,22
BRDA:157,9,0,5
BRDA:157,9,1,28
BRDA:161,10,0,33
BRDA:161,10,1,0
BRDA:169,11,0,33
BRDA:169,11,1,0
BRF:20
BRH:18
end_of_record
TN:
SF:src/components/elements/accordion/theme.ts
FNF:0
FNH:0
DA:2,1
LF:1
LH:1
BRF:0
BRH:0
end_of_record
TN:
SF:src/components/elements/autocomplete/Autocomplete.tsx
FN:65,(anonymous_0)
FN:79,(anonymous_1)
FN:81,(anonymous_2)
FN:97,(anonymous_3)
FN:107,(anonymous_4)
FN:134,(anonymous_5)
FN:156,(anonymous_6)
FN:170,(anonymous_7)
FN:173,(anonymous_8)
FN:185,(anonymous_9)
FNF:10
FNH:9
FNDA:11,(anonymous_0)
FNDA:8,(anonymous_1)
FNDA:1,(anonymous_2)
FNDA:6,(anonymous_3)
FNDA:1,(anonymous_4)
FNDA:2,(anonymous_5)
FNDA:0,(anonymous_6)
FNDA:28,(anonymous_7)
FNDA:17,(anonymous_8)
FNDA:17,(anonymous_9)
DA:65,1
DA:76,11
DA:77,11
DA:80,8
DA:81,1
DA:82,1
DA:84,1
DA:85,0
DA:87,1
DA:88,1
DA:90,7
DA:95,11
DA:98,6
DA:107,11
DA:108,1
DA:109,1
DA:110,1
DA:113,11
DA:134,2
DA:156,0
DA:171,28
DA:174,17
DA:186,17
LF:23
LH:21
BRDA:67,0,0,11
BRDA:68,1,0,11
BRDA:72,2,0,11
BRDA:80,3,0,1
BRDA:80,3,1,7
BRDA:84,4,0,0
BRDA:84,4,1,1
BRDA:87,5,0,1
BRDA:87,5,1,0
BRDA:95,6,0,9
BRDA:95,6,1,2
BRDA:109,7,0,1
BRDA:109,7,1,0
BRDA:115,8,0,11
BRDA:115,8,1,0
BRDA:123,9,0,11
BRDA:123,9,1,11
BRDA:130,10,0,2
BRDA:130,10,1,9
BRDA:139,11,0,1
BRDA:139,11,1,10
BRDA:146,12,0,11
BRDA:146,12,1,11
BRDA:161,13,0,1
BRDA:161,13,1,10
BRDA:161,14,0,11
BRDA:161,14,1,1
BRDA:173,15,0,0
BRDA:176,16,0,3
BRDA:176,16,1,14
BRDA:188,17,0,3
BRDA:188,17,1,14
BRF:32
BRH:27
end_of_record
TN:
SF:src/components/elements/autocomplete/theme.ts
FNF:0
FNH:0
DA:1,1
LF:1
LH:1
BRF:0
BRH:0
end_of_record
TN:
SF:src/components/elements/avatar/Avatar.tsx
FN:44,(anonymous_0)
FNF:1
FNH:1
FNDA:4,(anonymous_0)
DA:8,2
DA:44,2
DA:54,4
DA:55,1
DA:69,3
DA:70,1
DA:87,2
LF:7
LH:7
BRDA:46,0,0,4
BRDA:47,1,0,2
BRDA:48,2,0,4
BRDA:49,3,0,4
BRDA:50,4,0,4
BRDA:54,5,0,1
BRDA:54,5,1,3
BRDA:69,6,0,1
BRDA:69,6,1,2
BRF:9
BRH:9
end_of_record
TN:
SF:src/components/elements/avatar/theme.ts
FNF:0
FNH:0
DA:1,2
LF:1
LH:1
BRF:0
BRH:0
end_of_record
TN:
SF:src/components/elements/badge/Badge.tsx
FN:65,(anonymous_0)
FNF:1
FNH:1
FNDA:17,(anonymous_0)
DA:56,11
DA:65,11
DA:75,17
DA:76,17
LF:4
LH:4
BRDA:69,0,0,3
BRDA:70,1,0,6
BRDA:72,2,0,7
BRDA:75,3,0,1
BRDA:75,3,1,16
BRDA:88,4,0,17
BRDA:88,4,1,0
BRF:7
BRH:6
end_of_record
TN:
SF:src/components/elements/badge/theme.ts
FNF:0
FNH:0
DA:1,11
LF:1
LH:1
BRF:0
BRH:0
end_of_record
TN:
SF:src/components/elements/breadcrumb/Breadcrumb.tsx
FN:60,(anonymous_0)
FN:91,(anonymous_1)
FNF:2
FNH:2
FNDA:3,(anonymous_0)
FNDA:3,(anonymous_1)
DA:60,1
DA:68,3
DA:73,3
DA:75,3
DA:92,3
LF:5
LH:5
BRDA:62,0,0,3
BRDA:63,1,0,3
BRDA:64,2,0,2
BRDA:65,3,0,3
BRDA:68,4,0,0
BRDA:68,4,1,3
BRDA:68,5,0,3
BRDA:68,5,1,1
BRDA:68,5,2,0
BRDA:70,6,0,0
BRDA:70,6,1,3
BRDA:70,7,0,3
BRDA:70,7,1,0
BRDA:78,8,0,3
BRDA:78,8,1,1
BRDA:94,9,0,1
BRDA:94,9,1,2
BRDA:94,10,0,3
BRDA:94,10,1,1
BRDA:102,11,0,3
BRDA:102,11,1,0
BRDA:104,12,0,0
BRDA:104,12,1,3
BRDA:108,13,0,0
BRDA:108,13,1,3
BRDA:122,14,0,3
BRDA:122,14,1,0
BRDA:144,15,0,0
BRDA:144,15,1,0
BRDA:146,16,0,0
BRDA:146,16,1,0
BRDA:150,17,0,0
BRDA:150,17,1,0
BRF:33
BRH:19
end_of_record
TN:
SF:src/components/elements/breadcrumb/theme.ts
FNF:0
FNH:0
DA:1,1
LF:1
LH:1
BRF:0
BRH:0
end_of_record
TN:
SF:src/components/elements/button/Button.tsx
FN:27,(anonymous_0)
FN:107,(anonymous_1)
FNF:2
FNH:2
FNDA:74,(anonymous_0)
FNDA:81,(anonymous_1)
DA:26,13
DA:31,74
DA:106,13
DA:127,81
DA:129,81
DA:130,4
DA:133,77
LF:7
LH:7
BRDA:28,0,0,0
BRDA:113,1,0,71
BRDA:114,2,0,56
BRDA:115,3,0,12
BRDA:116,4,0,69
BRDA:117,5,0,35
BRDA:121,6,0,76
BRDA:122,7,0,81
BRDA:127,8,0,7
BRDA:127,8,1,74
BRDA:129,9,0,4
BRDA:129,9,1,77
BRDA:129,10,0,81
BRDA:129,10,1,7
BRDA:141,11,0,1
BRDA:141,11,1,76
BRDA:143,12,0,77
BRDA:143,12,1,25
BRDA:144,13,0,77
BRDA:144,13,1,25
BRDA:147,14,0,74
BRDA:147,14,1,3
BRDA:148,15,0,3
BRDA:148,15,1,74
BRDA:151,16,0,77
BRDA:151,16,1,0
BRDA:157,17,0,0
BRDA:157,17,1,77
BRDA:160,18,0,1
BRDA:160,18,1,76
BRDA:164,19,0,76
BRDA:164,19,1,44
BRDA:165,20,0,76
BRDA:165,20,1,40
BRDA:170,21,0,76
BRDA:170,21,1,12
BRF:36
BRH:33
end_of_record
TN:
SF:src/components/elements/button/theme.ts
FNF:0
FNH:0
DA:1,13
LF:1
LH:1
BRF:0
BRH:0
end_of_record
TN:
SF:src/components/elements/card-image-link/CardImageLink.tsx
FN:37,(anonymous_0)
FNF:1
FNH:1
FNDA:1,(anonymous_0)
DA:37,1
DA:44,1
LF:2
LH:2
BRDA:42,0,0,1
BRDA:46,1,0,1
BRDA:46,1,1,0
BRDA:55,2,0,1
BRDA:55,2,1,0
BRF:5
BRH:3
end_of_record
TN:
SF:src/components/elements/card-profile/CardProfile.tsx
FN:31,(anonymous_0)
FNF:1
FNH:1
FNDA:1,(anonymous_0)
DA:31,1
DA:37,1
LF:2
LH:2
BRDA:47,0,0,1
BRDA:47,0,1,1
BRDA:61,1,0,1
BRDA:61,1,1,1
BRF:4
BRH:4
end_of_record
TN:
SF:src/components/elements/card-recap/CardRecap.tsx
FN:54,(anonymous_0)
FN:94,(anonymous_1)
FN:109,(anonymous_2)
FNF:3
FNH:2
FNDA:1,(anonymous_0)
FNDA:4,(anonymous_1)
FNDA:0,(anonymous_2)
DA:54,1
DA:64,1
DA:95,4
DA:110,0
LF:4
LH:3
BRDA:61,0,0,1
BRDA:76,1,0,1
BRDA:76,1,1,1
BRDA:81,2,0,1
BRDA:81,2,1,1
BRDA:90,3,0,1
BRDA:90,3,1,0
BRDA:108,4,0,1
BRDA:108,4,1,0
BRF:9
BRH:7
end_of_record
TN:
SF:src/components/elements/card-releve/CardReleve.tsx
FN:22,(anonymous_0)
FNF:1
FNH:1
FNDA:1,(anonymous_0)
DA:22,1
DA:23,1
LF:2
LH:2
BRF:0
BRH:0
end_of_record
TN:
SF:src/components/elements/card-with-icon/CardWithIcon.tsx
FN:47,(anonymous_0)
FN:80,(anonymous_1)
FNF:2
FNH:2
FNDA:1,(anonymous_0)
FNDA:4,(anonymous_1)
DA:47,1
DA:55,1
DA:81,4
LF:3
LH:3
BRDA:72,0,0,1
BRDA:72,0,1,0
BRDA:77,1,0,1
BRDA:77,1,1,1
BRF:4
BRH:3
end_of_record
TN:
SF:src/components/elements/container/Container.tsx
FN:35,(anonymous_0)
FNF:1
FNH:1
FNDA:1,(anonymous_0)
DA:35,1
DA:43,1
LF:2
LH:2
BRDA:37,0,0,1
BRDA:38,1,0,1
BRDA:39,2,0,1
BRDA:40,3,0,0
BRF:4
BRH:3
end_of_record
TN:
SF:src/components/elements/container/theme.ts
FNF:0
FNH:0
DA:1,1
DA:23,1
DA:30,1
DA:40,1
LF:4
LH:4
BRF:0
BRH:0
end_of_record
TN:
SF:src/components/elements/dropdown/Dropdown.tsx
FN:57,(anonymous_0)
FN:73,(anonymous_1)
FN:111,(anonymous_2)
FN:113,(anonymous_3)
FNF:4
FNH:2
FNDA:1,(anonymous_0)
FNDA:1,(anonymous_1)
FNDA:0,(anonymous_2)
FNDA:0,(anonymous_3)
DA:57,1
DA:65,1
DA:74,1
DA:112,0
DA:114,0
LF:5
LH:3
BRDA:62,0,0,1
BRDA:67,1,0,1
BRDA:67,1,1,1
BRDA:78,2,0,1
BRDA:78,2,1,0
BRDA:89,3,0,1
BRDA:89,3,1,1
BRDA:94,4,0,1
BRDA:94,4,1,0
BRDA:99,5,0,1
BRDA:99,5,1,0
BRDA:117,6,0,0
BRDA:117,6,1,0
BRDA:123,7,0,0
BRDA:123,7,1,0
BRF:15
BRH:8
end_of_record
TN:
SF:src/components/elements/dropdown/theme.ts
FNF:0
FNH:0
DA:1,1
LF:1
LH:1
BRF:0
BRH:0
end_of_record
TN:
SF:src/components/elements/fiche-client/FicheInfoCard.tsx
FN:50,(anonymous_0)
FN:71,(anonymous_1)
FNF:2
FNH:2
FNDA:1,(anonymous_0)
FNDA:4,(anonymous_1)
DA:50,1
DA:58,1
DA:72,4
LF:3
LH:3
BRDA:56,0,0,1
BRDA:70,1,0,1
BRDA:70,1,1,1
BRF:3
BRH:3
end_of_record
TN:
SF:src/components/elements/fiche-client/theme.ts
FNF:0
FNH:0
DA:1,1
LF:1
LH:1
BRF:0
BRH:0
end_of_record
TN:
SF:src/components/elements/form-elements/checkbox/Checkbox.tsx
FN:62,(anonymous_0)
FNF:1
FNH:1
FNDA:8,(anonymous_0)
DA:62,6
DA:74,8
LF:2
LH:2
BRDA:63,0,0,8
BRDA:81,1,0,8
BRDA:81,1,1,6
BRDA:81,1,2,6
BRDA:84,2,0,8
BRDA:84,2,1,2
BRDA:84,2,2,2
BRDA:87,3,0,8
BRDA:87,3,1,6
BRDA:87,3,2,0
BRDA:90,4,0,8
BRDA:90,4,1,2
BRDA:90,4,2,0
BRDA:93,5,0,8
BRDA:93,5,1,0
BRDA:105,6,0,8
BRDA:105,6,1,2
BRDA:112,7,0,3
BRDA:112,7,1,5
BRDA:118,8,0,3
BRDA:118,8,1,1
BRDA:119,9,0,3
BRDA:119,9,1,0
BRDA:128,10,0,8
BRDA:128,10,1,0
BRF:25
BRH:20
end_of_record
TN:
SF:src/components/elements/form-elements/checkbox/theme.ts
FNF:0
FNH:0
DA:1,6
LF:1
LH:1
BRF:0
BRH:0
end_of_record
TN:
SF:src/components/elements/form-elements/checkbox-group/CheckboxGroup.tsx
FN:51,(anonymous_0)
FN:64,(anonymous_1)
FN:66,(anonymous_2)
FN:72,(anonymous_3)
FN:84,(anonymous_4)
FN:85,(anonymous_5)
FN:96,(anonymous_6)
FNF:7
FNH:4
FNDA:1,(anonymous_0)
FNDA:0,(anonymous_1)
FNDA:0,(anonymous_2)
FNDA:0,(anonymous_3)
FNDA:3,(anonymous_4)
FNDA:3,(anonymous_5)
FNDA:3,(anonymous_6)
DA:51,1
DA:59,1
DA:64,1
DA:65,0
DA:66,0
DA:67,0
DA:68,0
DA:69,0
DA:70,0
DA:72,0
DA:73,0
DA:75,0
DA:76,0
DA:84,1
DA:85,3
DA:86,3
DA:88,3
DA:89,1
DA:91,2
DA:94,1
DA:97,3
DA:98,3
LF:22
LH:12
BRDA:54,0,0,0
BRDA:67,1,0,0
BRDA:67,1,1,0
BRDA:88,2,0,1
BRDA:88,2,1,2
BRDA:104,3,0,0
BRDA:104,3,1,3
BRF:7
BRH:3
end_of_record
TN:
SF:src/components/elements/form-elements/datePicker/DatePicker.tsx
FN:19,(anonymous_0)
FN:38,(anonymous_1)
FN:56,(anonymous_2)
FN:57,(anonymous_3)
FN:70,(anonymous_4)
FN:92,(anonymous_5)
FN:123,(anonymous_6)
FN:125,(anonymous_7)
FN:133,(anonymous_8)
FNF:9
FNH:6
FNDA:19,(anonymous_0)
FNDA:19,(anonymous_1)
FNDA:0,(anonymous_2)
FNDA:1,(anonymous_3)
FNDA:1,(anonymous_4)
FNDA:1,(anonymous_5)
FNDA:0,(anonymous_6)
FNDA:0,(anonymous_7)
FNDA:3,(anonymous_8)
DA:19,2
DA:24,19
DA:38,2
DA:52,19
DA:53,19
DA:54,19
DA:55,19
DA:56,19
DA:57,19
DA:58,1
DA:59,1
DA:60,1
DA:61,1
DA:62,1
DA:63,1
DA:64,1
DA:66,0
DA:70,19
DA:71,1
DA:72,0
DA:75,1
DA:78,1
DA:79,1
DA:83,1
DA:84,1
DA:89,1
DA:92,19
DA:93,1
DA:94,1
DA:95,1
DA:96,1
DA:98,0
DA:101,19
DA:102,19
DA:104,19
DA:123,0
DA:126,0
DA:127,0
DA:128,0
DA:129,0
DA:133,3
LF:41
LH:33
BRDA:21,0,0,0
BRDA:22,1,0,0
BRDA:24,2,0,0
BRDA:24,2,1,19
BRDA:43,3,0,17
BRDA:44,4,0,17
BRDA:45,5,0,12
BRDA:53,6,0,19
BRDA:53,6,1,0
BRDA:55,7,0,2
BRDA:55,7,1,17
BRDA:63,8,0,1
BRDA:63,8,1,0
BRDA:71,9,0,0
BRDA:71,9,1,1
BRDA:78,10,0,1
BRDA:78,10,1,0
BRDA:83,11,0,1
BRDA:83,11,1,0
BRDA:94,12,0,1
BRDA:94,12,1,0
BRDA:133,13,0,3
BRDA:133,13,1,3
BRDA:140,14,0,19
BRDA:140,14,1,4
BRF:25
BRH:16
end_of_record
TN:
SF:src/components/elements/form-elements/datePicker/DatePickerWithRange.tsx
FN:54,(anonymous_0)
FN:62,(anonymous_1)
FN:81,(anonymous_2)
FN:108,(anonymous_3)
FN:127,(anonymous_4)
FN:129,(anonymous_5)
FN:131,(anonymous_6)
FN:177,(anonymous_7)
FN:192,(anonymous_8)
FN:214,(anonymous_9)
FN:231,(anonymous_10)
FN:233,(anonymous_11)
FNF:12
FNH:9
FNDA:3,(anonymous_0)
FNDA:1,(anonymous_1)
FNDA:7,(anonymous_2)
FNDA:8,(anonymous_3)
FNDA:2,(anonymous_4)
FNDA:0,(anonymous_5)
FNDA:1,(anonymous_6)
FNDA:1,(anonymous_7)
FNDA:2,(anonymous_8)
FNDA:3,(anonymous_9)
FNDA:0,(anonymous_10)
FNDA:0,(anonymous_11)
DA:12,1
DA:54,1
DA:59,3
DA:62,1
DA:81,1
DA:88,7
DA:108,1
DA:123,8
DA:124,8
DA:125,8
DA:127,2
DA:128,8
DA:129,8
DA:131,8
DA:132,1
DA:136,1
DA:137,1
DA:139,1
DA:140,0
DA:141,0
DA:144,1
DA:145,1
DA:146,1
DA:147,1
DA:148,1
DA:149,1
DA:150,1
DA:151,1
DA:155,1
DA:159,1
DA:160,1
DA:161,1
DA:163,0
DA:164,0
DA:165,0
DA:168,0
DA:169,0
DA:172,0
DA:173,0
DA:177,8
DA:178,1
DA:179,1
DA:180,1
DA:181,0
DA:182,0
DA:183,1
DA:184,0
DA:187,0
DA:189,1
DA:192,8
DA:193,2
DA:194,0
DA:195,2
DA:196,1
DA:200,1
DA:204,8
DA:215,3
DA:216,3
DA:231,0
DA:234,0
DA:235,0
DA:236,0
DA:237,0
DA:238,0
LF:64
LH:44
BRDA:57,0,0,0
BRDA:83,1,0,0
BRDA:84,2,0,0
BRDA:88,3,0,0
BRDA:88,3,1,7
BRDA:93,4,0,3
BRDA:93,4,1,4
BRDA:93,5,0,7
BRDA:93,5,1,7
BRDA:113,6,0,5
BRDA:114,7,0,5
BRDA:115,8,0,0
BRDA:128,9,0,3
BRDA:128,9,1,5
BRDA:139,10,0,0
BRDA:139,10,1,1
BRDA:144,11,0,1
BRDA:144,11,1,0
BRDA:147,12,0,1
BRDA:147,12,1,0
BRDA:151,13,0,1
BRDA:151,13,1,0
BRDA:152,14,0,1
BRDA:152,14,1,1
BRDA:155,15,0,1
BRDA:155,15,1,0
BRDA:156,16,0,1
BRDA:156,16,1,1
BRDA:163,17,0,0
BRDA:163,17,1,0
BRDA:180,18,0,0
BRDA:180,18,1,1
BRDA:180,19,0,1
BRDA:180,19,1,0
BRDA:183,20,0,0
BRDA:183,20,1,1
BRDA:183,21,0,1
BRDA:183,21,1,0
BRDA:193,22,0,0
BRDA:193,22,1,2
BRDA:193,23,0,2
BRDA:193,23,1,1
BRDA:195,24,0,1
BRDA:195,24,1,1
BRDA:195,25,0,2
BRDA:195,25,1,1
BRDA:215,26,0,3
BRDA:215,26,1,0
BRDA:250,27,0,8
BRDA:250,27,1,3
BRDA:258,28,0,8
BRDA:258,28,1,5
BRF:52
BRH:34
end_of_record
TN:
SF:src/components/elements/form-elements/datePicker/SharedComponent.tsx
FN:12,CustomCaption
FN:18,(anonymous_1)
FN:39,(anonymous_2)
FNF:3
FNH:3
FNDA:14,CustomCaption
FNDA:2,(anonymous_1)
FNDA:2,(anonymous_2)
DA:13,14
DA:14,14
DA:18,2
DA:39,2
LF:4
LH:4
BRDA:18,0,0,2
BRDA:18,0,1,2
BRDA:39,1,0,2
BRDA:39,1,1,2
BRF:4
BRH:4
end_of_record
TN:
SF:src/components/elements/form-elements/datePicker/theme.ts
FNF:0
FNH:0
DA:1,3
LF:1
LH:1
BRF:0
BRH:0
end_of_record
TN:
SF:src/components/elements/form-elements/datePicker/types.ts
FNF:0
FNH:0
LF:0
LH:0
BRF:0
BRH:0
end_of_record
TN:
SF:src/components/elements/form-elements/datePicker/utils.ts
FN:1,(anonymous_0)
FNF:1
FNH:1
FNDA:1,(anonymous_0)
DA:1,1
DA:3,1
DA:11,1
DA:12,0
DA:14,1
DA:15,0
DA:17,1
DA:18,0
DA:20,1
DA:21,0
DA:23,1
DA:24,0
DA:26,1
LF:13
LH:8
BRDA:11,0,0,0
BRDA:11,0,1,1
BRDA:11,1,0,1
BRDA:11,1,1,1
BRDA:14,2,0,0
BRDA:14,2,1,1
BRDA:14,3,0,1
BRDA:14,3,1,1
BRDA:17,4,0,0
BRDA:17,4,1,1
BRDA:17,5,0,1
BRDA:17,5,1,1
BRDA:20,6,0,0
BRDA:20,6,1,1
BRDA:20,7,0,1
BRDA:20,7,1,1
BRDA:23,8,0,0
BRDA:23,8,1,1
BRDA:23,9,0,1
BRDA:23,9,1,1
BRF:20
BRH:15
end_of_record
TN:
SF:src/components/elements/form-elements/formSection/FormSection.tsx
FN:46,(anonymous_0)
FNF:1
FNH:1
FNDA:1,(anonymous_0)
DA:46,1
DA:55,1
LF:2
LH:2
BRDA:47,0,0,1
BRF:1
BRH:1
end_of_record
TN:
SF:src/components/elements/form-elements/formSection/theme.ts
FNF:0
FNH:0
DA:1,1
LF:1
LH:1
BRF:0
BRH:0
end_of_record
TN:
SF:src/components/elements/form-elements/input/Input.tsx
FN:57,(anonymous_0)
FNF:1
FNH:1
FNDA:115,(anonymous_0)
DA:56,8
DA:75,115
LF:2
LH:2
BRDA:60,0,0,114
BRDA:64,1,0,47
BRDA:77,2,0,115
BRDA:77,2,1,115
BRDA:77,2,2,106
BRDA:81,3,0,1
BRDA:81,3,1,114
BRDA:84,4,0,115
BRDA:84,4,1,0
BRDA:85,5,0,115
BRDA:85,5,1,0
BRDA:88,6,0,115
BRDA:88,6,1,0
BRDA:96,7,0,115
BRDA:96,7,1,1
BRDA:103,8,0,115
BRDA:103,8,1,31
BRDA:103,8,2,31
BRDA:107,9,0,115
BRDA:107,9,1,0
BRDA:115,10,0,115
BRDA:115,10,1,0
BRDA:115,10,2,0
BRF:23
BRH:17
end_of_record
TN:
SF:src/components/elements/form-elements/input/theme.ts
FNF:0
FNH:0
DA:1,8
LF:1
LH:1
BRF:0
BRH:0
end_of_record
TN:
SF:src/components/elements/form-elements/inputFile/InputFile.tsx
FN:24,(anonymous_0)
FN:41,(anonymous_1)
FN:42,(anonymous_2)
FN:48,(anonymous_3)
FN:52,(anonymous_4)
FN:56,(anonymous_5)
FN:58,(anonymous_6)
FN:62,(anonymous_7)
FN:84,(anonymous_8)
FN:93,(anonymous_9)
FN:95,(anonymous_10)
FNF:11
FNH:8
FNDA:4,(anonymous_0)
FNDA:2,(anonymous_1)
FNDA:1,(anonymous_2)
FNDA:1,(anonymous_3)
FNDA:0,(anonymous_4)
FNDA:1,(anonymous_5)
FNDA:1,(anonymous_6)
FNDA:1,(anonymous_7)
FNDA:1,(anonymous_8)
FNDA:0,(anonymous_9)
FNDA:0,(anonymous_10)
DA:23,1
DA:34,4
DA:35,4
DA:37,4
DA:40,4
DA:42,2
DA:43,1
DA:48,4
DA:49,1
DA:52,4
DA:53,0
DA:56,4
DA:57,1
DA:58,1
DA:62,4
DA:63,1
DA:64,1
DA:65,0
DA:68,1
DA:71,1
DA:72,1
DA:84,1
DA:85,1
DA:86,1
DA:87,1
DA:90,1
DA:93,4
DA:94,0
DA:96,0
DA:101,4
LF:30
LH:26
BRDA:27,0,0,4
BRDA:29,1,0,3
BRDA:64,2,0,0
BRDA:64,2,1,1
BRDA:71,3,0,1
BRDA:71,3,1,0
BRDA:113,4,0,4
BRDA:113,4,1,0
BRDA:134,5,0,4
BRDA:134,5,1,2
BRF:10
BRH:7
end_of_record
TN:
SF:src/components/elements/form-elements/inputFile/SelectedFiles.tsx
FN:26,(anonymous_0)
FN:31,(anonymous_1)
FN:32,(anonymous_2)
FN:33,(anonymous_3)
FN:40,(anonymous_4)
FN:54,(anonymous_5)
FN:65,(anonymous_6)
FN:71,(anonymous_7)
FNF:8
FNH:8
FNDA:5,(anonymous_0)
FNDA:1,(anonymous_1)
FNDA:1,(anonymous_2)
FNDA:1,(anonymous_3)
FNDA:4,(anonymous_4)
FNDA:5,(anonymous_5)
FNDA:1,(anonymous_6)
FNDA:1,(anonymous_7)
DA:26,3
DA:31,5
DA:32,1
DA:33,1
DA:34,1
DA:38,5
DA:41,4
DA:54,3
DA:65,5
DA:66,1
DA:67,1
DA:71,5
DA:72,1
DA:74,5
LF:14
LH:14
BRDA:27,0,0,5
BRDA:55,1,0,1
BRDA:66,2,0,1
BRDA:66,2,1,0
BRDA:66,3,0,1
BRDA:66,3,1,1
BRDA:72,4,0,1
BRDA:72,4,1,1
BRDA:72,4,2,1
BRDA:72,4,3,1
BRDA:78,5,0,3
BRDA:78,5,1,2
BRDA:85,6,0,0
BRDA:85,6,1,5
BRDA:102,7,0,0
BRDA:102,7,1,5
BRDA:105,8,0,5
BRDA:105,8,1,1
BRDA:121,9,0,5
BRDA:121,9,1,3
BRF:20
BRH:17
end_of_record
TN:
SF:src/components/elements/form-elements/inputFile/theme.ts
FNF:0
FNH:0
DA:1,3
LF:1
LH:1
BRF:0
BRH:0
end_of_record
TN:
SF:src/components/elements/form-elements/inputFile/types.ts
FNF:0
FNH:0
LF:0
LH:0
BRF:0
BRH:0
end_of_record
TN:
SF:src/components/elements/form-elements/inputFile/utils.ts
FN:1,(anonymous_0)
FN:2,(anonymous_1)
FN:4,(anonymous_2)
FN:7,(anonymous_3)
FN:14,(anonymous_4)
FNF:5
FNH:1
FNDA:0,(anonymous_0)
FNDA:0,(anonymous_1)
FNDA:0,(anonymous_2)
FNDA:0,(anonymous_3)
FNDA:1,(anonymous_4)
DA:1,1
DA:2,0
DA:3,0
DA:4,0
DA:5,0
DA:7,0
DA:8,0
DA:10,0
DA:14,1
DA:15,1
DA:20,1
DA:22,0
LF:12
LH:4
BRDA:15,0,0,1
BRDA:15,0,1,0
BRDA:16,1,0,1
BRDA:16,1,1,1
BRDA:16,1,2,0
BRF:5
BRH:3
end_of_record
TN:
SF:src/components/elements/form-elements/inputPassword/InputPassword.tsx
FN:9,(anonymous_0)
FN:11,(anonymous_1)
FN:12,(anonymous_2)
FNF:3
FNH:3
FNDA:4,(anonymous_0)
FNDA:2,(anonymous_1)
FNDA:2,(anonymous_2)
DA:8,1
DA:10,4
DA:11,4
DA:12,2
DA:13,2
DA:14,1
DA:17,4
LF:7
LH:7
BRDA:13,0,0,1
BRDA:13,0,1,1
BRDA:23,1,0,1
BRDA:23,1,1,3
BRF:4
BRH:4
end_of_record
TN:
SF:src/components/elements/form-elements/message-de-confirmation/MessageDeConfirmation.tsx
FN:65,(anonymous_0)
FN:137,(anonymous_1)
FN:140,(anonymous_2)
FNF:3
FNH:1
FNDA:1,(anonymous_0)
FNDA:0,(anonymous_1)
FNDA:0,(anonymous_2)
DA:65,1
DA:79,1
DA:80,1
DA:82,1
DA:138,0
DA:139,0
DA:140,0
DA:141,0
LF:8
LH:4
BRDA:70,0,0,1
BRDA:71,1,0,1
BRDA:72,2,0,1
BRDA:73,3,0,1
BRDA:74,4,0,1
BRDA:75,5,0,1
BRDA:76,6,0,1
BRDA:84,7,0,1
BRDA:84,7,1,0
BRDA:108,8,0,1
BRDA:108,8,1,0
BRDA:150,9,0,1
BRDA:150,9,1,1
BRF:13
BRH:11
end_of_record
TN:
SF:src/components/elements/form-elements/message-de-confirmation/theme.ts
FNF:0
FNH:0
DA:1,1
LF:1
LH:1
BRF:0
BRH:0
end_of_record
TN:
SF:src/components/elements/form-elements/radio/Radio.tsx
FN:48,(anonymous_0)
FNF:1
FNH:1
FNDA:4,(anonymous_0)
DA:48,3
DA:59,4
LF:2
LH:2
BRDA:49,0,0,4
BRDA:54,1,0,4
BRDA:71,2,0,4
BRDA:71,2,1,0
BRDA:71,2,2,0
BRDA:72,3,0,4
BRDA:72,3,1,4
BRDA:72,3,2,0
BRDA:73,4,0,4
BRDA:73,4,1,0
BRDA:73,4,2,0
BRDA:74,5,0,4
BRDA:74,5,1,4
BRDA:74,5,2,4
BRDA:75,6,0,4
BRDA:75,6,1,0
BRDA:78,7,0,4
BRDA:78,7,1,0
BRDA:82,8,0,0
BRDA:82,8,1,0
BRDA:92,9,0,0
BRDA:92,9,1,4
BRDA:95,10,0,4
BRDA:95,10,1,0
BRDA:96,11,0,4
BRDA:96,11,1,0
BRF:26
BRH:14
end_of_record
TN:
SF:src/components/elements/form-elements/radio/theme.ts
FNF:0
FNH:0
DA:1,3
LF:1
LH:1
BRF:0
BRH:0
end_of_record
TN:
SF:src/components/elements/form-elements/radio-choice-icon/RadioChoiceIcon.tsx
FN:63,(anonymous_0)
FNF:1
FNH:1
FNDA:2,(anonymous_0)
DA:63,2
DA:77,2
LF:2
LH:2
BRDA:64,0,0,2
BRDA:89,1,0,1
BRDA:89,1,1,1
BRDA:90,2,0,1
BRDA:90,2,1,1
BRDA:103,3,0,1
BRDA:103,3,1,1
BRDA:109,4,0,2
BRDA:109,4,1,1
BRDA:115,5,0,1
BRDA:115,5,1,0
BRDA:116,6,0,0
BRDA:116,6,1,1
BRDA:118,7,0,1
BRDA:118,7,1,1
BRF:15
BRH:13
end_of_record
TN:
SF:src/components/elements/form-elements/radio-choice-icon/theme.ts
FNF:0
FNH:0
DA:1,2
LF:1
LH:1
BRF:0
BRH:0
end_of_record
TN:
SF:src/components/elements/form-elements/radio-choice-icon-group/RadioChoiceIconGroup.tsx
FN:69,(anonymous_0)
FN:82,(anonymous_1)
FNF:2
FNH:2
FNDA:1,(anonymous_0)
FNDA:1,(anonymous_1)
DA:69,1
DA:79,1
DA:83,1
LF:3
LH:3
BRDA:91,0,0,1
BRDA:91,0,1,1
BRDA:96,1,0,1
BRDA:96,1,1,1
BRF:4
BRH:4
end_of_record
TN:
SF:src/components/elements/form-elements/radio-choice-procedure/RadioChoiceProcedure.tsx
FN:73,(anonymous_0)
FNF:1
FNH:1
FNDA:5,(anonymous_0)
DA:73,2
DA:89,5
LF:2
LH:2
BRDA:74,0,0,5
BRDA:75,1,0,1
BRDA:101,2,0,3
BRDA:101,2,1,2
BRDA:104,3,0,5
BRDA:104,3,1,1
BRDA:105,4,0,1
BRDA:105,4,1,4
BRDA:106,5,0,5
BRDA:106,5,1,2
BRDA:113,6,0,2
BRDA:113,6,1,3
BRDA:149,7,0,5
BRDA:149,7,1,2
BRDA:178,8,0,5
BRDA:178,8,1,5
BRDA:184,9,0,3
BRDA:184,9,1,2
BRDA:185,10,0,2
BRDA:185,10,1,3
BRF:20
BRH:20
end_of_record
TN:
SF:src/components/elements/form-elements/radio-choice-procedure/RadioChoiceProcedureGroup.tsx
FN:67,(anonymous_0)
FN:78,(anonymous_1)
FNF:2
FNH:2
FNDA:1,(anonymous_0)
FNDA:2,(anonymous_1)
DA:67,1
DA:74,1
DA:88,2
LF:3
LH:3
BRDA:70,0,0,1
BRDA:99,1,0,2
BRDA:99,1,1,2
BRDA:102,2,0,2
BRDA:102,2,1,2
BRF:5
BRH:5
end_of_record
TN:
SF:src/components/elements/form-elements/radio-choice-procedure/theme.ts
FNF:0
FNH:0
DA:1,2
LF:1
LH:1
BRF:0
BRH:0
end_of_record
TN:
SF:src/components/elements/form-elements/radio-group/RadioGroup.tsx
FN:69,(anonymous_0)
FN:81,(anonymous_1)
FN:86,(anonymous_2)
FN:96,(anonymous_3)
FNF:4
FNH:3
FNDA:1,(anonymous_0)
FNDA:0,(anonymous_1)
FNDA:1,(anonymous_2)
FNDA:3,(anonymous_3)
DA:69,1
DA:80,1
DA:81,1
DA:82,0
DA:83,0
DA:86,1
DA:87,1
DA:90,1
DA:97,3
LF:9
LH:7
BRDA:105,0,0,0
BRDA:105,0,1,3
BRDA:107,1,0,3
BRDA:107,1,1,0
BRDA:112,2,0,1
BRDA:112,2,1,0
BRF:6
BRH:3
end_of_record
TN:
SF:src/components/elements/form-elements/radio-html/RadioHtml.tsx
FN:35,(anonymous_0)
FNF:1
FNH:1
FNDA:24,(anonymous_0)
DA:35,12
DA:44,24
LF:2
LH:2
BRF:0
BRH:0
end_of_record
TN:
SF:src/components/elements/form-elements/radio-icon/RadioIcon.tsx
FN:58,(anonymous_0)
FNF:1
FNH:1
FNDA:4,(anonymous_0)
DA:58,2
DA:71,4
LF:2
LH:2
BRDA:59,0,0,4
BRDA:84,1,0,0
BRDA:84,1,1,4
BRDA:87,2,0,4
BRDA:87,2,1,0
BRDA:88,3,0,4
BRDA:88,3,1,0
BRDA:88,3,2,0
BRDA:89,4,0,4
BRDA:89,4,1,0
BRDA:92,5,0,4
BRDA:92,5,1,0
BRDA:94,6,0,4
BRDA:94,6,1,0
BRDA:97,7,0,0
BRDA:97,7,1,4
BRDA:100,8,0,4
BRDA:100,8,1,0
BRDA:111,9,0,0
BRDA:111,9,1,4
BRDA:114,10,0,4
BRDA:114,10,1,0
BRDA:119,11,0,4
BRDA:119,11,1,0
BRDA:124,12,0,0
BRDA:124,12,1,0
BRDA:127,13,0,0
BRDA:127,13,1,0
BRF:28
BRH:12
end_of_record
TN:
SF:src/components/elements/form-elements/radio-icon/theme.ts
FNF:0
FNH:0
DA:1,2
LF:1
LH:1
BRF:0
BRH:0
end_of_record
TN:
SF:src/components/elements/form-elements/radio-icon-group/RadioIconGroup.tsx
FN:74,(anonymous_0)
FN:89,(anonymous_1)
FNF:2
FNH:2
FNDA:1,(anonymous_0)
FNDA:3,(anonymous_1)
DA:74,1
DA:85,1
DA:90,3
LF:3
LH:3
BRDA:87,0,0,1
BRDA:87,0,1,0
BRDA:98,1,0,3
BRDA:98,1,1,0
BRDA:103,2,0,1
BRDA:103,2,1,0
BRF:6
BRH:3
end_of_record
TN:
SF:src/components/elements/form-elements/radio-image/RadioImage.tsx
FN:65,(anonymous_0)
FNF:1
FNH:1
FNDA:8,(anonymous_0)
DA:65,2
DA:77,8
LF:2
LH:2
BRDA:66,0,0,8
BRDA:67,1,0,1
BRDA:74,2,0,7
BRDA:87,3,0,3
BRDA:87,3,1,5
BRDA:90,4,0,8
BRDA:90,4,1,1
BRDA:91,5,0,3
BRDA:91,5,1,5
BRDA:98,6,0,8
BRDA:98,6,1,8
BRDA:99,7,0,1
BRDA:99,7,1,7
BRDA:100,8,0,1
BRDA:100,8,1,7
BRDA:107,9,0,3
BRDA:107,9,1,5
BRDA:110,10,0,8
BRDA:110,10,1,3
BRDA:111,11,0,8
BRDA:111,11,1,1
BRDA:120,12,0,3
BRDA:120,12,1,5
BRF:23
BRH:23
end_of_record
TN:
SF:src/components/elements/form-elements/radio-image/RadioImageGroup.tsx
FN:56,(anonymous_0)
FN:65,(anonymous_1)
FNF:2
FNH:2
FNDA:2,(anonymous_0)
FNDA:6,(anonymous_1)
DA:56,1
DA:63,2
DA:66,6
LF:3
LH:3
BRDA:59,0,0,1
BRDA:74,1,0,6
BRDA:74,1,1,6
BRF:3
BRH:3
end_of_record
TN:
SF:src/components/elements/form-elements/radio-image/theme.ts
FNF:0
FNH:0
DA:1,2
LF:1
LH:1
BRF:0
BRH:0
end_of_record
TN:
SF:src/components/elements/form-elements/range/Range.tsx
FN:35,(anonymous_0)
FN:44,(anonymous_1)
FN:51,(anonymous_2)
FN:58,(anonymous_3)
FNF:4
FNH:3
FNDA:4,(anonymous_0)
FNDA:2,(anonymous_1)
FNDA:2,(anonymous_2)
FNDA:0,(anonymous_3)
DA:35,2
DA:44,4
DA:45,2
DA:46,0
DA:48,2
DA:51,4
DA:52,2
DA:58,4
DA:59,0
DA:60,0
DA:61,0
DA:62,0
DA:63,0
DA:67,4
DA:74,4
LF:15
LH:9
BRDA:40,0,0,4
BRDA:45,1,0,0
BRDA:45,1,1,2
BRDA:62,2,0,0
BRDA:62,2,1,0
BRF:5
BRH:2
end_of_record
TN:
SF:src/components/elements/form-elements/range/theme.ts
FNF:0
FNH:0
DA:1,2
LF:1
LH:1
BRF:0
BRH:0
end_of_record
TN:
SF:src/components/elements/form-elements/range-image/RangeImage.tsx
FN:76,(anonymous_0)
FN:91,(anonymous_1)
FN:107,(anonymous_2)
FN:116,(anonymous_3)
FN:142,(anonymous_4)
FN:147,(anonymous_5)
FNF:6
FNH:3
FNDA:1,(anonymous_0)
FNDA:0,(anonymous_1)
FNDA:3,(anonymous_2)
FNDA:0,(anonymous_3)
FNDA:3,(anonymous_4)
FNDA:0,(anonymous_5)
DA:76,1
DA:89,1
DA:91,1
DA:92,0
DA:93,0
DA:96,1
DA:108,3
DA:117,0
DA:118,0
DA:143,3
DA:148,0
DA:149,0
LF:12
LH:6
BRDA:77,0,0,0
BRDA:89,1,0,1
BRDA:89,1,1,0
BRDA:98,2,0,1
BRDA:98,2,1,0
BRDA:103,3,0,0
BRDA:103,3,1,0
BRDA:114,4,0,3
BRDA:114,4,1,1
BRDA:122,5,0,3
BRDA:122,5,1,0
BRDA:156,6,0,1
BRDA:156,6,1,2
BRDA:167,7,0,1
BRDA:167,7,1,0
BRDA:167,7,2,0
BRF:16
BRH:8
end_of_record
TN:
SF:src/components/elements/form-elements/range-image/theme.ts
FNF:0
FNH:0
DA:1,1
LF:1
LH:1
BRF:0
BRH:0
end_of_record
TN:
SF:src/components/elements/form-elements/select/Select.tsx
FN:18,(anonymous_0)
FN:33,(anonymous_1)
FN:34,(anonymous_2)
FN:54,(anonymous_3)
FN:137,(anonymous_4)
FN:140,(anonymous_5)
FN:144,(anonymous_6)
FN:149,(anonymous_7)
FNF:8
FNH:8
FNDA:51,(anonymous_0)
FNDA:83,(anonymous_1)
FNDA:1,(anonymous_2)
FNDA:68,(anonymous_3)
FNDA:250,(anonymous_4)
FNDA:1,(anonymous_5)
FNDA:162,(anonymous_6)
FNDA:162,(anonymous_7)
DA:18,4
DA:33,83
DA:34,51
DA:42,51
DA:44,51
DA:55,68
DA:138,250
DA:140,1
DA:145,162
DA:150,162
LF:10
LH:10
BRDA:21,0,0,0
BRDA:22,1,0,51
BRDA:23,2,0,51
BRDA:27,3,0,51
BRDA:48,4,0,51
BRDA:48,4,1,51
BRDA:50,5,0,51
BRDA:50,5,1,8
BRDA:57,6,0,68
BRDA:57,6,1,30
BRDA:64,7,0,68
BRDA:64,7,1,0
BRDA:65,8,0,68
BRDA:65,8,1,68
BRDA:65,8,2,0
BRDA:75,9,0,55
BRDA:75,9,1,13
BRDA:78,10,0,68
BRDA:78,10,1,0
BRDA:81,11,0,68
BRDA:81,11,1,13
BRDA:84,12,0,0
BRDA:84,12,1,68
BRDA:90,13,0,0
BRDA:90,13,1,0
BRDA:93,14,0,64
BRDA:93,14,1,4
BRDA:98,15,0,64
BRDA:98,15,1,0
BRDA:99,16,0,64
BRDA:99,16,1,0
BRDA:107,17,0,4
BRDA:107,17,1,0
BRDA:129,18,0,0
BRDA:129,18,1,68
BRDA:134,19,0,0
BRDA:134,19,1,0
BRDA:146,20,0,162
BRDA:146,20,1,24
BRDA:153,21,0,162
BRDA:153,21,1,34
BRDA:163,22,0,0
BRDA:163,22,1,162
BRDA:172,23,0,162
BRDA:172,23,1,34
BRDA:194,24,0,51
BRDA:194,24,1,0
BRDA:194,24,2,0
BRF:48
BRH:32
end_of_record
TN:
SF:src/components/elements/form-elements/select/theme.ts
FNF:0
FNH:0
DA:1,4
LF:1
LH:1
BRF:0
BRH:0
end_of_record
TN:
SF:src/components/elements/form-elements/select/types.ts
FNF:0
FNH:0
LF:0
LH:0
BRF:0
BRH:0
end_of_record
TN:
SF:src/components/elements/form-elements/shock-points/ShockPoints.tsx
FN:63,(anonymous_0)
FN:75,(anonymous_1)
FN:77,(anonymous_2)
FN:85,(anonymous_3)
FN:99,(anonymous_4)
FN:100,(anonymous_5)
FN:127,(anonymous_6)
FN:184,(anonymous_7)
FNF:8
FNH:8
FNDA:3,(anonymous_0)
FNDA:2,(anonymous_1)
FNDA:2,(anonymous_2)
FNDA:1,(anonymous_3)
FNDA:26,(anonymous_4)
FNDA:9,(anonymous_5)
FNDA:24,(anonymous_6)
FNDA:24,(anonymous_7)
DA:63,1
DA:74,3
DA:75,3
DA:76,2
DA:77,2
DA:78,2
DA:79,1
DA:80,1
DA:81,1
DA:83,1
DA:85,1
DA:86,1
DA:88,1
DA:89,1
DA:91,1
DA:99,3
DA:100,26
DA:101,9
DA:103,26
DA:104,2
DA:106,24
DA:109,3
DA:128,24
DA:184,1
DA:194,24
LF:25
LH:25
BRDA:65,0,0,3
BRDA:78,1,0,1
BRDA:78,1,1,1
BRDA:80,2,0,1
BRDA:80,2,1,0
BRDA:88,3,0,1
BRDA:88,3,1,0
BRDA:103,4,0,2
BRDA:103,4,1,24
BRDA:111,5,0,3
BRDA:111,5,1,3
BRDA:138,6,0,24
BRDA:138,6,1,24
BRDA:200,7,0,1
BRDA:200,7,1,23
BRDA:201,8,0,24
BRDA:201,8,1,24
BRF:17
BRH:15
end_of_record
TN:
SF:src/components/elements/form-elements/shock-points/theme.ts
FNF:0
FNH:0
DA:1,1
LF:1
LH:1
BRF:0
BRH:0
end_of_record
TN:
SF:src/components/elements/form-elements/textarea/Textarea.tsx
FN:66,(anonymous_0)
FN:87,(anonymous_1)
FN:91,(anonymous_2)
FNF:3
FNH:2
FNDA:7,(anonymous_0)
FNDA:3,(anonymous_1)
FNDA:0,(anonymous_2)
DA:65,2
DA:85,7
DA:87,7
DA:88,3
DA:91,7
DA:92,0
DA:93,0
DA:96,7
LF:8
LH:6
BRDA:68,0,0,6
BRDA:76,1,0,6
BRDA:78,2,0,6
BRDA:92,3,0,0
BRDA:92,3,1,0
BRDA:98,4,0,7
BRDA:98,4,1,7
BRDA:104,5,0,7
BRDA:104,5,1,1
BRDA:105,6,0,7
BRDA:105,6,1,0
BRDA:106,7,0,7
BRDA:106,7,1,0
BRDA:116,8,0,7
BRDA:116,8,1,0
BRDA:116,8,2,0
BRDA:125,9,0,7
BRDA:125,9,1,0
BRF:18
BRH:11
end_of_record
TN:
SF:src/components/elements/form-elements/textarea/theme.ts
FNF:0
FNH:0
DA:1,2
LF:1
LH:1
BRF:0
BRH:0
end_of_record
TN:
SF:src/components/elements/form-elements/toggle-label/ToggleLabel.tsx
FN:37,(anonymous_0)
FN:46,(anonymous_1)
FN:53,(anonymous_2)
FN:54,(anonymous_3)
FNF:4
FNH:2
FNDA:1,(anonymous_0)
FNDA:1,(anonymous_1)
FNDA:0,(anonymous_2)
FNDA:0,(anonymous_3)
DA:37,1
DA:45,1
DA:46,1
DA:47,1
DA:53,1
DA:54,0
DA:55,0
DA:59,1
LF:8
LH:6
BRDA:38,0,0,0
BRDA:61,1,0,1
BRDA:61,1,1,0
BRDA:64,2,0,1
BRDA:64,2,1,0
BRDA:71,3,0,0
BRDA:71,3,1,1
BRF:7
BRH:3
end_of_record
TN:
SF:src/components/elements/form-elements/toggle-label/theme.ts
FNF:0
FNH:0
DA:1,1
LF:1
LH:1
BRF:0
BRH:0
end_of_record
TN:
SF:src/components/elements/icon/Icon.tsx
FN:17,(anonymous_0)
FNF:1
FNH:1
FNDA:360,(anonymous_0)
DA:3,42
DA:17,42
DA:18,360
LF:3
LH:3
BRF:0
BRH:0
end_of_record
TN:
SF:src/components/elements/image/Image.tsx
FN:34,(anonymous_0)
FNF:1
FNH:1
FNDA:34,(anonymous_0)
DA:5,15
DA:34,15
DA:35,34
LF:3
LH:3
BRDA:34,0,0,34
BRDA:34,1,0,2
BRDA:39,2,0,34
BRDA:39,2,1,0
BRF:4
BRH:3
end_of_record
TN:
SF:src/components/elements/kpi/Kpi.tsx
FN:22,(anonymous_0)
FN:85,(anonymous_1)
FNF:2
FNH:2
FNDA:1,(anonymous_0)
FNDA:1,(anonymous_1)
DA:22,1
DA:23,1
DA:85,1
DA:96,1
LF:4
LH:4
BRDA:27,0,0,1
BRDA:27,0,1,0
BRDA:31,1,0,1
BRDA:31,1,1,0
BRDA:111,2,0,1
BRDA:111,2,1,1
BRDA:111,2,2,1
BRF:7
BRH:5
end_of_record
TN:
SF:src/components/elements/label/Label.tsx
FN:28,(anonymous_0)
FNF:1
FNH:1
FNDA:143,(anonymous_0)
DA:28,13
DA:34,143
LF:2
LH:2
BRDA:29,0,0,142
BRDA:31,1,0,143
BRF:2
BRH:2
end_of_record
TN:
SF:src/components/elements/label/theme.ts
FNF:0
FNH:0
DA:1,13
LF:1
LH:1
BRF:0
BRH:0
end_of_record
TN:
SF:src/components/elements/layer/Layer.tsx
FN:82,(anonymous_0)
FN:102,(anonymous_1)
FN:112,(anonymous_2)
FN:121,(anonymous_3)
FN:128,(anonymous_4)
FN:132,(anonymous_5)
FN:135,(anonymous_6)
FN:143,(anonymous_7)
FN:145,(anonymous_8)
FN:183,(anonymous_9)
FNF:10
FNH:5
FNDA:1,(anonymous_0)
FNDA:0,(anonymous_1)
FNDA:0,(anonymous_2)
FNDA:0,(anonymous_3)
FNDA:0,(anonymous_4)
FNDA:1,(anonymous_5)
FNDA:1,(anonymous_6)
FNDA:1,(anonymous_7)
FNDA:1,(anonymous_8)
FNDA:0,(anonymous_9)
DA:82,1
DA:98,1
DA:99,1
DA:102,1
DA:103,0
DA:104,0
DA:112,1
DA:113,0
DA:114,0
DA:121,1
DA:122,0
DA:128,1
DA:129,0
DA:132,1
DA:133,1
DA:134,1
DA:135,1
DA:136,1
DA:137,1
DA:138,1
DA:143,1
DA:144,1
DA:145,1
DA:146,1
DA:151,1
DA:152,1
DA:153,1
DA:155,1
DA:184,0
LF:29
LH:22
BRDA:83,0,0,1
BRDA:84,1,0,1
BRDA:85,2,0,1
BRDA:86,3,0,1
BRDA:87,4,0,1
BRDA:88,5,0,1
BRDA:89,6,0,1
BRDA:93,7,0,1
BRDA:95,8,0,1
BRDA:103,9,0,0
BRDA:103,9,1,0
BRDA:103,10,0,0
BRDA:103,10,1,0
BRDA:113,11,0,0
BRDA:113,11,1,0
BRDA:113,12,0,0
BRDA:113,12,1,0
BRDA:113,12,2,0
BRDA:136,13,0,1
BRDA:136,13,1,0
BRDA:136,13,2,0
BRDA:144,14,0,1
BRDA:144,14,1,0
BRDA:144,14,2,0
BRDA:146,15,0,1
BRDA:146,15,1,0
BRDA:146,15,2,0
BRDA:151,16,0,1
BRDA:151,16,1,0
BRDA:152,17,0,1
BRDA:152,17,1,0
BRDA:153,18,0,1
BRDA:153,18,1,1
BRDA:157,19,0,1
BRDA:157,19,1,1
BRDA:165,20,0,1
BRDA:165,20,1,1
BRDA:166,21,0,1
BRDA:166,21,1,1
BRDA:167,22,0,1
BRDA:167,22,1,1
BRDA:175,23,0,1
BRDA:175,23,1,0
BRDA:175,23,2,0
BRDA:176,24,0,1
BRDA:176,24,1,1
BRDA:176,24,2,1
BRDA:177,25,0,1
BRDA:177,25,1,1
BRDA:177,25,2,1
BRDA:184,26,0,0
BRDA:184,26,1,0
BRDA:189,27,0,1
BRDA:189,27,1,1
BRDA:189,27,2,1
BRF:55
BRH:34
end_of_record
TN:
SF:src/components/elements/layer/theme.ts
FNF:0
FNH:0
DA:1,1
LF:1
LH:1
BRF:0
BRH:0
end_of_record
TN:
SF:src/components/elements/link/Link.tsx
FN:38,(anonymous_0)
FN:53,(anonymous_1)
FNF:2
FNH:1
FNDA:10,(anonymous_0)
FNDA:0,(anonymous_1)
DA:37,24
DA:53,10
DA:54,0
DA:55,0
DA:59,10
LF:5
LH:3
BRDA:40,0,0,0
BRDA:42,1,0,1
BRDA:43,2,0,10
BRDA:45,3,0,10
BRDA:54,4,0,0
BRDA:54,4,1,0
BRF:6
BRH:3
end_of_record
TN:
SF:src/components/elements/link/theme.ts
FNF:0
FNH:0
DA:1,24
LF:1
LH:1
BRF:0
BRH:0
end_of_record
TN:
SF:src/components/elements/notifications/Notification.tsx
FN:41,(anonymous_0)
FNF:1
FNH:1
FNDA:4,(anonymous_0)
DA:41,2
DA:49,4
DA:57,4
LF:3
LH:3
BRDA:42,0,0,0
BRDA:75,1,0,4
BRDA:75,1,1,4
BRDA:86,2,0,4
BRDA:86,2,1,4
BRDA:94,3,0,4
BRDA:94,3,1,4
BRDA:94,3,2,0
BRDA:101,4,0,0
BRDA:101,4,1,0
BRDA:108,5,0,0
BRDA:108,5,1,0
BRF:12
BRH:6
end_of_record
TN:
SF:src/components/elements/notifications/theme.ts
FNF:0
FNH:0
DA:1,2
LF:1
LH:1
BRF:0
BRH:0
end_of_record
TN:
SF:src/components/elements/popup/Popup.tsx
FN:32,(anonymous_0)
FN:36,(anonymous_1)
FNF:2
FNH:1
FNDA:3,(anonymous_0)
FNDA:0,(anonymous_1)
DA:32,2
DA:37,0
DA:42,3
LF:3
LH:2
BRDA:35,0,0,1
BRDA:36,1,0,2
BRDA:39,2,0,2
BRDA:75,3,0,3
BRDA:75,3,1,2
BRF:5
BRH:5
end_of_record
TN:
SF:src/components/elements/popup/theme.ts
FNF:0
FNH:0
DA:1,2
LF:1
LH:1
BRF:0
BRH:0
end_of_record
TN:
SF:src/components/elements/progress/Progress.tsx
FN:39,(anonymous_0)
FNF:1
FNH:1
FNDA:1,(anonymous_0)
DA:39,1
DA:47,1
DA:49,1
LF:3
LH:3
BRDA:40,0,0,1
BRDA:42,1,0,1
BRDA:43,2,0,1
BRDA:47,3,0,1
BRDA:47,3,1,0
BRDA:52,4,0,1
BRDA:52,4,1,1
BRF:7
BRH:6
end_of_record
TN:
SF:src/components/elements/progress/theme.ts
FNF:0
FNH:0
DA:1,1
LF:1
LH:1
BRF:0
BRH:0
end_of_record
TN:
SF:src/components/elements/rating/Rating.tsx
FN:30,(anonymous_0)
FNF:1
FNH:1
FNDA:1,(anonymous_0)
DA:30,1
DA:36,1
LF:2
LH:2
BRDA:32,0,0,1
BRDA:33,1,0,1
BRDA:38,2,0,1
BRDA:38,2,1,1
BRDA:42,3,0,0
BRDA:42,3,1,1
BRF:6
BRH:5
end_of_record
TN:
SF:src/components/elements/rating/theme.ts
FNF:0
FNH:0
DA:1,1
LF:1
LH:1
BRF:0
BRH:0
end_of_record
TN:
SF:src/components/elements/reclamation/ReclamationCard.tsx
FN:36,(anonymous_0)
FNF:1
FNH:1
FNDA:1,(anonymous_0)
DA:36,1
DA:44,1
LF:2
LH:2
BRDA:39,0,0,1
BRDA:40,1,0,1
BRF:2
BRH:2
end_of_record
TN:
SF:src/components/elements/reclamation/theme.ts
FNF:0
FNH:0
DA:1,1
LF:1
LH:1
BRF:0
BRH:0
end_of_record
TN:
SF:src/components/elements/steps/Steps.tsx
FN:31,(anonymous_0)
FN:58,(anonymous_1)
FN:66,(anonymous_2)
FN:99,(anonymous_3)
FNF:4
FNH:3
FNDA:3,(anonymous_0)
FNDA:12,(anonymous_1)
FNDA:0,(anonymous_2)
FNDA:3,(anonymous_3)
DA:31,1
DA:37,3
DA:59,12
DA:66,0
DA:99,1
DA:105,3
DA:107,3
LF:7
LH:6
BRDA:32,0,0,3
BRDA:34,1,0,2
BRDA:63,2,0,12
BRDA:63,2,1,1
BRDA:64,3,0,12
BRDA:64,3,1,3
BRDA:66,4,0,0
BRDA:66,4,1,0
BRDA:69,5,0,3
BRDA:69,5,1,9
BRDA:123,6,0,3
BRDA:123,6,1,0
BRDA:131,7,0,3
BRDA:131,7,1,3
BRF:14
BRH:11
end_of_record
TN:
SF:src/components/elements/steps/theme.ts
FNF:0
FNH:0
DA:1,1
LF:1
LH:1
BRF:0
BRH:0
end_of_record
TN:
SF:src/components/elements/steps/types.ts
FNF:0
FNH:0
LF:0
LH:0
BRF:0
BRH:0
end_of_record
TN:
SF:src/components/elements/table/Table.tsx
FN:170,(anonymous_0)
FN:202,(anonymous_1)
FN:214,(anonymous_2)
FN:220,(anonymous_3)
FN:226,(anonymous_4)
FN:228,(anonymous_5)
FN:240,(anonymous_6)
FN:243,(anonymous_7)
FN:250,(anonymous_8)
FN:261,(anonymous_9)
FN:269,(anonymous_10)
FN:280,(anonymous_11)
FN:293,(anonymous_12)
FN:365,(anonymous_13)
FN:367,(anonymous_14)
FN:440,(anonymous_15)
FN:446,(anonymous_16)
FNF:17
FNH:7
FNDA:1,(anonymous_0)
FNDA:1,(anonymous_1)
FNDA:5,(anonymous_2)
FNDA:0,(anonymous_3)
FNDA:0,(anonymous_4)
FNDA:0,(anonymous_5)
FNDA:0,(anonymous_6)
FNDA:0,(anonymous_7)
FNDA:0,(anonymous_8)
FNDA:0,(anonymous_9)
FNDA:0,(anonymous_10)
FNDA:0,(anonymous_11)
FNDA:0,(anonymous_12)
FNDA:1,(anonymous_13)
FNDA:5,(anonymous_14)
FNDA:4,(anonymous_15)
FNDA:20,(anonymous_16)
DA:170,1
DA:198,1
DA:199,1
DA:200,1
DA:202,1
DA:203,1
DA:204,1
DA:210,1
DA:212,1
DA:214,1
DA:215,5
DA:216,0
DA:220,1
DA:221,0
DA:224,1
DA:227,0
DA:229,0
DA:237,1
DA:238,1
DA:239,1
DA:240,1
DA:241,0
DA:243,0
DA:246,1
DA:258,0
DA:262,0
DA:277,0
DA:281,0
DA:282,0
DA:284,0
DA:294,0
DA:295,0
DA:297,0
DA:308,1
DA:334,1
DA:366,1
DA:368,5
DA:441,4
DA:447,20
DA:496,1
LF:40
LH:25
BRDA:174,0,0,0
BRDA:175,1,0,1
BRDA:176,2,0,1
BRDA:177,3,0,1
BRDA:181,4,0,1
BRDA:182,5,0,1
BRDA:183,6,0,1
BRDA:203,7,0,1
BRDA:203,7,1,0
BRDA:203,8,0,1
BRDA:203,8,1,1
BRDA:215,9,0,0
BRDA:215,9,1,5
BRDA:215,10,0,5
BRDA:215,10,1,0
BRDA:241,11,0,0
BRDA:241,11,1,0
BRDA:246,12,0,0
BRDA:246,12,1,1
BRDA:258,13,0,0
BRDA:258,13,1,0
BRDA:277,14,0,0
BRDA:277,14,1,0
BRDA:281,15,0,0
BRDA:281,15,1,0
BRDA:294,16,0,0
BRDA:294,16,1,0
BRDA:336,17,0,1
BRDA:336,17,1,0
BRDA:336,17,2,0
BRDA:336,17,3,1
BRDA:346,18,0,1
BRDA:346,18,1,0
BRDA:356,19,0,1
BRDA:356,19,1,0
BRDA:373,20,0,5
BRDA:373,20,1,4
BRDA:378,21,0,1
BRDA:378,21,1,4
BRDA:380,22,0,0
BRDA:380,22,1,1
BRDA:389,23,0,4
BRDA:389,23,1,4
BRDA:423,24,0,0
BRDA:423,24,1,4
BRDA:439,25,0,1
BRDA:439,25,1,0
BRDA:443,26,0,4
BRDA:443,26,1,0
BRDA:464,27,0,0
BRDA:464,27,1,0
BRDA:475,28,0,1
BRDA:475,28,1,1
BRF:53
BRH:28
end_of_record
TN:
SF:src/components/elements/table/TableDropDown.tsx
FN:54,(anonymous_0)
FN:66,(anonymous_1)
FN:72,(anonymous_2)
FN:89,(anonymous_3)
FN:100,(anonymous_4)
FN:134,(anonymous_5)
FN:141,(anonymous_6)
FNF:7
FNH:2
FNDA:8,(anonymous_0)
FNDA:0,(anonymous_1)
FNDA:8,(anonymous_2)
FNDA:0,(anonymous_3)
FNDA:0,(anonymous_4)
FNDA:0,(anonymous_5)
FNDA:0,(anonymous_6)
DA:54,3
DA:65,8
DA:66,8
DA:67,0
DA:70,8
DA:73,8
DA:90,0
DA:101,0
DA:102,0
DA:135,0
DA:138,0
DA:141,0
LF:12
LH:5
BRDA:62,0,0,1
BRDA:63,1,0,1
BRDA:82,2,0,8
BRDA:82,2,1,0
BRDA:88,3,0,0
BRDA:88,3,1,0
BRDA:102,4,0,0
BRDA:102,4,1,0
BRDA:119,5,0,8
BRDA:119,5,1,0
BRDA:135,6,0,0
BRDA:135,6,1,0
BRDA:139,7,0,0
BRDA:139,7,1,0
BRDA:148,8,0,0
BRDA:148,8,1,0
BRDA:148,8,2,0
BRDA:150,9,0,0
BRDA:150,9,1,0
BRF:19
BRH:4
end_of_record
TN:
SF:src/components/elements/table/TableFooter.tsx
FN:77,TableFooter
FN:98,(anonymous_1)
FN:103,(anonymous_2)
FN:122,(anonymous_3)
FN:135,(anonymous_4)
FN:148,(anonymous_5)
FN:161,(anonymous_6)
FNF:7
FNH:4
FNDA:9,TableFooter
FNDA:40,(anonymous_1)
FNDA:0,(anonymous_2)
FNDA:1,(anonymous_3)
FNDA:0,(anonymous_4)
FNDA:0,(anonymous_5)
FNDA:2,(anonymous_6)
DA:91,9
DA:98,40
DA:104,0
DA:105,0
DA:107,0
DA:123,1
DA:124,1
DA:136,0
DA:137,0
DA:149,0
DA:150,0
DA:162,2
DA:163,2
LF:13
LH:6
BRDA:79,0,0,8
BRDA:80,1,0,8
BRDA:93,2,0,9
BRDA:93,2,1,8
BRDA:104,3,0,0
BRDA:104,3,1,0
BRDA:107,4,0,0
BRDA:107,4,1,0
BRDA:115,5,0,9
BRDA:115,5,1,9
BRDA:116,6,0,9
BRDA:116,6,1,9
BRDA:124,7,0,1
BRDA:124,7,1,0
BRDA:127,8,0,0
BRDA:127,8,1,9
BRDA:137,9,0,0
BRDA:137,9,1,0
BRDA:140,10,0,0
BRDA:140,10,1,9
BRDA:150,11,0,0
BRDA:150,11,1,0
BRDA:153,12,0,0
BRDA:153,12,1,9
BRDA:163,13,0,2
BRDA:163,13,1,0
BRDA:166,14,0,0
BRDA:166,14,1,9
BRF:28
BRH:14
end_of_record
TN:
SF:src/components/elements/table/ToolBar.tsx
FN:42,ToolBar
FN:53,(anonymous_1)
FN:60,(anonymous_2)
FN:67,(anonymous_3)
FN:76,(anonymous_4)
FN:91,(anonymous_5)
FN:98,(anonymous_6)
FN:109,(anonymous_7)
FN:121,(anonymous_8)
FN:137,(anonymous_9)
FN:140,(anonymous_10)
FNF:11
FNH:6
FNDA:4,ToolBar
FNDA:3,(anonymous_1)
FNDA:3,(anonymous_2)
FNDA:3,(anonymous_3)
FNDA:0,(anonymous_4)
FNDA:0,(anonymous_5)
FNDA:3,(anonymous_6)
FNDA:0,(anonymous_7)
FNDA:0,(anonymous_8)
FNDA:20,(anonymous_9)
FNDA:0,(anonymous_10)
DA:52,4
DA:53,4
DA:54,3
DA:59,4
DA:60,4
DA:61,3
DA:66,4
DA:67,4
DA:68,3
DA:76,4
DA:77,0
DA:78,0
DA:81,4
DA:92,0
DA:99,3
DA:110,0
DA:111,0
DA:112,0
DA:114,0
DA:116,0
DA:117,0
DA:121,0
DA:138,20
DA:140,0
LF:24
LH:13
BRDA:48,0,0,4
BRDA:84,1,0,4
BRDA:84,1,1,3
BRDA:89,2,0,3
BRDA:89,2,1,3
BRDA:100,3,0,3
BRDA:100,3,1,3
BRDA:111,4,0,0
BRDA:111,4,1,0
BRDA:118,5,0,0
BRDA:118,5,1,0
BRDA:128,6,0,4
BRDA:128,6,1,4
BRDA:138,7,0,20
BRDA:138,7,1,20
BRF:15
BRH:11
end_of_record
TN:
SF:src/components/elements/table/theme.ts
FNF:0
FNH:0
DA:1,4
LF:1
LH:1
BRF:0
BRH:0
end_of_record
TN:
SF:src/components/elements/tabs_menu/TabsMenu.tsx
FN:62,(anonymous_0)
FN:83,(anonymous_1)
FN:111,(anonymous_2)
FN:121,(anonymous_3)
FN:129,(anonymous_4)
FNF:5
FNH:5
FNDA:12,(anonymous_0)
FNDA:1,(anonymous_1)
FNDA:3,(anonymous_2)
FNDA:1,(anonymous_3)
FNDA:12,(anonymous_4)
DA:62,1
DA:80,12
DA:81,12
DA:83,1
DA:111,1
DA:121,3
DA:122,1
DA:123,1
DA:127,3
DA:130,12
LF:10
LH:10
BRDA:69,0,0,0
BRDA:80,1,0,0
BRDA:80,1,1,12
BRDA:86,2,0,3
BRDA:86,2,1,9
BRDA:88,3,0,12
BRDA:88,3,1,12
BRDA:91,4,0,12
BRDA:91,4,1,12
BRDA:96,5,0,3
BRDA:96,5,1,9
BRDA:115,6,0,3
BRDA:122,7,0,1
BRDA:122,7,1,0
BRF:14
BRH:11
end_of_record
TN:
SF:src/components/elements/tabs_menu/theme.ts
FNF:0
FNH:0
DA:1,1
LF:1
LH:1
BRF:0
BRH:0
end_of_record
TN:
SF:src/components/elements/timeline/timeline-card/TimeLineCard.tsx
FN:121,(anonymous_0)
FN:227,(anonymous_1)
FN:236,(anonymous_2)
FNF:3
FNH:2
FNDA:3,(anonymous_0)
FNDA:4,(anonymous_1)
FNDA:0,(anonymous_2)
DA:104,1
DA:106,1
DA:121,1
DA:134,3
DA:136,3
DA:228,4
DA:236,0
LF:7
LH:6
BRDA:132,0,0,3
BRDA:134,1,0,0
BRDA:134,1,1,3
BRDA:141,2,0,3
BRDA:141,2,1,1
BRDA:144,3,0,1
BRDA:144,3,1,2
BRDA:144,4,0,3
BRDA:144,4,1,2
BRDA:161,5,0,3
BRDA:161,5,1,1
BRDA:162,6,0,3
BRDA:162,6,1,1
BRDA:166,7,0,3
BRDA:166,7,1,1
BRDA:173,8,0,3
BRDA:173,8,1,1
BRDA:177,9,0,3
BRDA:177,9,1,1
BRDA:177,9,2,1
BRDA:190,10,0,3
BRDA:190,10,1,1
BRDA:191,11,0,3
BRDA:191,11,1,1
BRDA:195,12,0,3
BRDA:195,12,1,2
BRDA:195,12,2,2
BRDA:205,13,0,3
BRDA:205,13,1,0
BRDA:212,14,0,3
BRDA:212,14,1,1
BRDA:217,15,0,3
BRDA:217,15,1,0
BRDA:217,15,2,0
BRDA:220,16,0,0
BRDA:220,16,1,0
BRDA:225,17,0,3
BRDA:225,17,1,2
BRDA:234,18,0,2
BRDA:234,18,1,0
BRDA:234,18,2,0
BRDA:241,19,0,3
BRDA:241,19,1,0
BRF:43
BRH:34
end_of_record
TN:
SF:src/components/elements/timeline/timeline-card/TimeLineCardDetails.tsx
FN:32,(anonymous_0)
FN:48,(anonymous_1)
FN:53,(anonymous_2)
FNF:3
FNH:1
FNDA:4,(anonymous_0)
FNDA:0,(anonymous_1)
FNDA:0,(anonymous_2)
DA:32,1
DA:39,4
DA:48,0
DA:54,0
LF:4
LH:2
BRDA:36,0,0,4
BRDA:43,1,0,4
BRDA:43,1,1,4
BRDA:43,1,2,4
BRDA:51,2,0,4
BRDA:51,2,1,0
BRF:6
BRH:5
end_of_record
TN:
SF:src/components/elements/timeline/timeline-navigation/TimeLineNavigation.tsx
FN:27,(anonymous_0)
FN:29,(anonymous_1)
FN:46,(anonymous_2)
FN:59,(anonymous_3)
FNF:4
FNH:4
FNDA:2,(anonymous_0)
FNDA:4,(anonymous_1)
FNDA:1,(anonymous_2)
FNDA:12,(anonymous_3)
DA:27,1
DA:28,2
DA:29,4
DA:31,2
DA:33,2
DA:46,1
DA:60,12
LF:7
LH:7
BRDA:31,0,0,2
BRDA:31,0,1,0
BRDA:38,1,0,2
BRDA:38,1,1,1
BRDA:44,2,0,1
BRDA:44,2,1,1
BRDA:52,3,0,1
BRDA:52,3,1,1
BRDA:61,4,0,12
BRDA:61,4,1,10
BRDA:61,4,2,4
BRDA:64,5,0,4
BRDA:64,5,1,4
BRDA:66,6,0,4
BRDA:66,6,1,2
BRDA:70,7,0,2
BRDA:70,7,1,2
BRDA:75,8,0,4
BRDA:75,8,1,2
BRDA:81,9,0,12
BRDA:81,9,1,8
BRDA:85,10,0,8
BRDA:85,10,1,6
BRDA:93,11,0,2
BRDA:93,11,1,10
BRF:25
BRH:24
end_of_record
TN:
SF:src/components/elements/toggle/Toggle.tsx
FN:36,(anonymous_0)
FN:47,(anonymous_1)
FN:52,(anonymous_2)
FNF:3
FNH:2
FNDA:4,(anonymous_0)
FNDA:0,(anonymous_1)
FNDA:4,(anonymous_2)
DA:36,2
DA:43,4
DA:47,4
DA:48,0
DA:49,0
DA:52,4
DA:53,4
DA:54,4
DA:58,4
LF:9
LH:7
BRDA:37,0,0,4
BRDA:38,1,0,4
BRDA:39,2,0,3
BRDA:41,3,0,3
BRDA:61,4,0,3
BRDA:61,4,1,1
BRDA:63,5,0,1
BRDA:63,5,1,3
BRDA:67,6,0,4
BRDA:67,6,1,1
BRDA:73,7,0,1
BRDA:73,7,1,3
BRF:12
BRH:12
end_of_record
TN:
SF:src/components/elements/toggle/theme.ts
FNF:0
FNH:0
DA:1,2
LF:1
LH:1
BRF:0
BRH:0
end_of_record
TN:
SF:src/components/elements/tooltip/Tooltip.tsx
FN:32,(anonymous_0)
FN:43,(anonymous_1)
FN:50,(anonymous_2)
FNF:3
FNH:2
FNDA:2,(anonymous_0)
FNDA:1,(anonymous_1)
FNDA:0,(anonymous_2)
DA:32,1
DA:38,2
DA:43,2
DA:44,1
DA:50,2
DA:51,0
DA:54,2
LF:7
LH:6
BRDA:34,0,0,2
BRF:1
BRH:1
end_of_record
TN:
SF:src/components/elements/tooltip/theme.ts
FNF:0
FNH:0
DA:1,1
LF:1
LH:1
BRF:0
BRH:0
end_of_record
TN:
SF:src/components/elements/typography/Text.tsx
FN:36,(anonymous_0)
FNF:1
FNH:1
FNDA:764,(anonymous_0)
DA:36,52
DA:43,764
DA:45,764
LF:3
LH:3
BRDA:37,0,0,30
BRDA:38,1,0,260
BRDA:39,2,0,142
BRDA:43,3,0,764
BRDA:43,3,1,0
BRF:5
BRH:4
end_of_record
TN:
SF:src/components/elements/typography/TitleWithIcon.tsx
FN:41,(anonymous_0)
FNF:1
FNH:1
FNDA:1,(anonymous_0)
DA:41,1
DA:49,1
LF:2
LH:2
BRDA:42,0,0,0
BRDA:44,1,0,0
BRDA:45,2,0,0
BRDA:46,3,0,0
BRDA:55,4,0,1
BRDA:55,4,1,1
BRDA:55,4,2,1
BRDA:59,5,0,1
BRDA:59,5,1,0
BRDA:59,5,2,0
BRF:10
BRH:4
end_of_record
TN:
SF:src/components/elements/typography/theme.ts
FNF:0
FNH:0
DA:1,52
LF:1
LH:1
BRF:0
BRH:0
end_of_record
TN:
SF:src/hooks/index.ts
FNF:0
FNH:0
LF:0
LH:0
BRF:0
BRH:0
end_of_record
TN:
SF:src/hooks/useAdaptiveLayout.ts
FN:22,(anonymous_0)
FN:30,(anonymous_1)
FN:31,(anonymous_2)
FN:42,(anonymous_3)
FN:69,(anonymous_4)
FN:74,(anonymous_5)
FN:75,(anonymous_6)
FN:81,(anonymous_7)
FNF:8
FNH:6
FNDA:54,(anonymous_0)
FNDA:1,(anonymous_1)
FNDA:1,(anonymous_2)
FNDA:14,(anonymous_3)
FNDA:28,(anonymous_4)
FNDA:0,(anonymous_5)
FNDA:0,(anonymous_6)
FNDA:28,(anonymous_7)
DA:22,7
DA:26,54
DA:27,54
DA:28,54
DA:30,54
DA:31,1
DA:33,54
DA:40,54
DA:42,54
DA:43,14
DA:49,14
DA:50,13
DA:52,13
DA:54,13
DA:56,13
DA:57,13
DA:59,13
DA:60,13
DA:62,0
DA:64,13
DA:65,13
DA:69,54
DA:70,28
DA:71,14
DA:73,28
DA:74,28
DA:75,0
DA:81,28
DA:84,54
LF:29
LH:27
BRDA:49,0,0,13
BRDA:49,0,1,1
BRDA:49,1,0,14
BRDA:49,1,1,13
BRDA:59,2,0,13
BRDA:59,2,1,0
BRDA:59,3,0,13
BRDA:59,3,1,0
BRDA:70,4,0,14
BRDA:70,4,1,14
BRF:10
BRH:8
end_of_record
TN:
SF:src/hooks/useCloseOnEscAndClickOutside.ts
FN:3,(anonymous_0)
FN:8,(anonymous_1)
FN:14,(anonymous_2)
FN:20,(anonymous_3)
FN:24,(anonymous_4)
FNF:5
FNH:5
FNDA:80,(anonymous_0)
FNDA:5,(anonymous_1)
FNDA:1,(anonymous_2)
FNDA:66,(anonymous_3)
FNDA:66,(anonymous_4)
DA:3,7
DA:6,80
DA:8,80
DA:9,5
DA:10,1
DA:14,80
DA:15,1
DA:16,1
DA:20,80
DA:21,66
DA:22,66
DA:24,66
DA:25,66
DA:26,66
DA:30,80
LF:15
LH:15
BRDA:9,0,0,1
BRDA:9,0,1,4
BRDA:9,1,0,5
BRDA:9,1,1,4
BRDA:15,2,0,1
BRDA:15,2,1,0
BRF:6
BRH:5
end_of_record
TN:
SF:src/hooks/useFirstMountState.ts
FN:3,useFirstMountState
FNF:1
FNH:1
FNDA:58,useFirstMountState
DA:4,58
DA:6,58
DA:7,17
DA:9,17
DA:12,41
LF:5
LH:5
BRDA:6,0,0,17
BRDA:6,0,1,41
BRF:2
BRH:2
end_of_record
TN:
SF:src/hooks/useUpdateEffect.ts
FN:9,(anonymous_0)
FN:12,(anonymous_1)
FNF:2
FNH:2
FNDA:3,(anonymous_0)
FNDA:3,(anonymous_1)
DA:9,7
DA:10,3
DA:12,3
DA:13,3
DA:14,1
LF:5
LH:5
BRDA:9,0,0,0
BRDA:13,1,0,1
BRDA:13,1,1,2
BRF:3
BRH:2
end_of_record
TN:
SF:src/utils/index.ts
FNF:0
FNH:0
LF:0
LH:0
BRF:0
BRH:0
end_of_record
TN:
SF:src/utils/vclsx.ts
FN:3,(anonymous_0)
FNF:1
FNH:1
FNDA:996,(anonymous_0)
DA:3,996
LF:1
LH:1
BRF:0
BRH:0
end_of_record
